/home/glebapika/my_python_env/lib/python3.12/site-packages/amuse/support/options.py:11: UserWarning: pkg_resources is deprecated as an API. See https://setuptools.pypa.io/en/latest/pkg_resources.html. The pkg_resources package is slated for removal as early as 2025-11-30. Refrain from using this package or pin to Setuptools<81.
  import pkg_resources
======================================================================
ARCHES CLUSTER SIMULATION WITH REALISTIC COLLISION PHYSICS AND GAS FRICTION
======================================================================

======================================================================
ЗАПУСК КАСКАДА ИЗ 19 ЦИКЛОВ
======================================================================

======================================================================
ЗАПУСК МНОГОЦИКЛИЧНОЙ СИМУЛЯЦИИ (19 циклов)
======================================================================

======================================================================
ЦИКЛ СИМУЛЯЦИИ 1/19
======================================================================
Результаты будут сохранены в: simulation_results/run_20251229_225906
Запуск симуляции...

1. BUILDING STAR POPULATION...
   Initial stars: 856
   Total mass: 25983 Msun

2. INITIALIZING CLUSTER STRUCTURE...
   Cluster radius: 0.200 pc

3. SETTING ORBITAL MOTION AROUND GALACTIC CENTER...

4. INITIALIZING PH4 FOR CLUSTER GRAVITY...
   PH4 initialized with 3 workers

5. INITIALIZING STELLAR EVOLUTION...
   Stellar evolution initialized for 856 stars

6. INITIALIZING GALACTIC POTENTIAL...

6b. INITIALIZING GAS DYNAMICAL FRICTION...
   Gas friction enabled: True
   Gas density profile: central_molecular_zone
   Drag coefficient: 1
   Coulomb logarithm: 8.0

7. SETTING UP BRIDGE INTEGRATOR WITH GAS FRICTION...
   Bridge timestep: 0.001000 Myr
   Gas friction integrated: True

8. INITIALIZING REALISTIC COLLISION HANDLER...

9. SETTING UP DIAGNOSTICS SYSTEM...

======================================================================
STARTING MAIN SIMULATION LOOP
======================================================================

Initial setup:
  Number of stars: 856
  Total mass: 25982.9 Msun

Simulation Progress:
Step | Time [Myr] | N_stars | BH | NS | WD | Merged | VMS | R_cluster [pc] | σ_v [km/s] | F_fric [km/s/Myr] | Collisions
----------------------------------------------------------------------------------------------------------------------------------
    10 |  0.0100 |     856 |  0 |  0 |  0 |      0 |   0 |   0.1573 |   6.4 |  1.645e-03 |    0
    20 |  0.0200 |     856 |  0 |  0 |  0 |      0 |   0 |   0.1557 |   6.6 |  1.678e-03 |    0
    30 |  0.0300 |     856 |  0 |  0 |  0 |      0 |   0 |   0.1554 |   6.6 |  1.648e-03 |    0
    40 |  0.0400 |     856 |  0 |  0 |  0 |      0 |   0 |   0.1593 |   6.9 |  1.647e-03 |    0
    50 |  0.0500 |     856 |  0 |  0 |  0 |      0 |   0 |   0.1647 |   6.3 |  1.621e-03 |    0
    60 |  0.0600 |     856 |  0 |  0 |  0 |      0 |   0 |   0.1539 |   6.6 |  1.658e-03 |    0
    70 |  0.0700 |     856 |  0 |  0 |  0 |      0 |   0 |   0.1564 |   6.9 |  1.643e-03 |    0
    80 |  0.0800 |     856 |  0 |  0 |  0 |      0 |   0 |   0.1614 |   6.6 |  1.599e-03 |    0
    90 |  0.0900 |     856 |  0 |  0 |  0 |      0 |   0 |   0.1588 |   6.6 |  1.623e-03 |    0
   100 |  0.1000 |     856 |  0 |  0 |  0 |      0 |   0 |   0.1549 |   7.0 |  1.622e-03 |    0
   110 |  0.1100 |     856 |  0 |  0 |  0 |      0 |   0 |   0.1604 |   6.5 |  1.626e-03 |    0
   120 |  0.1200 |     856 |  0 |  0 |  0 |      0 |   0 |   0.1655 |   6.5 |  1.605e-03 |    0
   130 |  0.1300 |     856 |  0 |  0 |  0 |      0 |   0 |   0.1601 |   6.9 |  1.608e-03 |    0
   140 |  0.1400 |     856 |  0 |  0 |  0 |      0 |   0 |   0.1597 |   6.9 |  1.574e-03 |    0
   150 |  0.1500 |     856 |  0 |  0 |  0 |      0 |   0 |   0.1668 |   6.5 |  1.588e-03 |    0
   160 |  0.1600 |     856 |  0 |  0 |  0 |      0 |   0 |   0.1568 |   6.7 |  1.575e-03 |    0
   170 |  0.1700 |     856 |  0 |  0 |  0 |      0 |   0 |   0.1617 |   6.7 |  1.536e-03 |    0
   180 |  0.1800 |     856 |  0 |  0 |  0 |      0 |   0 |   0.1614 |   7.0 |  1.556e-03 |    0
   190 |  0.1900 |     856 |  0 |  0 |  0 |      0 |   0 |   0.1563 |   6.9 |  1.539e-03 |    0
   200 |  0.2000 |     856 |  0 |  0 |  0 |      0 |   0 |   0.1548 |   6.8 |  1.547e-03 |    0
   210 |  0.2100 |     856 |  0 |  0 |  0 |      0 |   0 |   0.1537 |   6.9 |  1.511e-03 |    0
   220 |  0.2200 |     856 |  0 |  0 |  0 |      0 |   0 |   0.1619 |   6.5 |  1.520e-03 |    0
   230 |  0.2300 |     856 |  0 |  0 |  0 |      0 |   0 |   0.1548 |   6.6 |  1.494e-03 |    0
   240 |  0.2400 |     856 |  0 |  0 |  0 |      0 |   0 |   0.1544 |   7.1 |  1.490e-03 |    0
   250 |  0.2500 |     856 |  0 |  0 |  0 |      0 |   0 |   0.1581 |   6.4 |  1.478e-03 |    0
   260 |  0.2600 |     856 |  0 |  0 |  0 |      0 |   0 |   0.1593 |   7.0 |  1.484e-03 |    0
   270 |  0.2700 |     856 |  0 |  0 |  0 |      0 |   0 |   0.1597 |   6.7 |  1.453e-03 |    0
   280 |  0.2800 |     856 |  0 |  0 |  0 |      0 |   0 |   0.1612 |   6.8 |  1.446e-03 |    0
   290 |  0.2900 |     856 |  0 |  0 |  0 |      0 |   0 |   0.1626 |   6.9 |  1.455e-03 |    0
   300 |  0.3000 |     856 |  0 |  0 |  0 |      0 |   0 |   0.1610 |   7.0 |  1.422e-03 |    0
   310 |  0.3100 |     856 |  0 |  0 |  0 |      0 |   0 |   0.1608 |   6.8 |  1.412e-03 |    0
   320 |  0.3200 |     856 |  0 |  0 |  0 |      0 |   0 |   0.1627 |   6.6 |  1.400e-03 |    0
   330 |  0.3300 |     856 |  0 |  0 |  0 |      0 |   0 |   0.1686 |   6.7 |  1.418e-03 |    0
   340 |  0.3400 |     856 |  0 |  0 |  0 |      0 |   0 |   0.1613 |   7.0 |  1.400e-03 |    0
   350 |  0.3500 |     856 |  0 |  0 |  0 |      0 |   0 |   0.1582 |   6.7 |  1.358e-03 |    0
   360 |  0.3600 |     856 |  0 |  0 |  0 |      0 |   0 |   0.1576 |   6.8 |  1.362e-03 |    0
   370 |  0.3700 |     856 |  0 |  0 |  0 |      0 |   0 |   0.1576 |   6.7 |  1.325e-03 |    0
   380 |  0.3800 |     856 |  0 |  0 |  0 |      0 |   0 |   0.1546 |   7.2 |  1.325e-03 |    0
   390 |  0.3900 |     856 |  0 |  0 |  0 |      0 |   0 |   0.1652 |   6.4 |  1.342e-03 |    0
   400 |  0.4000 |     856 |  0 |  0 |  0 |      0 |   0 |   0.1633 |   6.9 |  1.314e-03 |    0
   410 |  0.4100 |     856 |  0 |  0 |  0 |      0 |   0 |   0.1611 |   6.7 |  1.313e-03 |    0
   420 |  0.4200 |     856 |  0 |  0 |  0 |      0 |   0 |   0.1676 |   6.9 |  1.287e-03 |    0
   430 |  0.4300 |     856 |  0 |  0 |  0 |      0 |   0 |   0.1693 |   6.8 |  1.271e-03 |    0
   440 |  0.4400 |     856 |  0 |  0 |  0 |      0 |   0 |   0.1603 |   7.1 |  1.265e-03 |    0
   450 |  0.4500 |     856 |  0 |  0 |  0 |      0 |   0 |   0.1499 |   7.3 |  1.272e-03 |    0
   460 |  0.4600 |     856 |  0 |  0 |  0 |      0 |   0 |   0.1555 |   6.9 |  1.228e-03 |    0
   470 |  0.4700 |     856 |  0 |  0 |  0 |      0 |   0 |   0.1687 |   6.6 |  1.231e-03 |    0
   480 |  0.4800 |     856 |  0 |  0 |  0 |      0 |   0 |   0.1603 |   6.9 |  1.229e-03 |    0
   490 |  0.4900 |     856 |  0 |  0 |  0 |      0 |   0 |   0.1578 |   6.9 |  1.218e-03 |    0
   500 |  0.5000 |     856 |  0 |  0 |  0 |      0 |   0 |   0.1617 |   6.9 |  1.199e-03 |    0
   510 |  0.5100 |     856 |  0 |  0 |  0 |      0 |   0 |   0.1613 |   6.8 |  1.200e-03 |    0
   520 |  0.5200 |     856 |  0 |  0 |  0 |      0 |   0 |   0.1615 |   7.1 |  1.168e-03 |    0
   530 |  0.5300 |     856 |  0 |  0 |  0 |      0 |   0 |   0.1553 |   7.1 |  1.158e-03 |    0
   540 |  0.5400 |     856 |  0 |  0 |  0 |      0 |   0 |   0.1581 |   6.9 |  1.148e-03 |    0
   550 |  0.5500 |     856 |  0 |  0 |  0 |      0 |   0 |   0.1574 |   6.9 |  1.133e-03 |    0
   560 |  0.5600 |     856 |  0 |  0 |  0 |      0 |   0 |   0.1596 |   6.7 |  1.107e-03 |    0
   570 |  0.5700 |     856 |  0 |  0 |  0 |      0 |   0 |   0.1546 |   7.1 |  1.095e-03 |    0
   580 |  0.5800 |     856 |  0 |  0 |  0 |      0 |   0 |   0.1617 |   6.7 |  1.076e-03 |    0
   590 |  0.5900 |     856 |  0 |  0 |  0 |      0 |   0 |   0.1619 |   6.9 |  1.072e-03 |    0
   600 |  0.6000 |     856 |  0 |  0 |  0 |      0 |   0 |   0.1506 |   7.1 |  1.070e-03 |    0
   610 |  0.6100 |     856 |  0 |  0 |  0 |      0 |   0 |   0.1620 |   6.9 |  1.048e-03 |    0
   620 |  0.6200 |     856 |  0 |  0 |  0 |      0 |   0 |   0.1671 |   6.9 |  1.030e-03 |    0
   630 |  0.6300 |     856 |  0 |  0 |  0 |      0 |   0 |   0.1605 |   7.1 |  1.016e-03 |    0
   640 |  0.6400 |     856 |  0 |  0 |  0 |      0 |   0 |   0.1566 |   7.0 |  1.011e-03 |    0
   650 |  0.6500 |     856 |  0 |  0 |  0 |      0 |   0 |   0.1704 |   6.8 |  9.873e-04 |    0
   660 |  0.6600 |     856 |  0 |  0 |  0 |      0 |   0 |   0.1668 |   6.8 |  9.879e-04 |    0
   670 |  0.6700 |     856 |  0 |  0 |  0 |      0 |   0 |   0.1612 |   7.3 |  9.784e-04 |    0
   680 |  0.6800 |     856 |  0 |  0 |  0 |      0 |   0 |   0.1613 |   6.9 |  9.577e-04 |    0
   690 |  0.6900 |     856 |  0 |  0 |  0 |      0 |   0 |   0.1625 |   7.2 |  9.354e-04 |    0
   700 |  0.7000 |     856 |  0 |  0 |  0 |      0 |   0 |   0.1585 |   6.9 |  9.241e-04 |    0
   710 |  0.7100 |     856 |  0 |  0 |  0 |      0 |   0 |   0.1621 |   7.1 |  9.236e-04 |    0
   720 |  0.7200 |     856 |  0 |  0 |  0 |      0 |   0 |   0.1598 |   7.2 |  8.989e-04 |    0
   730 |  0.7300 |     856 |  0 |  0 |  0 |      0 |   0 |   0.1639 |   7.1 |  8.958e-04 |    0
   740 |  0.7400 |     856 |  0 |  0 |  0 |      0 |   0 |   0.1622 |   7.2 |  8.841e-04 |    0
   750 |  0.7500 |     856 |  0 |  0 |  0 |      0 |   0 |   0.1649 |   6.9 |  8.697e-04 |    0
   760 |  0.7600 |     856 |  0 |  0 |  0 |      0 |   0 |   0.1605 |   7.0 |  8.637e-04 |    0
   770 |  0.7700 |     856 |  0 |  0 |  0 |      0 |   0 |   0.1619 |   6.9 |  8.452e-04 |    0
   780 |  0.7800 |     856 |  0 |  0 |  0 |      0 |   0 |   0.1618 |   7.4 |  8.377e-04 |    0
   790 |  0.7900 |     856 |  0 |  0 |  0 |      0 |   0 |   0.1660 |   7.2 |  8.177e-04 |    0
   800 |  0.8000 |     856 |  0 |  0 |  0 |      0 |   0 |   0.1622 |   7.0 |  8.167e-04 |    0
   810 |  0.8100 |     856 |  0 |  0 |  0 |      0 |   0 |   0.1599 |   7.2 |  8.011e-04 |    0
   820 |  0.8200 |     856 |  0 |  0 |  0 |      0 |   0 |   0.1702 |   7.0 |  7.743e-04 |    0
   830 |  0.8300 |     856 |  0 |  0 |  0 |      0 |   0 |   0.1772 |   7.1 |  7.790e-04 |    0
   840 |  0.8400 |     856 |  0 |  0 |  0 |      0 |   0 |   0.1679 |   7.1 |  7.708e-04 |    0
   850 |  0.8500 |     856 |  0 |  0 |  0 |      0 |   0 |   0.1654 |   7.2 |  7.522e-04 |    0
   860 |  0.8600 |     856 |  0 |  0 |  0 |      0 |   0 |   0.1717 |   7.2 |  7.531e-04 |    0
   870 |  0.8700 |     856 |  0 |  0 |  0 |      0 |   0 |   0.1759 |   6.9 |  7.514e-04 |    0
   880 |  0.8800 |     856 |  0 |  0 |  0 |      0 |   0 |   0.1589 |   7.2 |  7.230e-04 |    0
   890 |  0.8900 |     856 |  0 |  0 |  0 |      0 |   0 |   0.1625 |   7.6 |  7.245e-04 |    0
[COLLISION] Detected 1 collision pairs
[COLLISION #1] Primary: O5.5-6 la(72.2M☉) + Secondary: Unclassified(30.4M☉) | q=0.421 → Merged Star(67.3M☉) | retain=0.656 (H=0.70), bh_prob=0.141
[INFO] Processed 1 collisions. Total stars: 855
   895 |  0.8950 |     855 |  0 |  0 |  0 |      1 |   0 |   0.1561 |   7.3 |  7.215e-04 |    1
   900 |  0.9000 |     855 |  0 |  0 |  0 |      1 |   0 |   0.1619 |   7.3 |  7.284e-04 |    1
   910 |  0.9100 |     855 |  0 |  0 |  0 |      1 |   0 |   0.1726 |   6.9 |  7.160e-04 |    1
   920 |  0.9200 |     855 |  0 |  0 |  0 |      1 |   0 |   0.1796 |   7.0 |  6.767e-04 |    1
   930 |  0.9300 |     855 |  0 |  0 |  0 |      1 |   0 |   0.1662 |   7.3 |  6.853e-04 |    1
   940 |  0.9400 |     855 |  0 |  0 |  0 |      1 |   0 |   0.1731 |   7.1 |  6.821e-04 |    1
   950 |  0.9500 |     855 |  0 |  0 |  0 |      1 |   0 |   0.1717 |   7.4 |  6.678e-04 |    1
   960 |  0.9600 |     855 |  0 |  0 |  0 |      1 |   0 |   0.1663 |   7.0 |  6.568e-04 |    1
[COLLISION] Detected 1 collision pairs
[COLLISION #2] Primary: O6-6.5 III(65.7M☉) + Secondary: Unclassified(30.4M☉) | q=0.462 → Merged Star(62.9M☉) | retain=0.655 (H=0.70), bh_prob=0.103
[INFO] Processed 1 collisions. Total stars: 854
   967 |  0.9670 |     854 |  0 |  0 |  0 |      2 |   0 |   0.1640 |   7.5 |  6.618e-04 |    2
   970 |  0.9700 |     854 |  0 |  0 |  0 |      2 |   0 |   0.1678 |   7.4 |  6.442e-04 |    2
   980 |  0.9800 |     854 |  0 |  0 |  0 |      2 |   0 |   0.1720 |   7.1 |  6.498e-04 |    2
[COLLISION] Detected 1 collision pairs
[COLLISION #3] Primary: O5.5-6 la(72.2M☉) + Secondary: Merged(67.3M☉) | q=0.932 → Black Hole(90.4M☉) | retain=0.648 (H=0.70), bh_prob=0.150
[INFO] Processed 1 collisions. Total stars: 853
   981 |  0.9810 |     853 |  1 |  0 |  0 |      1 |   0 |   0.1723 |   7.1 |  6.465e-04 |    3
   990 |  0.9900 |     853 |  1 |  0 |  0 |      1 |   0 |   0.1603 |   7.2 |  6.366e-04 |    3
  1000 |  1.0000 |     853 |  1 |  0 |  0 |      1 |   0 |   0.1772 |   7.1 |  6.271e-04 |    3
  1010 |  1.0100 |     853 |  1 |  0 |  0 |      1 |   0 |   0.1795 |   7.1 |  6.211e-04 |    3
  1020 |  1.0200 |     853 |  1 |  0 |  0 |      1 |   0 |   0.1798 |   7.1 |  6.148e-04 |    3
[COLLISION] Detected 1 collision pairs
[COLLISION #4] Primary: Unclassified(30.4M☉) + Secondary: Unclassified(30.4M☉) | q=1.000 → Merged Star(28.1M☉) | retain=0.463 (H=0.50), bh_prob=0.100
[INFO] Processed 1 collisions. Total stars: 852
  1027 |  1.0270 |     852 |  1 |  0 |  0 |      2 |   0 |   0.1868 |   6.7 |  5.985e-04 |    4
  1030 |  1.0300 |     852 |  1 |  0 |  0 |      2 |   0 |   0.1853 |   7.1 |  5.989e-04 |    4
  1040 |  1.0400 |     852 |  1 |  0 |  0 |      2 |   0 |   0.1836 |   7.6 |  6.059e-04 |    4
  1050 |  1.0500 |     852 |  1 |  0 |  0 |      2 |   0 |   0.1774 |   7.1 |  5.970e-04 |    4
  1060 |  1.0600 |     852 |  1 |  0 |  0 |      2 |   0 |   0.1797 |   7.1 |  5.845e-04 |    4
  1070 |  1.0700 |     852 |  1 |  0 |  0 |      2 |   0 |   0.1863 |   7.2 |  5.786e-04 |    4
  1080 |  1.0800 |     852 |  1 |  0 |  0 |      2 |   0 |   0.1723 |   7.4 |  5.816e-04 |    4
[COLLISION] Detected 1 collision pairs
[COLLISION #5] Primary: O5.5-6 la(72.2M☉) + Secondary: Merged(28.1M☉) | q=0.389 → Black Hole(66.0M☉) | retain=0.658 (H=0.70), bh_prob=0.139
[INFO] Processed 1 collisions. Total stars: 851
  1087 |  1.0870 |     851 |  2 |  0 |  0 |      1 |   0 |   0.1676 |   7.6 |  5.699e-04 |    5
  1090 |  1.0900 |     851 |  2 |  0 |  0 |      1 |   0 |   0.1737 |   7.4 |  5.674e-04 |    5
[COLLISION] Detected 1 collision pairs
[COLLISION #6] Primary: Unclassified(30.4M☉) + Secondary: Unclassified(30.4M☉) | q=1.000 → Merged Star(28.1M☉) | retain=0.463 (H=0.50), bh_prob=0.100
[INFO] Processed 1 collisions. Total stars: 850
  1091 |  1.0910 |     850 |  2 |  0 |  0 |      2 |   0 |   0.1765 |   7.4 |  5.653e-04 |    6
  1100 |  1.1000 |     850 |  2 |  0 |  0 |      2 |   0 |   0.1831 |   6.9 |  5.577e-04 |    6
[COLLISION] Detected 1 collision pairs
[BH COLLISION #7] BH(90.4M☉) + O7-8 la+(63.7M☉) → BH(154.1M☉) | retain=1.000, bh_prob=1.000
[INFO] Processed 1 collisions. Total stars: 849
  1110 |  1.1100 |     849 |  2 |  0 |  0 |      2 |   0 |   0.1774 |   7.3 |  5.526e-04 |    7
  1120 |  1.1200 |     849 |  2 |  0 |  0 |      2 |   0 |   0.1847 |   7.1 |  5.534e-04 |    7
  1130 |  1.1300 |     849 |  2 |  0 |  0 |      2 |   0 |   0.1823 |   7.1 |  5.556e-04 |    7
  1140 |  1.1400 |     849 |  2 |  0 |  0 |      2 |   0 |   0.1869 |   6.9 |  5.462e-04 |    7
  1150 |  1.1500 |     849 |  2 |  0 |  0 |      2 |   0 |   0.1845 |   7.1 |  5.480e-04 |    7
  1160 |  1.1600 |     849 |  2 |  0 |  0 |      2 |   0 |   0.1850 |   7.2 |  5.363e-04 |    7
  1170 |  1.1700 |     849 |  2 |  0 |  0 |      2 |   0 |   0.1823 |   7.2 |  5.325e-04 |    7
  1180 |  1.1800 |     849 |  2 |  0 |  0 |      2 |   0 |   0.1792 |   7.2 |  5.221e-04 |    7
  1190 |  1.1900 |     849 |  2 |  0 |  0 |      2 |   0 |   0.1773 |   6.9 |  5.222e-04 |    7
  1200 |  1.2000 |     849 |  2 |  0 |  0 |      2 |   0 |   0.1821 |   7.3 |  5.214e-04 |    7
  1210 |  1.2100 |     849 |  2 |  0 |  0 |      2 |   0 |   0.1839 |   7.0 |  5.154e-04 |    7
  1220 |  1.2200 |     849 |  2 |  0 |  0 |      2 |   0 |   0.1778 |   7.2 |  5.112e-04 |    7
  1230 |  1.2300 |     849 |  2 |  0 |  0 |      2 |   0 |   0.1807 |   6.9 |  5.019e-04 |    7
  1240 |  1.2400 |     849 |  2 |  0 |  0 |      2 |   0 |   0.1768 |   7.4 |  5.055e-04 |    7
  1250 |  1.2500 |     849 |  2 |  0 |  0 |      2 |   0 |   0.1762 |   6.9 |  5.208e-04 |    7
  1260 |  1.2600 |     849 |  2 |  0 |  0 |      2 |   0 |   0.1777 |   7.0 |  4.945e-04 |    7
  1270 |  1.2700 |     849 |  2 |  0 |  0 |      2 |   0 |   0.1740 |   7.2 |  4.949e-04 |    7
  1280 |  1.2800 |     849 |  2 |  0 |  0 |      2 |   0 |   0.1749 |   7.7 |  4.867e-04 |    7
  1290 |  1.2900 |     849 |  2 |  0 |  0 |      2 |   0 |   0.1930 |   6.9 |  4.827e-04 |    7
  1300 |  1.3000 |     849 |  2 |  0 |  0 |      2 |   0 |   0.1901 |   7.2 |  4.922e-04 |    7
  1310 |  1.3100 |     849 |  2 |  0 |  0 |      2 |   0 |   0.1934 |   7.8 |  4.883e-04 |    7
  1320 |  1.3200 |     849 |  2 |  0 |  0 |      2 |   0 |   0.1906 |   7.1 |  4.775e-04 |    7
  1330 |  1.3300 |     849 |  2 |  0 |  0 |      2 |   0 |   0.1852 |   7.1 |  4.716e-04 |    7
  1340 |  1.3400 |     849 |  2 |  0 |  0 |      2 |   0 |   0.1813 |   7.5 |  4.725e-04 |    7
[COLLISION] Detected 1 collision pairs
[BH COLLISION #8] BH(154.1M☉) + Unclassified(30.4M☉) → BH(184.5M☉) | retain=1.000, bh_prob=1.000
[INFO] Processed 1 collisions. Total stars: 848
  1343 |  1.3430 |     848 |  2 |  0 |  0 |      2 |   0 |   0.1855 |   7.2 |  4.720e-04 |    8
  1350 |  1.3500 |     848 |  2 |  0 |  0 |      2 |   0 |   0.1881 |   7.1 |  4.700e-04 |    8
  1360 |  1.3600 |     848 |  2 |  0 |  0 |      2 |   0 |   0.2006 |   7.7 |  4.652e-04 |    8
  1370 |  1.3700 |     848 |  2 |  0 |  0 |      2 |   0 |   0.2049 |   7.6 |  4.771e-04 |    8
  1380 |  1.3800 |     848 |  2 |  0 |  0 |      2 |   0 |   0.1989 |   8.0 |  4.580e-04 |    8
[COLLISION] Detected 1 collision pairs
[BH COLLISION #9] BH(184.5M☉) + O7-8 III-V(56.7M☉) → BH(241.2M☉) | retain=1.000, bh_prob=1.000
[INFO] Processed 1 collisions. Total stars: 847
  1385 |  1.3850 |     847 |  2 |  0 |  0 |      2 |   0 |   0.1972 |   7.9 |  4.612e-04 |    9
  1390 |  1.3900 |     847 |  2 |  0 |  0 |      2 |   0 |   0.1879 |   7.8 |  4.729e-04 |    9
  1400 |  1.4000 |     847 |  2 |  0 |  0 |      2 |   0 |   0.1901 |   8.2 |  4.694e-04 |    9
[COLLISION] Detected 1 collision pairs
[COLLISION #10] Primary: Unclassified(30.4M☉) + Secondary: Unclassified(30.4M☉) | q=1.000 → Merged Star(28.1M☉) | retain=0.463 (H=0.50), bh_prob=0.100
[INFO] Processed 1 collisions. Total stars: 846
  1406 |  1.4060 |     846 |  2 |  0 |  0 |      3 |   0 |   0.1895 |   7.9 |  4.724e-04 |   10
  1410 |  1.4100 |     846 |  2 |  0 |  0 |      3 |   0 |   0.1904 |   7.3 |  4.730e-04 |   10
  1420 |  1.4200 |     846 |  2 |  0 |  0 |      3 |   0 |   0.1985 |   7.4 |  4.625e-04 |   10
  1430 |  1.4300 |     846 |  2 |  0 |  0 |      3 |   0 |   0.1986 |   7.5 |  4.743e-04 |   10
[COLLISION] Detected 1 collision pairs
[BH COLLISION #11] BH(241.2M☉) + Merged(28.1M☉) → BH(269.3M☉) | retain=1.000, bh_prob=1.000
[INFO] Processed 1 collisions. Total stars: 845
  1433 |  1.4330 |     845 |  2 |  0 |  0 |      2 |   0 |   0.1983 |   7.3 |  4.664e-04 |   11
  1440 |  1.4400 |     845 |  2 |  0 |  0 |      2 |   0 |   0.1978 |   7.6 |  4.638e-04 |   11
  1450 |  1.4500 |     845 |  2 |  0 |  0 |      2 |   0 |   0.1989 |   7.6 |  4.516e-04 |   11
  1460 |  1.4600 |     845 |  2 |  0 |  0 |      2 |   0 |   0.2002 |   7.5 |  4.503e-04 |   11
  1470 |  1.4700 |     845 |  2 |  0 |  0 |      2 |   0 |   0.1983 |   7.6 |  4.582e-04 |   11
  1480 |  1.4800 |     845 |  2 |  0 |  0 |      2 |   0 |   0.2014 |   7.4 |  4.595e-04 |   11
  1490 |  1.4900 |     845 |  2 |  0 |  0 |      2 |   0 |   0.1949 |   7.8 |  4.554e-04 |   11
  1500 |  1.5000 |     845 |  2 |  0 |  0 |      2 |   0 |   0.1962 |   7.4 |  4.569e-04 |   11
  1510 |  1.5100 |     845 |  2 |  0 |  0 |      2 |   0 |   0.2005 |   7.4 |  4.577e-04 |   11
  1520 |  1.5200 |     845 |  2 |  0 |  0 |      2 |   0 |   0.2095 |   7.4 |  4.447e-04 |   11
[COLLISION] Detected 1 collision pairs
[BH COLLISION #12] BH(269.3M☉) + O5-6 V(29.5M☉) → BH(298.8M☉) | retain=1.000, bh_prob=1.000
[INFO] Processed 1 collisions. Total stars: 844
  1522 |  1.5220 |     844 |  2 |  0 |  0 |      2 |   0 |   0.2013 |   7.2 |  4.424e-04 |   12
[COLLISION] Detected 1 collision pairs
[BH COLLISION #13] BH(298.8M☉) + Unclassified(30.4M☉) → BH(329.2M☉) | retain=1.000, bh_prob=1.000
[INFO] Processed 1 collisions. Total stars: 843
  1525 |  1.5250 |     843 |  2 |  0 |  0 |      2 |   0 |   0.2017 |   8.3 |  4.557e-04 |   13
  1530 |  1.5300 |     843 |  2 |  0 |  0 |      2 |   0 |   0.1936 |   7.7 |  4.706e-04 |   13
[COLLISION] Detected 1 collision pairs
[BH COLLISION #14] BH(329.2M☉) + Unclassified(30.4M☉) → BH(359.6M☉) | retain=1.000, bh_prob=1.000
[INFO] Processed 1 collisions. Total stars: 842
  1531 |  1.5310 |     842 |  2 |  0 |  0 |      2 |   0 |   0.1933 |   7.4 |  4.607e-04 |   14
  1540 |  1.5400 |     842 |  2 |  0 |  0 |      2 |   0 |   0.1882 |   7.8 |  4.628e-04 |   14
  1550 |  1.5500 |     842 |  2 |  0 |  0 |      2 |   0 |   0.1987 |   7.6 |  4.646e-04 |   14
  1560 |  1.5600 |     842 |  2 |  0 |  0 |      2 |   0 |   0.2043 |   7.3 |  4.643e-04 |   14
  1570 |  1.5700 |     842 |  2 |  0 |  0 |      2 |   0 |   0.2081 |   7.5 |  4.518e-04 |   14
  1580 |  1.5800 |     842 |  2 |  0 |  0 |      2 |   0 |   0.2005 |   7.3 |  4.465e-04 |   14
  1590 |  1.5900 |     842 |  2 |  0 |  0 |      2 |   0 |   0.1975 |   8.1 |  4.633e-04 |   14
  1600 |  1.6000 |     842 |  2 |  0 |  0 |      2 |   0 |   0.2080 |   7.3 |  4.531e-04 |   14
[COLLISION] Detected 1 collision pairs
[BH COLLISION #15] BH(359.6M☉) + O7-8 la+(63.7M☉) → BH(423.3M☉) | retain=1.000, bh_prob=1.000
[INFO] Processed 1 collisions. Total stars: 841
  1602 |  1.6020 |     841 |  2 |  0 |  0 |      2 |   0 |   0.2094 |   7.2 |  4.526e-04 |   15
  1610 |  1.6100 |     841 |  2 |  0 |  0 |      2 |   0 |   0.2104 |   7.2 |  4.702e-04 |   15
  1620 |  1.6200 |     841 |  2 |  0 |  0 |      2 |   0 |   0.2066 |   7.2 |  4.737e-04 |   15
  1630 |  1.6300 |     841 |  2 |  0 |  0 |      2 |   0 |   0.2004 |   7.7 |  4.700e-04 |   15
  1640 |  1.6400 |     841 |  2 |  0 |  0 |      2 |   0 |   0.2114 |   7.4 |  4.692e-04 |   15
  1650 |  1.6500 |     841 |  2 |  0 |  0 |      2 |   0 |   0.2134 |   7.2 |  4.629e-04 |   15
  1660 |  1.6600 |     841 |  2 |  0 |  0 |      2 |   0 |   0.2169 |   7.3 |  4.460e-04 |   15
  1670 |  1.6700 |     841 |  2 |  0 |  0 |      2 |   0 |   0.2154 |   7.2 |  4.718e-04 |   15
  1680 |  1.6800 |     841 |  2 |  0 |  0 |      2 |   0 |   0.2210 |   7.8 |  4.515e-04 |   15
  1690 |  1.6900 |     841 |  2 |  0 |  0 |      2 |   0 |   0.2245 |   7.3 |  4.650e-04 |   15
  1700 |  1.7000 |     841 |  2 |  0 |  0 |      2 |   0 |   0.2248 |   8.4 |  4.630e-04 |   15
  1710 |  1.7100 |     841 |  2 |  0 |  0 |      2 |   0 |   0.2327 |   7.4 |  4.705e-04 |   15
  1720 |  1.7200 |     841 |  2 |  0 |  0 |      2 |   0 |   0.2255 |   8.4 |  4.619e-04 |   15
  1730 |  1.7300 |     841 |  2 |  0 |  0 |      2 |   0 |   0.2279 |   6.9 |  4.473e-04 |   15
  1740 |  1.7400 |     841 |  2 |  0 |  0 |      2 |   0 |   0.2285 |   7.3 |  4.506e-04 |   15
  1750 |  1.7500 |     841 |  2 |  0 |  0 |      2 |   0 |   0.2262 |   7.9 |  4.726e-04 |   15
  1760 |  1.7600 |     841 |  2 |  0 |  0 |      2 |   0 |   0.2290 |   7.0 |  4.725e-04 |   15
  1770 |  1.7700 |     841 |  2 |  0 |  0 |      2 |   0 |   0.2206 |   7.9 |  4.642e-04 |   15
  1780 |  1.7800 |     841 |  2 |  0 |  0 |      2 |   0 |   0.2230 |   7.5 |  4.602e-04 |   15
  1790 |  1.7900 |     841 |  2 |  0 |  0 |      2 |   0 |   0.2285 |   7.6 |  4.719e-04 |   15
  1800 |  1.8000 |     841 |  2 |  0 |  0 |      2 |   0 |   0.2285 |   8.2 |  4.734e-04 |   15
[COLLISION] Detected 1 collision pairs
[BH COLLISION #16] BH(423.3M☉) + Unclassified(30.4M☉) → BH(453.7M☉) | retain=1.000, bh_prob=1.000
[INFO] Processed 1 collisions. Total stars: 840
  1805 |  1.8050 |     840 |  2 |  0 |  0 |      2 |   0 |   0.2351 |   7.2 |  4.423e-04 |   16
  1810 |  1.8100 |     840 |  2 |  0 |  0 |      2 |   0 |   0.2398 |   7.1 |  4.518e-04 |   16
  1820 |  1.8200 |     840 |  2 |  0 |  0 |      2 |   0 |   0.2344 |   7.1 |  4.854e-04 |   16
  1830 |  1.8300 |     840 |  2 |  0 |  0 |      2 |   0 |   0.2324 |   8.2 |  4.719e-04 |   16
  1840 |  1.8400 |     840 |  2 |  0 |  0 |      2 |   0 |   0.2383 |   7.1 |  4.552e-04 |   16
  1850 |  1.8500 |     840 |  2 |  0 |  0 |      2 |   0 |   0.2554 |   8.8 |  4.631e-04 |   16
  1860 |  1.8600 |     840 |  2 |  0 |  0 |      2 |   0 |   0.2479 |   7.0 |  4.524e-04 |   16
  1870 |  1.8700 |     840 |  2 |  0 |  0 |      2 |   0 |   0.2536 |   7.0 |  4.524e-04 |   16
  1880 |  1.8800 |     840 |  2 |  0 |  0 |      2 |   0 |   0.2478 |   7.0 |  4.809e-04 |   16
  1890 |  1.8900 |     840 |  2 |  0 |  0 |      2 |   0 |   0.2365 |   7.7 |  4.702e-04 |   16
  1900 |  1.9000 |     840 |  2 |  0 |  0 |      2 |   0 |   0.2443 |   7.4 |  4.800e-04 |   16
  1910 |  1.9100 |     840 |  2 |  0 |  0 |      2 |   0 |   0.2466 |   7.2 |  4.483e-04 |   16
  1920 |  1.9200 |     840 |  2 |  0 |  0 |      2 |   0 |   0.2474 |   7.4 |  4.438e-04 |   16
  1930 |  1.9300 |     840 |  2 |  0 |  0 |      2 |   0 |   0.2634 |   7.3 |  4.901e-04 |   16
  1940 |  1.9400 |     840 |  2 |  0 |  0 |      2 |   0 |   0.2691 |   6.8 |  4.365e-04 |   16
  1950 |  1.9500 |     840 |  2 |  0 |  0 |      2 |   0 |   0.2827 |   7.1 |  4.818e-04 |   16
  1960 |  1.9600 |     840 |  2 |  0 |  0 |      2 |   0 |   0.2668 |   6.9 |  4.608e-04 |   16
  1970 |  1.9700 |     840 |  2 |  0 |  0 |      2 |   0 |   0.2583 |   7.3 |  4.994e-04 |   16
  1980 |  1.9800 |     840 |  2 |  0 |  0 |      2 |   0 |   0.2525 |   7.3 |  4.650e-04 |   16
  1990 |  1.9900 |     840 |  2 |  0 |  0 |      2 |   0 |   0.2670 |   7.7 |  4.827e-04 |   16
  2000 |  2.0000 |     840 |  2 |  0 |  0 |      2 |   0 |   0.2721 |   8.7 |  4.677e-04 |   16
  2010 |  2.0100 |     840 |  2 |  0 |  0 |      2 |   0 |   0.2710 |   7.9 |  5.396e-04 |   16
  2020 |  2.0200 |     840 |  2 |  0 |  0 |      2 |   0 |   0.2802 |   7.7 |  4.809e-04 |   16
  2030 |  2.0300 |     840 |  2 |  0 |  0 |      2 |   0 |   0.2752 |  16.1 |  4.359e-04 |   16
  2040 |  2.0400 |     840 |  2 |  0 |  0 |      2 |   0 |   0.2698 |   8.0 |  4.396e-04 |   16
  2050 |  2.0500 |     840 |  2 |  0 |  0 |      2 |   0 |   0.2699 |   8.7 |  4.652e-04 |   16
  2060 |  2.0600 |     840 |  2 |  0 |  0 |      2 |   0 |   0.2773 |   8.3 |  4.981e-04 |   16
  2070 |  2.0700 |     840 |  2 |  0 |  0 |      2 |   0 |   0.2764 |   8.4 |  4.956e-04 |   16
  2080 |  2.0800 |     840 |  2 |  0 |  0 |      2 |   0 |   0.2716 |   9.4 |  4.922e-04 |   16
  2090 |  2.0900 |     840 |  2 |  0 |  0 |      2 |   0 |   0.2729 |   8.3 |  4.730e-04 |   16
  2100 |  2.1000 |     840 |  2 |  0 |  0 |      2 |   0 |   0.2849 |   8.6 |  5.180e-04 |   16
  2110 |  2.1100 |     840 |  2 |  0 |  0 |      2 |   0 |   0.2889 |   8.4 |  4.913e-04 |   16
  2120 |  2.1200 |     840 |  2 |  0 |  0 |      2 |   0 |   0.2942 |   8.5 |  5.090e-04 |   16
  2130 |  2.1300 |     840 |  2 |  0 |  0 |      2 |   0 |   0.3007 |   7.8 |  4.978e-04 |   16
  2140 |  2.1400 |     840 |  2 |  0 |  0 |      2 |   0 |   0.3044 |  10.0 |  4.962e-04 |   16
  2150 |  2.1500 |     840 |  2 |  0 |  0 |      2 |   0 |   0.3008 |   9.2 |  5.513e-04 |   16
  2160 |  2.1600 |     840 |  2 |  0 |  0 |      2 |   0 |   0.3052 |   8.0 |  4.934e-04 |   16
  2170 |  2.1700 |     840 |  2 |  0 |  0 |      2 |   0 |   0.3106 |   8.8 |  4.906e-04 |   16
  2180 |  2.1800 |     840 |  2 |  0 |  0 |      2 |   0 |   0.3076 |   8.4 |  4.939e-04 |   16
  2190 |  2.1900 |     840 |  2 |  0 |  0 |      2 |   0 |   0.3085 |  10.5 |  4.961e-04 |   16
  2200 |  2.2000 |     840 |  2 |  0 |  0 |      2 |   0 |   0.3188 |   8.6 |  4.910e-04 |   16
  2210 |  2.2100 |     840 |  2 |  0 |  0 |      2 |   0 |   0.3248 |   8.5 |  5.254e-04 |   16
  2220 |  2.2200 |     840 |  2 |  0 |  0 |      2 |   0 |   0.3207 |   8.2 |  4.680e-04 |   16
  2230 |  2.2300 |     840 |  2 |  0 |  0 |      2 |   0 |   0.3128 |   8.3 |  5.001e-04 |   16
  2240 |  2.2400 |     840 |  2 |  0 |  0 |      2 |   0 |   0.3143 |   8.1 |  5.169e-04 |   16
  2250 |  2.2500 |     840 |  2 |  0 |  0 |      2 |   0 |   0.3201 |   8.1 |  5.120e-04 |   16
  2260 |  2.2600 |     840 |  2 |  0 |  0 |      2 |   0 |   0.3302 |   8.9 |  5.605e-04 |   16
  2270 |  2.2700 |     840 |  2 |  0 |  0 |      2 |   0 |   0.3249 |   8.1 |  5.173e-04 |   16
  2280 |  2.2800 |     840 |  2 |  0 |  0 |      2 |   0 |   0.3362 |  11.8 |  5.499e-04 |   16
  2290 |  2.2900 |     840 |  2 |  0 |  0 |      2 |   0 |   0.3478 |   7.9 |  5.322e-04 |   16
  2300 |  2.3000 |     840 |  2 |  0 |  0 |      2 |   0 |   0.3477 |  10.6 |  5.509e-04 |   16
  2310 |  2.3100 |     840 |  2 |  0 |  0 |      2 |   0 |   0.3510 |   8.5 |  5.451e-04 |   16
  2320 |  2.3200 |     840 |  2 |  0 |  0 |      2 |   0 |   0.3441 |   7.9 |  5.459e-04 |   16
  2330 |  2.3300 |     840 |  2 |  0 |  0 |      2 |   0 |   0.3568 |   7.9 |  5.557e-04 |   16
  2340 |  2.3400 |     840 |  2 |  0 |  0 |      2 |   0 |   0.3575 |   8.8 |  5.397e-04 |   16
  2350 |  2.3500 |     840 |  2 |  0 |  0 |      2 |   0 |   0.3673 |   7.8 |  5.390e-04 |   16
  2360 |  2.3600 |     840 |  2 |  0 |  0 |      2 |   0 |   0.3667 |   8.2 |  5.497e-04 |   16
  2370 |  2.3700 |     840 |  2 |  0 |  0 |      2 |   0 |   0.3696 |  11.0 |  5.341e-04 |   16
  2380 |  2.3800 |     840 |  2 |  0 |  0 |      2 |   0 |   0.3812 |   9.2 |  6.011e-04 |   16
  2390 |  2.3900 |     840 |  2 |  0 |  0 |      2 |   0 |   0.3787 |   9.2 |  5.901e-04 |   16
  2400 |  2.4000 |     840 |  2 |  0 |  0 |      2 |   0 |   0.3817 |   9.9 |  6.157e-04 |   16
  2410 |  2.4100 |     840 |  2 |  0 |  0 |      2 |   0 |   0.3818 |   9.9 |  5.896e-04 |   16
  2420 |  2.4200 |     840 |  2 |  0 |  0 |      2 |   0 |   0.3884 |   8.8 |  5.711e-04 |   16
  2430 |  2.4300 |     840 |  2 |  0 |  0 |      2 |   0 |   0.3970 |   9.4 |  6.296e-04 |   16
  2440 |  2.4400 |     840 |  2 |  0 |  0 |      2 |   0 |   0.4051 |   8.3 |  6.388e-04 |   16
  2450 |  2.4500 |     840 |  2 |  0 |  0 |      2 |   0 |   0.3996 |   8.5 |  6.720e-04 |   16
  2460 |  2.4600 |     840 |  2 |  0 |  0 |      2 |   0 |   0.4061 |   8.8 |  5.829e-04 |   16
  2470 |  2.4700 |     840 |  2 |  0 |  0 |      2 |   0 |   0.4070 |  10.3 |  5.974e-04 |   16
  2480 |  2.4800 |     840 |  2 |  0 |  0 |      2 |   0 |   0.4038 |   8.7 |  6.186e-04 |   16
  2490 |  2.4900 |     840 |  2 |  0 |  0 |      2 |   0 |   0.3958 |   8.9 |  6.252e-04 |   16
  2500 |  2.5000 |     840 |  2 |  0 |  0 |      2 |   0 |   0.3978 |  13.5 |  5.868e-04 |   16

======================================================================
SIMULATION COMPLETED
======================================================================
stellar evolution code stopped
PH4 code stopped
Error stopping Bridge: 'GasFrictionForce' object has no attribute 'is_stopped'

PERFORMANCE STATISTICS:
  Total simulation time: 111659.72 seconds
  Total steps: 2501
  Steps per second: 0.0

=== GAS FRICTION STATISTICS ===
Total kick calls: 0
Total friction events: 2121550
Average acceleration: 7.755e-04 km/s/Myr
Maximum acceleration: 2.086e-01 km/s/Myr

======================================================================
REALISTIC COLLISION PHYSICS STATISTICS
======================================================================

=== STATISTICS FOR MASS RATIO q ===
Total collisions: 16
Mean q: 0.443
Median q: 0.348
Std q: 0.352
Min q: 0.072
Max q: 1.000
q in [0.0, 0.1]: 2 collisions (12.5%)
q in [0.1, 0.3]: 5 collisions (31.2%)
q in [0.3, 0.5]: 4 collisions (25.0%)
q in [0.5, 0.7]: 0 collisions (0.0%)
q in [0.7, 0.9]: 1 collisions (6.2%)
q in [0.9, 1.0]: 4 collisions (25.0%)

REMNANT DISTRIBUTION:
  Black Hole: 11 (68.8%)
  Merged Star: 5 (31.2%)

=== RETAIN FRACTIONS ===
Mean retain_frac: 0.813
Min retain_frac: 0.463
Max retain_frac: 1.000

=== BH PROBABILITIES ===
Mean bh_prob: 0.615
Min bh_prob: 0.100
Max bh_prob: 1.000
Actual BH formations: 11 (68.8% of collisions)

DETAILED SIMULATION STATISTICS:
  Initial stars: 856
  Final stars: 840
  Total collisions: 16
  Average gas density: 2051.9 Msun/pc³
  Average friction acceleration: 7.731e-04 km/s/Myr

Saving results...
  Saved 16 collision events
  Saved diagnostic data (including gas friction)
  Saved q statistics
  Saved gas friction statistics
  Графики сохранены в папку: simulation_results/run_20251229_225906
  Создание 3D анимации (250 кадров)...
  3D анимация сохранена: simulation_results/run_20251229_225906/cluster_3d_animation.gif
  Финальное состояние сохранено как изображение

Все результаты цикла 1 сохранены в: simulation_results/run_20251229_225906
Общее время выполнения цикла: 111740.3 секунд

======================================================================
ЦИКЛ СИМУЛЯЦИИ 2/19
======================================================================
Результаты будут сохранены в: simulation_results/run_20251231_060128
Запуск симуляции...

1. BUILDING STAR POPULATION...
   Initial stars: 856
   Total mass: 25983 Msun

2. INITIALIZING CLUSTER STRUCTURE...
   Cluster radius: 0.200 pc

3. SETTING ORBITAL MOTION AROUND GALACTIC CENTER...

4. INITIALIZING PH4 FOR CLUSTER GRAVITY...
   PH4 initialized with 3 workers

5. INITIALIZING STELLAR EVOLUTION...
   Stellar evolution initialized for 856 stars

6. INITIALIZING GALACTIC POTENTIAL...

6b. INITIALIZING GAS DYNAMICAL FRICTION...
   Gas friction enabled: True
   Gas density profile: central_molecular_zone
   Drag coefficient: 1
   Coulomb logarithm: 8.0

7. SETTING UP BRIDGE INTEGRATOR WITH GAS FRICTION...
   Bridge timestep: 0.001000 Myr
   Gas friction integrated: True

8. INITIALIZING REALISTIC COLLISION HANDLER...

9. SETTING UP DIAGNOSTICS SYSTEM...

======================================================================
STARTING MAIN SIMULATION LOOP
======================================================================

Initial setup:
  Number of stars: 856
  Total mass: 25982.9 Msun

Simulation Progress:
Step | Time [Myr] | N_stars | BH | NS | WD | Merged | VMS | R_cluster [pc] | σ_v [km/s] | F_fric [km/s/Myr] | Collisions
----------------------------------------------------------------------------------------------------------------------------------
    10 |  0.0100 |     856 |  0 |  0 |  0 |      0 |   0 |   0.1538 |   6.5 |  1.635e-03 |    0
    20 |  0.0200 |     856 |  0 |  0 |  0 |      0 |   0 |   0.1457 |   6.8 |  1.653e-03 |    0
    30 |  0.0300 |     856 |  0 |  0 |  0 |      0 |   0 |   0.1464 |   7.1 |  1.647e-03 |    0
    40 |  0.0400 |     856 |  0 |  0 |  0 |      0 |   0 |   0.1492 |   6.7 |  1.643e-03 |    0
    50 |  0.0500 |     856 |  0 |  0 |  0 |      0 |   0 |   0.1549 |   6.5 |  1.644e-03 |    0
    60 |  0.0600 |     856 |  0 |  0 |  0 |      0 |   0 |   0.1574 |   6.5 |  1.641e-03 |    0
    70 |  0.0700 |     856 |  0 |  0 |  0 |      0 |   0 |   0.1448 |   6.9 |  1.614e-03 |    0
    80 |  0.0800 |     856 |  0 |  0 |  0 |      0 |   0 |   0.1423 |   7.0 |  1.602e-03 |    0
    90 |  0.0900 |     856 |  0 |  0 |  0 |      0 |   0 |   0.1525 |   6.8 |  1.618e-03 |    0
   100 |  0.1000 |     856 |  0 |  0 |  0 |      0 |   0 |   0.1522 |   6.7 |  1.612e-03 |    0
   110 |  0.1100 |     856 |  0 |  0 |  0 |      0 |   0 |   0.1506 |   6.6 |  1.594e-03 |    0
   120 |  0.1200 |     856 |  0 |  0 |  0 |      0 |   0 |   0.1478 |   7.0 |  1.579e-03 |    0
   130 |  0.1300 |     856 |  0 |  0 |  0 |      0 |   0 |   0.1524 |   6.7 |  1.567e-03 |    0
   140 |  0.1400 |     856 |  0 |  0 |  0 |      0 |   0 |   0.1500 |   7.0 |  1.574e-03 |    0
   150 |  0.1500 |     856 |  0 |  0 |  0 |      0 |   0 |   0.1516 |   6.9 |  1.560e-03 |    0
   160 |  0.1600 |     856 |  0 |  0 |  0 |      0 |   0 |   0.1480 |   6.7 |  1.559e-03 |    0
   170 |  0.1700 |     856 |  0 |  0 |  0 |      0 |   0 |   0.1513 |   6.9 |  1.538e-03 |    0
   180 |  0.1800 |     856 |  0 |  0 |  0 |      0 |   0 |   0.1518 |   6.9 |  1.541e-03 |    0
   190 |  0.1900 |     856 |  0 |  0 |  0 |      0 |   0 |   0.1561 |   6.7 |  1.522e-03 |    0
   200 |  0.2000 |     856 |  0 |  0 |  0 |      0 |   0 |   0.1557 |   6.9 |  1.525e-03 |    0
   210 |  0.2100 |     856 |  0 |  0 |  0 |      0 |   0 |   0.1415 |   7.2 |  1.501e-03 |    0
   220 |  0.2200 |     856 |  0 |  0 |  0 |      0 |   0 |   0.1461 |   6.7 |  1.498e-03 |    0
   230 |  0.2300 |     856 |  0 |  0 |  0 |      0 |   0 |   0.1534 |   6.7 |  1.487e-03 |    0
   240 |  0.2400 |     856 |  0 |  0 |  0 |      0 |   0 |   0.1539 |   7.0 |  1.477e-03 |    0
   250 |  0.2500 |     856 |  0 |  0 |  0 |      0 |   0 |   0.1500 |   7.0 |  1.476e-03 |    0
   260 |  0.2600 |     856 |  0 |  0 |  0 |      0 |   0 |   0.1539 |   7.0 |  1.457e-03 |    0
   270 |  0.2700 |     856 |  0 |  0 |  0 |      0 |   0 |   0.1476 |   6.9 |  1.453e-03 |    0
   280 |  0.2800 |     856 |  0 |  0 |  0 |      0 |   0 |   0.1455 |   7.2 |  1.457e-03 |    0
   290 |  0.2900 |     856 |  0 |  0 |  0 |      0 |   0 |   0.1509 |   7.2 |  1.441e-03 |    0
   300 |  0.3000 |     856 |  0 |  0 |  0 |      0 |   0 |   0.1549 |   7.0 |  1.439e-03 |    0
   310 |  0.3100 |     856 |  0 |  0 |  0 |      0 |   0 |   0.1570 |   7.1 |  1.427e-03 |    0
   320 |  0.3200 |     856 |  0 |  0 |  0 |      0 |   0 |   0.1530 |   6.9 |  1.384e-03 |    0
   330 |  0.3300 |     856 |  0 |  0 |  0 |      0 |   0 |   0.1500 |   7.2 |  1.370e-03 |    0
   340 |  0.3400 |     856 |  0 |  0 |  0 |      0 |   0 |   0.1508 |   6.9 |  1.380e-03 |    0
   350 |  0.3500 |     856 |  0 |  0 |  0 |      0 |   0 |   0.1492 |   7.3 |  1.359e-03 |    0
   360 |  0.3600 |     856 |  0 |  0 |  0 |      0 |   0 |   0.1488 |   7.3 |  1.355e-03 |    0
   370 |  0.3700 |     856 |  0 |  0 |  0 |      0 |   0 |   0.1460 |   6.8 |  1.359e-03 |    0
   380 |  0.3800 |     856 |  0 |  0 |  0 |      0 |   0 |   0.1511 |   7.2 |  1.337e-03 |    0
   390 |  0.3900 |     856 |  0 |  0 |  0 |      0 |   0 |   0.1569 |   7.0 |  1.321e-03 |    0
   400 |  0.4000 |     856 |  0 |  0 |  0 |      0 |   0 |   0.1523 |   7.2 |  1.311e-03 |    0
   410 |  0.4100 |     856 |  0 |  0 |  0 |      0 |   0 |   0.1491 |   7.2 |  1.299e-03 |    0
   420 |  0.4200 |     856 |  0 |  0 |  0 |      0 |   0 |   0.1460 |   7.2 |  1.285e-03 |    0
   430 |  0.4300 |     856 |  0 |  0 |  0 |      0 |   0 |   0.1540 |   7.3 |  1.292e-03 |    0
   440 |  0.4400 |     856 |  0 |  0 |  0 |      0 |   0 |   0.1587 |   7.1 |  1.257e-03 |    0
   450 |  0.4500 |     856 |  0 |  0 |  0 |      0 |   0 |   0.1501 |   7.0 |  1.267e-03 |    0
   460 |  0.4600 |     856 |  0 |  0 |  0 |      0 |   0 |   0.1492 |   7.3 |  1.242e-03 |    0
   470 |  0.4700 |     856 |  0 |  0 |  0 |      0 |   0 |   0.1485 |   7.5 |  1.255e-03 |    0
   480 |  0.4800 |     856 |  0 |  0 |  0 |      0 |   0 |   0.1514 |   7.0 |  1.208e-03 |    0
   490 |  0.4900 |     856 |  0 |  0 |  0 |      0 |   0 |   0.1475 |   7.3 |  1.189e-03 |    0
   500 |  0.5000 |     856 |  0 |  0 |  0 |      0 |   0 |   0.1513 |   7.3 |  1.191e-03 |    0
   510 |  0.5100 |     856 |  0 |  0 |  0 |      0 |   0 |   0.1516 |   7.4 |  1.168e-03 |    0
[COLLISION] Detected 1 collision pairs
[COLLISION #1] Primary: Unclassified(30.4M☉) + Secondary: O5-6 V(29.5M☉) | q=0.969 → Merged Star(27.7M☉) | retain=0.463 (H=0.50), bh_prob=0.078
[INFO] Processed 1 collisions. Total stars: 855
   514 |  0.5140 |     855 |  0 |  0 |  0 |      1 |   0 |   0.1512 |   7.1 |  1.173e-03 |    1
   520 |  0.5200 |     855 |  0 |  0 |  0 |      1 |   0 |   0.1504 |   7.5 |  1.163e-03 |    1
   530 |  0.5300 |     855 |  0 |  0 |  0 |      1 |   0 |   0.1539 |   7.5 |  1.141e-03 |    1
   540 |  0.5400 |     855 |  0 |  0 |  0 |      1 |   0 |   0.1482 |   7.3 |  1.140e-03 |    1
   550 |  0.5500 |     855 |  0 |  0 |  0 |      1 |   0 |   0.1550 |   7.4 |  1.141e-03 |    1
   560 |  0.5600 |     855 |  0 |  0 |  0 |      1 |   0 |   0.1478 |   7.3 |  1.114e-03 |    1
   570 |  0.5700 |     855 |  0 |  0 |  0 |      1 |   0 |   0.1431 |   7.5 |  1.114e-03 |    1
   580 |  0.5800 |     855 |  0 |  0 |  0 |      1 |   0 |   0.1467 |   7.3 |  1.103e-03 |    1
   590 |  0.5900 |     855 |  0 |  0 |  0 |      1 |   0 |   0.1467 |   7.5 |  1.062e-03 |    1
   600 |  0.6000 |     855 |  0 |  0 |  0 |      1 |   0 |   0.1505 |   7.5 |  1.059e-03 |    1
   610 |  0.6100 |     855 |  0 |  0 |  0 |      1 |   0 |   0.1536 |   7.1 |  1.034e-03 |    1
   620 |  0.6200 |     855 |  0 |  0 |  0 |      1 |   0 |   0.1486 |   7.4 |  1.020e-03 |    1
   630 |  0.6300 |     855 |  0 |  0 |  0 |      1 |   0 |   0.1548 |   7.3 |  1.009e-03 |    1
   640 |  0.6400 |     855 |  0 |  0 |  0 |      1 |   0 |   0.1550 |   7.6 |  1.008e-03 |    1
   650 |  0.6500 |     855 |  0 |  0 |  0 |      1 |   0 |   0.1451 |   7.8 |  1.011e-03 |    1
   660 |  0.6600 |     855 |  0 |  0 |  0 |      1 |   0 |   0.1539 |   7.5 |  9.903e-04 |    1
   670 |  0.6700 |     855 |  0 |  0 |  0 |      1 |   0 |   0.1578 |   7.3 |  9.665e-04 |    1
   680 |  0.6800 |     855 |  0 |  0 |  0 |      1 |   0 |   0.1586 |   7.3 |  9.461e-04 |    1
   690 |  0.6900 |     855 |  0 |  0 |  0 |      1 |   0 |   0.1484 |   7.8 |  9.633e-04 |    1
   700 |  0.7000 |     855 |  0 |  0 |  0 |      1 |   0 |   0.1541 |   7.4 |  9.241e-04 |    1
   710 |  0.7100 |     855 |  0 |  0 |  0 |      1 |   0 |   0.1545 |   7.7 |  9.109e-04 |    1
   720 |  0.7200 |     855 |  0 |  0 |  0 |      1 |   0 |   0.1583 |   7.5 |  8.963e-04 |    1
   730 |  0.7300 |     855 |  0 |  0 |  0 |      1 |   0 |   0.1493 |   7.6 |  9.057e-04 |    1
   740 |  0.7400 |     855 |  0 |  0 |  0 |      1 |   0 |   0.1592 |   7.3 |  8.710e-04 |    1
   750 |  0.7500 |     855 |  0 |  0 |  0 |      1 |   0 |   0.1559 |   7.4 |  8.687e-04 |    1
   760 |  0.7600 |     855 |  0 |  0 |  0 |      1 |   0 |   0.1535 |   7.5 |  8.641e-04 |    1
   770 |  0.7700 |     855 |  0 |  0 |  0 |      1 |   0 |   0.1568 |   7.5 |  8.466e-04 |    1
   780 |  0.7800 |     855 |  0 |  0 |  0 |      1 |   0 |   0.1572 |   7.4 |  8.283e-04 |    1
   790 |  0.7900 |     855 |  0 |  0 |  0 |      1 |   0 |   0.1548 |   7.6 |  8.154e-04 |    1
   800 |  0.8000 |     855 |  0 |  0 |  0 |      1 |   0 |   0.1563 |   7.2 |  8.128e-04 |    1
   810 |  0.8100 |     855 |  0 |  0 |  0 |      1 |   0 |   0.1572 |   7.6 |  8.111e-04 |    1
   820 |  0.8200 |     855 |  0 |  0 |  0 |      1 |   0 |   0.1568 |   7.6 |  8.014e-04 |    1
   830 |  0.8300 |     855 |  0 |  0 |  0 |      1 |   0 |   0.1596 |   7.5 |  7.711e-04 |    1
   840 |  0.8400 |     855 |  0 |  0 |  0 |      1 |   0 |   0.1651 |   7.2 |  7.670e-04 |    1
   850 |  0.8500 |     855 |  0 |  0 |  0 |      1 |   0 |   0.1577 |   7.8 |  7.647e-04 |    1
   860 |  0.8600 |     855 |  0 |  0 |  0 |      1 |   0 |   0.1615 |   7.8 |  7.505e-04 |    1
   870 |  0.8700 |     855 |  0 |  0 |  0 |      1 |   0 |   0.1625 |   7.2 |  7.414e-04 |    1
   880 |  0.8800 |     855 |  0 |  0 |  0 |      1 |   0 |   0.1619 |   7.7 |  7.414e-04 |    1
   890 |  0.8900 |     855 |  0 |  0 |  0 |      1 |   0 |   0.1540 |   7.3 |  7.244e-04 |    1
   900 |  0.9000 |     855 |  0 |  0 |  0 |      1 |   0 |   0.1542 |   7.4 |  7.218e-04 |    1
   910 |  0.9100 |     855 |  0 |  0 |  0 |      1 |   0 |   0.1667 |   7.4 |  7.003e-04 |    1
   920 |  0.9200 |     855 |  0 |  0 |  0 |      1 |   0 |   0.1601 |   7.6 |  6.866e-04 |    1
   930 |  0.9300 |     855 |  0 |  0 |  0 |      1 |   0 |   0.1498 |   8.0 |  7.057e-04 |    1
   940 |  0.9400 |     855 |  0 |  0 |  0 |      1 |   0 |   0.1628 |   7.5 |  6.836e-04 |    1
   950 |  0.9500 |     855 |  0 |  0 |  0 |      1 |   0 |   0.1626 |   7.8 |  6.645e-04 |    1
   960 |  0.9600 |     855 |  0 |  0 |  0 |      1 |   0 |   0.1602 |   7.9 |  6.657e-04 |    1
   970 |  0.9700 |     855 |  0 |  0 |  0 |      1 |   0 |   0.1617 |   7.4 |  6.580e-04 |    1
   980 |  0.9800 |     855 |  0 |  0 |  0 |      1 |   0 |   0.1574 |   7.7 |  6.574e-04 |    1
   990 |  0.9900 |     855 |  0 |  0 |  0 |      1 |   0 |   0.1674 |   7.6 |  6.384e-04 |    1
  1000 |  1.0000 |     855 |  0 |  0 |  0 |      1 |   0 |   0.1598 |   7.8 |  6.224e-04 |    1
  1010 |  1.0100 |     855 |  0 |  0 |  0 |      1 |   0 |   0.1550 |   7.7 |  6.309e-04 |    1
  1020 |  1.0200 |     855 |  0 |  0 |  0 |      1 |   0 |   0.1540 |   7.8 |  6.228e-04 |    1
  1030 |  1.0300 |     855 |  0 |  0 |  0 |      1 |   0 |   0.1623 |   7.8 |  6.191e-04 |    1
  1040 |  1.0400 |     855 |  0 |  0 |  0 |      1 |   0 |   0.1723 |   7.5 |  6.177e-04 |    1
  1050 |  1.0500 |     855 |  0 |  0 |  0 |      1 |   0 |   0.1628 |   7.7 |  5.982e-04 |    1
  1060 |  1.0600 |     855 |  0 |  0 |  0 |      1 |   0 |   0.1659 |   7.6 |  5.904e-04 |    1
  1070 |  1.0700 |     855 |  0 |  0 |  0 |      1 |   0 |   0.1661 |   7.7 |  5.809e-04 |    1
  1080 |  1.0800 |     855 |  0 |  0 |  0 |      1 |   0 |   0.1669 |   7.9 |  5.753e-04 |    1
  1090 |  1.0900 |     855 |  0 |  0 |  0 |      1 |   0 |   0.1732 |   7.5 |  5.801e-04 |    1
  1100 |  1.1000 |     855 |  0 |  0 |  0 |      1 |   0 |   0.1706 |   7.7 |  5.727e-04 |    1
  1110 |  1.1100 |     855 |  0 |  0 |  0 |      1 |   0 |   0.1700 |   7.8 |  5.706e-04 |    1
  1120 |  1.1200 |     855 |  0 |  0 |  0 |      1 |   0 |   0.1740 |   8.0 |  5.569e-04 |    1
  1130 |  1.1300 |     855 |  0 |  0 |  0 |      1 |   0 |   0.1701 |   8.2 |  5.534e-04 |    1
  1140 |  1.1400 |     855 |  0 |  0 |  0 |      1 |   0 |   0.1661 |   8.0 |  5.546e-04 |    1
  1150 |  1.1500 |     855 |  0 |  0 |  0 |      1 |   0 |   0.1703 |   7.8 |  5.454e-04 |    1
  1160 |  1.1600 |     855 |  0 |  0 |  0 |      1 |   0 |   0.1694 |   7.9 |  5.382e-04 |    1
[COLLISION] Detected 1 collision pairs
[COLLISION #2] Primary: Unclassified(30.4M☉) + Secondary: Unclassified(30.4M☉) | q=1.000 → Merged Star(28.1M☉) | retain=0.463 (H=0.50), bh_prob=0.100
[INFO] Processed 1 collisions. Total stars: 854
  1162 |  1.1620 |     854 |  0 |  0 |  0 |      2 |   0 |   0.1640 |   8.0 |  5.424e-04 |    2
  1170 |  1.1700 |     854 |  0 |  0 |  0 |      2 |   0 |   0.1704 |   8.0 |  5.271e-04 |    2
  1180 |  1.1800 |     854 |  0 |  0 |  0 |      2 |   0 |   0.1757 |   7.7 |  5.314e-04 |    2
  1190 |  1.1900 |     854 |  0 |  0 |  0 |      2 |   0 |   0.1695 |   8.6 |  5.291e-04 |    2
[COLLISION] Detected 1 collision pairs
[COLLISION #3] Primary: Unclassified(30.4M☉) + Secondary: O4-5 la(28.1M☉) | q=0.924 → Merged Star(27.0M☉) | retain=0.463 (H=0.50), bh_prob=0.076
[INFO] Processed 1 collisions. Total stars: 853
  1191 |  1.1910 |     853 |  0 |  0 |  0 |      3 |   0 |   0.1705 |   8.4 |  5.241e-04 |    3
  1200 |  1.2000 |     853 |  0 |  0 |  0 |      3 |   0 |   0.1697 |   8.1 |  5.221e-04 |    3
  1210 |  1.2100 |     853 |  0 |  0 |  0 |      3 |   0 |   0.1891 |   7.8 |  5.105e-04 |    3
  1220 |  1.2200 |     853 |  0 |  0 |  0 |      3 |   0 |   0.1987 |   7.7 |  5.106e-04 |    3
[COLLISION] Detected 1 collision pairs
[COLLISION #4] Primary: O5.5-6 la(72.2M☉) + Secondary: Unclassified(30.4M☉) | q=0.421 → Merged Star(67.3M☉) | retain=0.656 (H=0.70), bh_prob=0.141
[INFO] Processed 1 collisions. Total stars: 852
  1227 |  1.2270 |     852 |  0 |  0 |  0 |      4 |   0 |   0.1968 |   8.2 |  5.148e-04 |    4
  1230 |  1.2300 |     852 |  0 |  0 |  0 |      4 |   0 |   0.1874 |   7.7 |  5.091e-04 |    4
[COLLISION] Detected 1 collision pairs
[COLLISION #5] Primary: O6-6.5 III(65.7M☉) + Secondary: Unclassified(30.4M☉) | q=0.462 → Merged Star(62.9M☉) | retain=0.655 (H=0.70), bh_prob=0.103
[INFO] Processed 1 collisions. Total stars: 851
  1231 |  1.2310 |     851 |  0 |  0 |  0 |      5 |   0 |   0.1859 |   8.0 |  5.063e-04 |    5
  1240 |  1.2400 |     851 |  0 |  0 |  0 |      5 |   0 |   0.1858 |   8.1 |  4.996e-04 |    5
  1250 |  1.2500 |     851 |  0 |  0 |  0 |      5 |   0 |   0.1949 |   8.0 |  5.013e-04 |    5
[COLLISION] Detected 1 collision pairs
[COLLISION #6] Primary: O5.5-6 la(72.2M☉) + Secondary: Merged(62.9M☉) | q=0.871 → Black Hole(87.5M☉) | retain=0.648 (H=0.70), bh_prob=0.150
[INFO] Processed 1 collisions. Total stars: 850
