/home/glebapika/my_python_env/lib/python3.12/site-packages/amuse/support/options.py:11: UserWarning: pkg_resources is deprecated as an API. See https://setuptools.pypa.io/en/latest/pkg_resources.html. The pkg_resources package is slated for removal as early as 2025-11-30. Refrain from using this package or pin to Setuptools<81.
  import pkg_resources
======================================================================
ARCHES CLUSTER SIMULATION WITH REALISTIC COLLISION PHYSICS AND GAS FRICTION
======================================================================

======================================================================
ЗАПУСК КАСКАДА ИЗ 19 ЦИКЛОВ
======================================================================

======================================================================
ЗАПУСК МНОГОЦИКЛИЧНОЙ СИМУЛЯЦИИ (19 циклов)
======================================================================

======================================================================
ЦИКЛ СИМУЛЯЦИИ 1/19
======================================================================
Результаты будут сохранены в: simulation_results/run_20251229_225911
Запуск симуляции...

1. BUILDING STAR POPULATION...
   Initial stars: 856
   Total mass: 25983 Msun

2. INITIALIZING CLUSTER STRUCTURE...
   Cluster radius: 0.200 pc

3. SETTING ORBITAL MOTION AROUND GALACTIC CENTER...

4. INITIALIZING PH4 FOR CLUSTER GRAVITY...
   PH4 initialized with 3 workers

5. INITIALIZING STELLAR EVOLUTION...
   Stellar evolution initialized for 856 stars

6. INITIALIZING GALACTIC POTENTIAL...

6b. INITIALIZING GAS DYNAMICAL FRICTION...
   Gas friction enabled: True
   Gas density profile: central_molecular_zone
   Drag coefficient: 1
   Coulomb logarithm: 8.0

7. SETTING UP BRIDGE INTEGRATOR WITH GAS FRICTION...
   Bridge timestep: 0.001000 Myr
   Gas friction integrated: True

8. INITIALIZING REALISTIC COLLISION HANDLER...

9. SETTING UP DIAGNOSTICS SYSTEM...

======================================================================
STARTING MAIN SIMULATION LOOP
======================================================================

Initial setup:
  Number of stars: 856
  Total mass: 25982.9 Msun

Simulation Progress:
Step | Time [Myr] | N_stars | BH | NS | WD | Merged | VMS | R_cluster [pc] | σ_v [km/s] | F_fric [km/s/Myr] | Collisions
----------------------------------------------------------------------------------------------------------------------------------
    10 |  0.0100 |     856 |  0 |  0 |  0 |      0 |   0 |   0.1445 |   6.7 |  1.714e-03 |    0
    20 |  0.0200 |     856 |  0 |  0 |  0 |      0 |   0 |   0.1543 |   6.9 |  1.644e-03 |    0
    30 |  0.0300 |     856 |  0 |  0 |  0 |      0 |   0 |   0.1587 |   6.7 |  1.654e-03 |    0
    40 |  0.0400 |     856 |  0 |  0 |  0 |      0 |   0 |   0.1526 |   6.6 |  1.651e-03 |    0
    50 |  0.0500 |     856 |  0 |  0 |  0 |      0 |   0 |   0.1445 |   7.1 |  1.650e-03 |    0
    60 |  0.0600 |     856 |  0 |  0 |  0 |      0 |   0 |   0.1504 |   6.7 |  1.622e-03 |    0
    70 |  0.0700 |     856 |  0 |  0 |  0 |      0 |   0 |   0.1524 |   6.7 |  1.655e-03 |    0
    80 |  0.0800 |     856 |  0 |  0 |  0 |      0 |   0 |   0.1551 |   6.8 |  1.622e-03 |    0
    90 |  0.0900 |     856 |  0 |  0 |  0 |      0 |   0 |   0.1575 |   6.8 |  1.622e-03 |    0
   100 |  0.1000 |     856 |  0 |  0 |  0 |      0 |   0 |   0.1529 |   6.9 |  1.602e-03 |    0
   110 |  0.1100 |     856 |  0 |  0 |  0 |      0 |   0 |   0.1536 |   7.1 |  1.608e-03 |    0
   120 |  0.1200 |     856 |  0 |  0 |  0 |      0 |   0 |   0.1563 |   6.7 |  1.590e-03 |    0
   130 |  0.1300 |     856 |  0 |  0 |  0 |      0 |   0 |   0.1647 |   6.9 |  1.595e-03 |    0
   140 |  0.1400 |     856 |  0 |  0 |  0 |      0 |   0 |   0.1591 |   6.8 |  1.588e-03 |    0
   150 |  0.1500 |     856 |  0 |  0 |  0 |      0 |   0 |   0.1543 |   7.2 |  1.582e-03 |    0
   160 |  0.1600 |     856 |  0 |  0 |  0 |      0 |   0 |   0.1570 |   6.8 |  1.599e-03 |    0
   170 |  0.1700 |     856 |  0 |  0 |  0 |      0 |   0 |   0.1586 |   6.9 |  1.556e-03 |    0
   180 |  0.1800 |     856 |  0 |  0 |  0 |      0 |   0 |   0.1534 |   7.1 |  1.564e-03 |    0
   190 |  0.1900 |     856 |  0 |  0 |  0 |      0 |   0 |   0.1530 |   7.1 |  1.568e-03 |    0
   200 |  0.2000 |     856 |  0 |  0 |  0 |      0 |   0 |   0.1543 |   6.7 |  1.525e-03 |    0
   210 |  0.2100 |     856 |  0 |  0 |  0 |      0 |   0 |   0.1573 |   6.7 |  1.523e-03 |    0
   220 |  0.2200 |     856 |  0 |  0 |  0 |      0 |   0 |   0.1466 |   6.9 |  1.504e-03 |    0
   230 |  0.2300 |     856 |  0 |  0 |  0 |      0 |   0 |   0.1475 |   7.1 |  1.493e-03 |    0
   240 |  0.2400 |     856 |  0 |  0 |  0 |      0 |   0 |   0.1548 |   6.9 |  1.478e-03 |    0
   250 |  0.2500 |     856 |  0 |  0 |  0 |      0 |   0 |   0.1581 |   6.6 |  1.499e-03 |    0
   260 |  0.2600 |     856 |  0 |  0 |  0 |      0 |   0 |   0.1506 |   7.1 |  1.481e-03 |    0
   270 |  0.2700 |     856 |  0 |  0 |  0 |      0 |   0 |   0.1493 |   7.0 |  1.471e-03 |    0
   280 |  0.2800 |     856 |  0 |  0 |  0 |      0 |   0 |   0.1453 |   7.1 |  1.456e-03 |    0
   290 |  0.2900 |     856 |  0 |  0 |  0 |      0 |   0 |   0.1515 |   6.9 |  1.446e-03 |    0
   300 |  0.3000 |     856 |  0 |  0 |  0 |      0 |   0 |   0.1582 |   6.8 |  1.432e-03 |    0
   310 |  0.3100 |     856 |  0 |  0 |  0 |      0 |   0 |   0.1571 |   7.0 |  1.418e-03 |    0
   320 |  0.3200 |     856 |  0 |  0 |  0 |      0 |   0 |   0.1456 |   7.3 |  1.435e-03 |    0
   330 |  0.3300 |     856 |  0 |  0 |  0 |      0 |   0 |   0.1523 |   7.0 |  1.411e-03 |    0
   340 |  0.3400 |     856 |  0 |  0 |  0 |      0 |   0 |   0.1599 |   6.9 |  1.391e-03 |    0
   350 |  0.3500 |     856 |  0 |  0 |  0 |      0 |   0 |   0.1534 |   7.0 |  1.389e-03 |    0
   360 |  0.3600 |     856 |  0 |  0 |  0 |      0 |   0 |   0.1455 |   7.3 |  1.364e-03 |    0
   370 |  0.3700 |     856 |  0 |  0 |  0 |      0 |   0 |   0.1555 |   6.8 |  1.359e-03 |    0
   380 |  0.3800 |     856 |  0 |  0 |  0 |      0 |   0 |   0.1558 |   7.0 |  1.323e-03 |    0
   390 |  0.3900 |     856 |  0 |  0 |  0 |      0 |   0 |   0.1560 |   7.0 |  1.348e-03 |    0
   400 |  0.4000 |     856 |  0 |  0 |  0 |      0 |   0 |   0.1526 |   7.4 |  1.314e-03 |    0
   410 |  0.4100 |     856 |  0 |  0 |  0 |      0 |   0 |   0.1561 |   7.2 |  1.318e-03 |    0
   420 |  0.4200 |     856 |  0 |  0 |  0 |      0 |   0 |   0.1544 |   7.4 |  1.279e-03 |    0
   430 |  0.4300 |     856 |  0 |  0 |  0 |      0 |   0 |   0.1548 |   7.2 |  1.279e-03 |    0
   440 |  0.4400 |     856 |  0 |  0 |  0 |      0 |   0 |   0.1521 |   7.2 |  1.270e-03 |    0
   450 |  0.4500 |     856 |  0 |  0 |  0 |      0 |   0 |   0.1601 |   7.1 |  1.245e-03 |    0
   460 |  0.4600 |     856 |  0 |  0 |  0 |      0 |   0 |   0.1549 |   7.1 |  1.237e-03 |    0
   470 |  0.4700 |     856 |  0 |  0 |  0 |      0 |   0 |   0.1607 |   7.1 |  1.225e-03 |    0
   480 |  0.4800 |     856 |  0 |  0 |  0 |      0 |   0 |   0.1496 |   7.6 |  1.224e-03 |    0
   490 |  0.4900 |     856 |  0 |  0 |  0 |      0 |   0 |   0.1592 |   7.2 |  1.193e-03 |    0
   500 |  0.5000 |     856 |  0 |  0 |  0 |      0 |   0 |   0.1592 |   7.2 |  1.196e-03 |    0
   510 |  0.5100 |     856 |  0 |  0 |  0 |      0 |   0 |   0.1628 |   7.2 |  1.185e-03 |    0
   520 |  0.5200 |     856 |  0 |  0 |  0 |      0 |   0 |   0.1632 |   6.9 |  1.171e-03 |    0
   530 |  0.5300 |     856 |  0 |  0 |  0 |      0 |   0 |   0.1502 |   7.5 |  1.179e-03 |    0
   540 |  0.5400 |     856 |  0 |  0 |  0 |      0 |   0 |   0.1485 |   7.4 |  1.150e-03 |    0
   550 |  0.5500 |     856 |  0 |  0 |  0 |      0 |   0 |   0.1677 |   7.1 |  1.143e-03 |    0
   560 |  0.5600 |     856 |  0 |  0 |  0 |      0 |   0 |   0.1586 |   7.2 |  1.115e-03 |    0
   570 |  0.5700 |     856 |  0 |  0 |  0 |      0 |   0 |   0.1641 |   7.1 |  1.108e-03 |    0
   580 |  0.5800 |     856 |  0 |  0 |  0 |      0 |   0 |   0.1557 |   7.6 |  1.102e-03 |    0
   590 |  0.5900 |     856 |  0 |  0 |  0 |      0 |   0 |   0.1642 |   7.3 |  1.078e-03 |    0
   600 |  0.6000 |     856 |  0 |  0 |  0 |      0 |   0 |   0.1621 |   7.5 |  1.055e-03 |    0
   610 |  0.6100 |     856 |  0 |  0 |  0 |      0 |   0 |   0.1767 |   7.1 |  1.055e-03 |    0
   620 |  0.6200 |     856 |  0 |  0 |  0 |      0 |   0 |   0.1625 |   7.2 |  1.035e-03 |    0
   630 |  0.6300 |     856 |  0 |  0 |  0 |      0 |   0 |   0.1619 |   7.3 |  1.017e-03 |    0
   640 |  0.6400 |     856 |  0 |  0 |  0 |      0 |   0 |   0.1672 |   7.5 |  1.008e-03 |    0
   650 |  0.6500 |     856 |  0 |  0 |  0 |      0 |   0 |   0.1689 |   7.3 |  1.004e-03 |    0
   660 |  0.6600 |     856 |  0 |  0 |  0 |      0 |   0 |   0.1613 |   7.6 |  9.852e-04 |    0
   670 |  0.6700 |     856 |  0 |  0 |  0 |      0 |   0 |   0.1681 |   7.4 |  9.743e-04 |    0
   680 |  0.6800 |     856 |  0 |  0 |  0 |      0 |   0 |   0.1628 |   7.4 |  9.644e-04 |    0
   690 |  0.6900 |     856 |  0 |  0 |  0 |      0 |   0 |   0.1638 |   7.4 |  9.613e-04 |    0
   700 |  0.7000 |     856 |  0 |  0 |  0 |      0 |   0 |   0.1675 |   7.4 |  9.358e-04 |    0
   710 |  0.7100 |     856 |  0 |  0 |  0 |      0 |   0 |   0.1651 |   7.2 |  9.151e-04 |    0
   720 |  0.7200 |     856 |  0 |  0 |  0 |      0 |   0 |   0.1591 |   7.6 |  9.148e-04 |    0
   730 |  0.7300 |     856 |  0 |  0 |  0 |      0 |   0 |   0.1638 |   7.5 |  9.067e-04 |    0
   740 |  0.7400 |     856 |  0 |  0 |  0 |      0 |   0 |   0.1753 |   7.5 |  8.886e-04 |    0
   750 |  0.7500 |     856 |  0 |  0 |  0 |      0 |   0 |   0.1758 |   7.4 |  8.648e-04 |    0
   760 |  0.7600 |     856 |  0 |  0 |  0 |      0 |   0 |   0.1695 |   7.4 |  8.714e-04 |    0
   770 |  0.7700 |     856 |  0 |  0 |  0 |      0 |   0 |   0.1661 |   7.7 |  8.756e-04 |    0
   780 |  0.7800 |     856 |  0 |  0 |  0 |      0 |   0 |   0.1613 |   7.7 |  8.371e-04 |    0
   790 |  0.7900 |     856 |  0 |  0 |  0 |      0 |   0 |   0.1653 |   7.6 |  8.320e-04 |    0
[COLLISION] Detected 1 collision pairs
[COLLISION #1] Primary: Unclassified(30.4M☉) + Secondary: Unclassified(30.4M☉) | q=1.000 → Merged Star(28.1M☉) | retain=0.463 (H=0.50), bh_prob=0.100
[INFO] Processed 1 collisions. Total stars: 855
   800 |  0.8000 |     855 |  0 |  0 |  0 |      1 |   0 |   0.1585 |   7.7 |  8.157e-04 |    1
   810 |  0.8100 |     855 |  0 |  0 |  0 |      1 |   0 |   0.1739 |   7.6 |  7.960e-04 |    1
   820 |  0.8200 |     855 |  0 |  0 |  0 |      1 |   0 |   0.1682 |   7.7 |  7.851e-04 |    1
   830 |  0.8300 |     855 |  0 |  0 |  0 |      1 |   0 |   0.1700 |   7.5 |  7.903e-04 |    1
   840 |  0.8400 |     855 |  0 |  0 |  0 |      1 |   0 |   0.1661 |   7.6 |  7.630e-04 |    1
   850 |  0.8500 |     855 |  0 |  0 |  0 |      1 |   0 |   0.1686 |   7.8 |  7.595e-04 |    1
   860 |  0.8600 |     855 |  0 |  0 |  0 |      1 |   0 |   0.1673 |   7.3 |  7.424e-04 |    1
   870 |  0.8700 |     855 |  0 |  0 |  0 |      1 |   0 |   0.1734 |   7.6 |  7.299e-04 |    1
[COLLISION] Detected 1 collision pairs
[COLLISION #2] Primary: O4-5 I-III(39.7M☉) + Secondary: Unclassified(30.4M☉) | q=0.765 → Merged Star(45.5M☉) | retain=0.648 (H=0.70), bh_prob=0.088
[INFO] Processed 1 collisions. Total stars: 854
   873 |  0.8730 |     854 |  0 |  0 |  0 |      2 |   0 |   0.1731 |   7.6 |  7.386e-04 |    2
   880 |  0.8800 |     854 |  0 |  0 |  0 |      2 |   0 |   0.1689 |   7.7 |  7.409e-04 |    2
[COLLISION] Detected 1 collision pairs
[COLLISION #3] Primary: O5.5-6 la(72.2M☉) + Secondary: Unclassified(30.4M☉) | q=0.421 → Merged Star(67.3M☉) | retain=0.656 (H=0.70), bh_prob=0.141
[INFO] Processed 1 collisions. Total stars: 853
   890 |  0.8900 |     853 |  0 |  0 |  0 |      3 |   0 |   0.1734 |   7.6 |  7.233e-04 |    3
   900 |  0.9000 |     853 |  0 |  0 |  0 |      3 |   0 |   0.1662 |   7.7 |  7.073e-04 |    3
   910 |  0.9100 |     853 |  0 |  0 |  0 |      3 |   0 |   0.1733 |   7.0 |  7.033e-04 |    3
   920 |  0.9200 |     853 |  0 |  0 |  0 |      3 |   0 |   0.1610 |   7.8 |  7.070e-04 |    3
   930 |  0.9300 |     853 |  0 |  0 |  0 |      3 |   0 |   0.1666 |   7.4 |  6.906e-04 |    3
   940 |  0.9400 |     853 |  0 |  0 |  0 |      3 |   0 |   0.1729 |   7.6 |  6.846e-04 |    3
   950 |  0.9500 |     853 |  0 |  0 |  0 |      3 |   0 |   0.1714 |   7.4 |  6.673e-04 |    3
   960 |  0.9600 |     853 |  0 |  0 |  0 |      3 |   0 |   0.1714 |   7.3 |  6.787e-04 |    3
   970 |  0.9700 |     853 |  0 |  0 |  0 |      3 |   0 |   0.1697 |   7.6 |  6.591e-04 |    3
   980 |  0.9800 |     853 |  0 |  0 |  0 |      3 |   0 |   0.1596 |   7.8 |  6.310e-04 |    3
   990 |  0.9900 |     853 |  0 |  0 |  0 |      3 |   0 |   0.1631 |   7.4 |  6.395e-04 |    3
  1000 |  1.0000 |     853 |  0 |  0 |  0 |      3 |   0 |   0.1749 |   7.8 |  6.385e-04 |    3
  1010 |  1.0100 |     853 |  0 |  0 |  0 |      3 |   0 |   0.1663 |   7.3 |  6.144e-04 |    3
  1020 |  1.0200 |     853 |  0 |  0 |  0 |      3 |   0 |   0.1672 |   7.5 |  6.257e-04 |    3
  1030 |  1.0300 |     853 |  0 |  0 |  0 |      3 |   0 |   0.1718 |   7.3 |  6.052e-04 |    3
  1040 |  1.0400 |     853 |  0 |  0 |  0 |      3 |   0 |   0.1804 |   7.3 |  6.089e-04 |    3
  1050 |  1.0500 |     853 |  0 |  0 |  0 |      3 |   0 |   0.1721 |   7.5 |  6.010e-04 |    3
  1060 |  1.0600 |     853 |  0 |  0 |  0 |      3 |   0 |   0.1683 |   7.7 |  5.991e-04 |    3
  1070 |  1.0700 |     853 |  0 |  0 |  0 |      3 |   0 |   0.1773 |   7.6 |  5.876e-04 |    3
  1080 |  1.0800 |     853 |  0 |  0 |  0 |      3 |   0 |   0.1728 |   7.7 |  5.760e-04 |    3
[COLLISION] Detected 1 collision pairs
[COLLISION #4] Primary: Unclassified(30.4M☉) + Secondary: Unclassified(30.4M☉) | q=1.000 → Merged Star(28.1M☉) | retain=0.463 (H=0.50), bh_prob=0.100
[INFO] Processed 1 collisions. Total stars: 852
  1090 |  1.0900 |     852 |  0 |  0 |  0 |      4 |   0 |   0.1787 |   7.9 |  5.924e-04 |    4
  1100 |  1.1000 |     852 |  0 |  0 |  0 |      4 |   0 |   0.1881 |   7.4 |  5.613e-04 |    4
  1110 |  1.1100 |     852 |  0 |  0 |  0 |      4 |   0 |   0.1882 |   7.4 |  5.535e-04 |    4
  1120 |  1.1200 |     852 |  0 |  0 |  0 |      4 |   0 |   0.1861 |   7.6 |  5.647e-04 |    4
  1130 |  1.1300 |     852 |  0 |  0 |  0 |      4 |   0 |   0.1854 |   7.4 |  5.545e-04 |    4
  1140 |  1.1400 |     852 |  0 |  0 |  0 |      4 |   0 |   0.1854 |   7.5 |  5.460e-04 |    4
  1150 |  1.1500 |     852 |  0 |  0 |  0 |      4 |   0 |   0.1740 |   7.7 |  5.419e-04 |    4
  1160 |  1.1600 |     852 |  0 |  0 |  0 |      4 |   0 |   0.1882 |   7.7 |  5.456e-04 |    4
  1170 |  1.1700 |     852 |  0 |  0 |  0 |      4 |   0 |   0.1848 |   7.6 |  5.315e-04 |    4
  1180 |  1.1800 |     852 |  0 |  0 |  0 |      4 |   0 |   0.1963 |   7.9 |  5.269e-04 |    4
  1190 |  1.1900 |     852 |  0 |  0 |  0 |      4 |   0 |   0.1841 |   7.3 |  5.177e-04 |    4
  1200 |  1.2000 |     852 |  0 |  0 |  0 |      4 |   0 |   0.1888 |   7.9 |  5.165e-04 |    4
  1210 |  1.2100 |     852 |  0 |  0 |  0 |      4 |   0 |   0.1843 |   7.6 |  5.193e-04 |    4
  1220 |  1.2200 |     852 |  0 |  0 |  0 |      4 |   0 |   0.1924 |   7.9 |  5.088e-04 |    4
  1230 |  1.2300 |     852 |  0 |  0 |  0 |      4 |   0 |   0.1920 |   8.3 |  5.100e-04 |    4
[COLLISION] Detected 1 collision pairs
[COLLISION #5] Primary: Unclassified(30.4M☉) + Secondary: Unclassified(30.4M☉) | q=1.000 → Merged Star(28.1M☉) | retain=0.463 (H=0.50), bh_prob=0.100
[INFO] Processed 1 collisions. Total stars: 851
  1231 |  1.2310 |     851 |  0 |  0 |  0 |      5 |   0 |   0.1967 |   8.1 |  5.059e-04 |    5
  1240 |  1.2400 |     851 |  0 |  0 |  0 |      5 |   0 |   0.1942 |   7.2 |  5.036e-04 |    5
  1250 |  1.2500 |     851 |  0 |  0 |  0 |      5 |   0 |   0.1726 |   7.9 |  4.995e-04 |    5
  1260 |  1.2600 |     851 |  0 |  0 |  0 |      5 |   0 |   0.1757 |   8.1 |  4.962e-04 |    5
  1270 |  1.2700 |     851 |  0 |  0 |  0 |      5 |   0 |   0.1944 |   7.5 |  4.886e-04 |    5
  1280 |  1.2800 |     851 |  0 |  0 |  0 |      5 |   0 |   0.1943 |   7.3 |  4.813e-04 |    5
  1290 |  1.2900 |     851 |  0 |  0 |  0 |      5 |   0 |   0.2037 |   7.7 |  4.803e-04 |    5
  1300 |  1.3000 |     851 |  0 |  0 |  0 |      5 |   0 |   0.1907 |   7.3 |  4.785e-04 |    5
[COLLISION] Detected 1 collision pairs
[COLLISION #6] Primary: O5.5-6 la(72.2M☉) + Secondary: Unclassified(30.4M☉) | q=0.421 → Merged Star(67.3M☉) | retain=0.656 (H=0.70), bh_prob=0.141
[INFO] Processed 1 collisions. Total stars: 850
  1302 |  1.3020 |     850 |  0 |  0 |  0 |      6 |   0 |   0.1917 |   7.5 |  4.832e-04 |    6
  1310 |  1.3100 |     850 |  0 |  0 |  0 |      6 |   0 |   0.1828 |   7.9 |  4.743e-04 |    6
  1320 |  1.3200 |     850 |  0 |  0 |  0 |      6 |   0 |   0.1865 |   7.7 |  4.741e-04 |    6
  1330 |  1.3300 |     850 |  0 |  0 |  0 |      6 |   0 |   0.1906 |   7.6 |  4.714e-04 |    6
  1340 |  1.3400 |     850 |  0 |  0 |  0 |      6 |   0 |   0.1930 |   7.8 |  4.746e-04 |    6
  1350 |  1.3500 |     850 |  0 |  0 |  0 |      6 |   0 |   0.1851 |   7.8 |  4.646e-04 |    6
  1360 |  1.3600 |     850 |  0 |  0 |  0 |      6 |   0 |   0.1926 |   8.0 |  4.603e-04 |    6
  1370 |  1.3700 |     850 |  0 |  0 |  0 |      6 |   0 |   0.1949 |   8.3 |  4.599e-04 |    6
[COLLISION] Detected 1 collision pairs
[COLLISION #7] Primary: Merged(45.5M☉) + Secondary: Unclassified(30.4M☉) | q=0.668 → Merged Star(35.2M☉) | retain=0.464 (H=0.50), bh_prob=0.083
[INFO] Processed 1 collisions. Total stars: 849
  1376 |  1.3760 |     849 |  0 |  0 |  0 |      6 |   0 |   0.1977 |   7.4 |  4.557e-04 |    7
[COLLISION] Detected 1 collision pairs
[COLLISION #8] Primary: Unclassified(30.4M☉) + Secondary: Unclassified(30.4M☉) | q=1.000 → Merged Star(28.1M☉) | retain=0.463 (H=0.50), bh_prob=0.100
[INFO] Processed 1 collisions. Total stars: 848
  1379 |  1.3790 |     848 |  0 |  0 |  0 |      7 |   0 |   0.2003 |   8.0 |  4.573e-04 |    8
  1380 |  1.3800 |     848 |  0 |  0 |  0 |      7 |   0 |   0.2015 |   7.6 |  4.563e-04 |    8
  1390 |  1.3900 |     848 |  0 |  0 |  0 |      7 |   0 |   0.1997 |   7.8 |  4.507e-04 |    8
  1400 |  1.4000 |     848 |  0 |  0 |  0 |      7 |   0 |   0.1866 |   7.9 |  4.501e-04 |    8
  1410 |  1.4100 |     848 |  0 |  0 |  0 |      7 |   0 |   0.1883 |   7.5 |  4.458e-04 |    8
  1420 |  1.4200 |     848 |  0 |  0 |  0 |      7 |   0 |   0.1955 |   7.8 |  4.459e-04 |    8
  1430 |  1.4300 |     848 |  0 |  0 |  0 |      7 |   0 |   0.2006 |   7.7 |  4.410e-04 |    8
  1440 |  1.4400 |     848 |  0 |  0 |  0 |      7 |   0 |   0.2012 |   7.4 |  4.385e-04 |    8
  1450 |  1.4500 |     848 |  0 |  0 |  0 |      7 |   0 |   0.2002 |   7.7 |  4.377e-04 |    8
  1460 |  1.4600 |     848 |  0 |  0 |  0 |      7 |   0 |   0.1924 |   8.1 |  4.407e-04 |    8
  1470 |  1.4700 |     848 |  0 |  0 |  0 |      7 |   0 |   0.2025 |   7.4 |  4.331e-04 |    8
  1480 |  1.4800 |     848 |  0 |  0 |  0 |      7 |   0 |   0.2040 |   7.5 |  4.325e-04 |    8
[COLLISION] Detected 1 collision pairs
[COLLISION #9] Primary: Merged(67.3M☉) + Secondary: Unclassified(30.4M☉) | q=0.451 → Merged Star(45.7M☉) | retain=0.468 (H=0.50), bh_prob=0.103
[INFO] Processed 1 collisions. Total stars: 847
  1489 |  1.4890 |     847 |  0 |  0 |  0 |      7 |   0 |   0.1886 |   8.1 |  4.339e-04 |    9
  1490 |  1.4900 |     847 |  0 |  0 |  0 |      7 |   0 |   0.1861 |   7.9 |  4.336e-04 |    9
[COLLISION] Detected 1 collision pairs
[COLLISION #10] Primary: O5-6 la+(52.7M☉) + Secondary: Unclassified(30.4M☉) | q=0.576 → Merged Star(54.1M☉) | retain=0.651 (H=0.70), bh_prob=0.109
[INFO] Processed 1 collisions. Total stars: 846
  1493 |  1.4930 |     846 |  0 |  0 |  0 |      8 |   0 |   0.1870 |   7.7 |  4.308e-04 |   10
[COLLISION] Detected 1 collision pairs
[COLLISION #11] Primary: Unclassified(30.4M☉) + Secondary: Unclassified(30.4M☉) | q=1.000 → Merged Star(28.1M☉) | retain=0.463 (H=0.50), bh_prob=0.100
[INFO] Processed 1 collisions. Total stars: 845
  1494 |  1.4940 |     845 |  0 |  0 |  0 |      9 |   0 |   0.1849 |   7.8 |  4.293e-04 |   11
  1500 |  1.5000 |     845 |  0 |  0 |  0 |      9 |   0 |   0.1980 |   7.5 |  4.279e-04 |   11
  1510 |  1.5100 |     845 |  0 |  0 |  0 |      9 |   0 |   0.2059 |   7.5 |  4.271e-04 |   11
  1520 |  1.5200 |     845 |  0 |  0 |  0 |      9 |   0 |   0.2102 |   7.3 |  4.235e-04 |   11
  1530 |  1.5300 |     845 |  0 |  0 |  0 |      9 |   0 |   0.2228 |   7.0 |  4.216e-04 |   11
  1540 |  1.5400 |     845 |  0 |  0 |  0 |      9 |   0 |   0.2261 |   7.1 |  4.227e-04 |   11
  1550 |  1.5500 |     845 |  0 |  0 |  0 |      9 |   0 |   0.2181 |   7.5 |  4.195e-04 |   11
  1560 |  1.5600 |     845 |  0 |  0 |  0 |      9 |   0 |   0.2091 |   7.5 |  4.176e-04 |   11
  1570 |  1.5700 |     845 |  0 |  0 |  0 |      9 |   0 |   0.2006 |   7.6 |  4.166e-04 |   11
  1580 |  1.5800 |     845 |  0 |  0 |  0 |      9 |   0 |   0.1966 |   7.3 |  4.165e-04 |   11
  1590 |  1.5900 |     845 |  0 |  0 |  0 |      9 |   0 |   0.2065 |   7.7 |  4.148e-04 |   11
  1600 |  1.6000 |     845 |  0 |  0 |  0 |      9 |   0 |   0.2150 |   7.4 |  4.156e-04 |   11
[COLLISION] Detected 1 collision pairs
[COLLISION #12] Primary: O6-8 V(48.5M☉) + Secondary: Unclassified(30.4M☉) | q=0.627 → Merged Star(51.3M☉) | retain=0.650 (H=0.70), bh_prob=0.081
[INFO] Processed 1 collisions. Total stars: 844
  1604 |  1.6040 |     844 |  0 |  0 |  0 |     10 |   0 |   0.2088 |   7.7 |  4.148e-04 |   12
  1610 |  1.6100 |     844 |  0 |  0 |  0 |     10 |   0 |   0.2056 |   7.4 |  4.135e-04 |   12
  1620 |  1.6200 |     844 |  0 |  0 |  0 |     10 |   0 |   0.2067 |   7.7 |  4.129e-04 |   12
  1630 |  1.6300 |     844 |  0 |  0 |  0 |     10 |   0 |   0.1995 |   7.8 |  4.108e-04 |   12
  1640 |  1.6400 |     844 |  0 |  0 |  0 |     10 |   0 |   0.2149 |   7.3 |  4.119e-04 |   12
  1650 |  1.6500 |     844 |  0 |  0 |  0 |     10 |   0 |   0.2239 |   7.5 |  4.074e-04 |   12
  1660 |  1.6600 |     844 |  0 |  0 |  0 |     10 |   0 |   0.2183 |   7.8 |  4.072e-04 |   12
[COLLISION] Detected 1 collision pairs
[COLLISION #13] Primary: O7-8 la+(63.7M☉) + Secondary: Unclassified(30.4M☉) | q=0.477 → Merged Star(61.6M☉) | retain=0.654 (H=0.70), bh_prob=0.104
[INFO] Processed 1 collisions. Total stars: 843
  1662 |  1.6620 |     843 |  0 |  0 |  0 |     11 |   0 |   0.2195 |   8.0 |  4.084e-04 |   13
  1670 |  1.6700 |     843 |  0 |  0 |  0 |     11 |   0 |   0.2173 |   7.0 |  4.066e-04 |   13
[COLLISION] Detected 1 collision pairs
[COLLISION #14] Primary: Unclassified(30.4M☉) + Secondary: Unclassified(30.4M☉) | q=1.000 → Merged Star(28.1M☉) | retain=0.463 (H=0.50), bh_prob=0.100
[INFO] Processed 1 collisions. Total stars: 842
  1679 |  1.6790 |     842 |  0 |  0 |  0 |     12 |   0 |   0.2178 |   7.5 |  4.048e-04 |   14
  1680 |  1.6800 |     842 |  0 |  0 |  0 |     12 |   0 |   0.2204 |   7.6 |  4.050e-04 |   14
  1690 |  1.6900 |     842 |  0 |  0 |  0 |     12 |   0 |   0.2095 |   7.3 |  4.046e-04 |   14
  1700 |  1.7000 |     842 |  0 |  0 |  0 |     12 |   0 |   0.2028 |   7.4 |  4.039e-04 |   14
  1710 |  1.7100 |     842 |  0 |  0 |  0 |     12 |   0 |   0.2017 |   7.2 |  4.026e-04 |   14
  1720 |  1.7200 |     842 |  0 |  0 |  0 |     12 |   0 |   0.2095 |   7.2 |  4.033e-04 |   14
  1730 |  1.7300 |     842 |  0 |  0 |  0 |     12 |   0 |   0.2145 |   7.0 |  4.012e-04 |   14
  1740 |  1.7400 |     842 |  0 |  0 |  0 |     12 |   0 |   0.2137 |   7.3 |  4.001e-04 |   14
  1750 |  1.7500 |     842 |  0 |  0 |  0 |     12 |   0 |   0.2181 |   7.1 |  4.016e-04 |   14
  1760 |  1.7600 |     842 |  0 |  0 |  0 |     12 |   0 |   0.2154 |   7.2 |  4.021e-04 |   14
  1770 |  1.7700 |     842 |  0 |  0 |  0 |     12 |   0 |   0.2239 |   7.4 |  4.007e-04 |   14
  1780 |  1.7800 |     842 |  0 |  0 |  0 |     12 |   0 |   0.2209 |   7.2 |  4.015e-04 |   14
  1790 |  1.7900 |     842 |  0 |  0 |  0 |     12 |   0 |   0.2249 |   7.5 |  3.994e-04 |   14
  1800 |  1.8000 |     842 |  0 |  0 |  0 |     12 |   0 |   0.2279 |   7.2 |  3.975e-04 |   14
  1810 |  1.8100 |     842 |  0 |  0 |  0 |     12 |   0 |   0.2273 |   7.2 |  4.000e-04 |   14
[COLLISION] Detected 1 collision pairs
[COLLISION #15] Primary: O6-6.5 III(65.7M☉) + Secondary: Merged(54.1M☉) | q=0.824 → Black Hole(77.7M☉) | retain=0.648 (H=0.70), bh_prob=0.150
[INFO] Processed 1 collisions. Total stars: 841
  1811 |  1.8110 |     841 |  1 |  0 |  0 |     11 |   0 |   0.2307 |   7.2 |  3.993e-04 |   15
  1820 |  1.8200 |     841 |  1 |  0 |  0 |     11 |   0 |   0.2177 |   7.7 |  3.995e-04 |   15
[COLLISION] Detected 1 collision pairs
[COLLISION #16] Primary: Unclassified(30.4M☉) + Secondary: Unclassified(30.4M☉) | q=1.000 → Merged Star(28.1M☉) | retain=0.463 (H=0.50), bh_prob=0.100
[INFO] Processed 1 collisions. Total stars: 840
  1824 |  1.8240 |     840 |  1 |  0 |  0 |     12 |   0 |   0.2169 |   7.6 |  4.011e-04 |   16
  1830 |  1.8300 |     840 |  1 |  0 |  0 |     12 |   0 |   0.2293 |   7.2 |  3.999e-04 |   16
  1840 |  1.8400 |     840 |  1 |  0 |  0 |     12 |   0 |   0.2315 |   7.2 |  4.024e-04 |   16
  1850 |  1.8500 |     840 |  1 |  0 |  0 |     12 |   0 |   0.2392 |   7.2 |  4.007e-04 |   16
  1860 |  1.8600 |     840 |  1 |  0 |  0 |     12 |   0 |   0.2344 |   7.5 |  4.023e-04 |   16
  1870 |  1.8700 |     840 |  1 |  0 |  0 |     12 |   0 |   0.2278 |   7.3 |  4.005e-04 |   16
  1880 |  1.8800 |     840 |  1 |  0 |  0 |     12 |   0 |   0.2350 |   7.2 |  4.005e-04 |   16
  1890 |  1.8900 |     840 |  1 |  0 |  0 |     12 |   0 |   0.2432 |   7.3 |  4.005e-04 |   16
  1900 |  1.9000 |     840 |  1 |  0 |  0 |     12 |   0 |   0.2219 |   7.5 |  4.027e-04 |   16
  1910 |  1.9100 |     840 |  1 |  0 |  0 |     12 |   0 |   0.2303 |   7.1 |  4.033e-04 |   16
[COLLISION] Detected 1 collision pairs
[COLLISION #17] Primary: O6-8 V(48.5M☉) + Secondary: O6-8 V(48.5M☉) | q=1.000 → Merged Star(62.8M☉) | retain=0.647 (H=0.70), bh_prob=0.130
[INFO] Processed 1 collisions. Total stars: 839
  1920 |  1.9200 |     839 |  1 |  0 |  0 |     13 |   0 |   0.2306 |   7.2 |  4.038e-04 |   17
  1930 |  1.9300 |     839 |  1 |  0 |  0 |     13 |   0 |   0.2377 |   7.3 |  4.035e-04 |   17
  1940 |  1.9400 |     839 |  1 |  0 |  0 |     13 |   0 |   0.2410 |   7.4 |  4.059e-04 |   17
  1950 |  1.9500 |     839 |  1 |  0 |  0 |     13 |   0 |   0.2431 |   7.3 |  4.037e-04 |   17
[COLLISION] Detected 1 collision pairs
[COLLISION #18] Primary: Merged(61.6M☉) + Secondary: O4-5 I-III(39.7M☉) | q=0.645 → Merged Star(47.0M☉) | retain=0.464 (H=0.50), bh_prob=0.150
[INFO] Processed 1 collisions. Total stars: 838
  1955 |  1.9550 |     838 |  1 |  0 |  0 |     13 |   0 |   0.2476 |   7.3 |  4.069e-04 |   18
  1960 |  1.9600 |     838 |  1 |  0 |  0 |     13 |   0 |   0.2493 |   6.9 |  4.057e-04 |   18
  1970 |  1.9700 |     838 |  1 |  0 |  0 |     13 |   0 |   0.2514 |   7.3 |  4.057e-04 |   18
[COLLISION] Detected 1 collision pairs
[COLLISION #19] Primary: Merged(67.3M☉) + Secondary: Unclassified(30.4M☉) | q=0.451 → Merged Star(45.7M☉) | retain=0.468 (H=0.50), bh_prob=0.103
[INFO] Processed 1 collisions. Total stars: 837
  1976 |  1.9760 |     837 |  1 |  0 |  0 |     13 |   0 |   0.2470 |   7.0 |  4.053e-04 |   19
  1980 |  1.9800 |     837 |  1 |  0 |  0 |     13 |   0 |   0.2501 |   7.2 |  4.053e-04 |   19
[COLLISION] Detected 1 collision pairs
[COLLISION #20] Primary: Unclassified(30.4M☉) + Secondary: Unclassified(30.4M☉) | q=1.000 → Merged Star(28.1M☉) | retain=0.463 (H=0.50), bh_prob=0.100
[INFO] Processed 1 collisions. Total stars: 836
  1982 |  1.9820 |     836 |  1 |  0 |  0 |     14 |   0 |   0.2513 |   7.4 |  4.089e-04 |   20
[COLLISION] Detected 1 collision pairs
[COLLISION #21] Primary: Merged(51.3M☉) + Secondary: Unclassified(30.4M☉) | q=0.593 → Merged Star(38.0M☉) | retain=0.465 (H=0.50), bh_prob=0.110
[INFO] Processed 1 collisions. Total stars: 835
  1983 |  1.9830 |     835 |  1 |  0 |  0 |     14 |   0 |   0.2561 |   7.1 |  4.094e-04 |   21
  1990 |  1.9900 |     835 |  1 |  0 |  0 |     14 |   0 |   0.2568 |   6.8 |  4.064e-04 |   21
  2000 |  2.0000 |     835 |  1 |  0 |  0 |     14 |   0 |   0.2585 |   7.0 |  4.094e-04 |   21
  2010 |  2.0100 |     835 |  1 |  0 |  0 |     14 |   0 |   0.2634 |   7.1 |  4.090e-04 |   21
  2020 |  2.0200 |     835 |  1 |  0 |  0 |     14 |   0 |   0.2481 |   7.0 |  4.101e-04 |   21
  2030 |  2.0300 |     835 |  1 |  0 |  0 |     14 |   0 |   0.2445 |   6.8 |  4.110e-04 |   21
  2040 |  2.0400 |     835 |  1 |  0 |  0 |     14 |   0 |   0.2517 |   6.8 |  4.123e-04 |   21
  2050 |  2.0500 |     835 |  1 |  0 |  0 |     14 |   0 |   0.2641 |   6.8 |  4.158e-04 |   21
  2060 |  2.0600 |     835 |  1 |  0 |  0 |     14 |   0 |   0.2655 |   7.0 |  4.165e-04 |   21
  2070 |  2.0700 |     835 |  1 |  0 |  0 |     14 |   0 |   0.2708 |   6.6 |  4.181e-04 |   21
[COLLISION] Detected 1 collision pairs
[COLLISION #22] Primary: O6-8 V(48.5M☉) + Secondary: Merged(45.7M☉) | q=0.943 → Black Hole(61.0M☉) | retain=0.648 (H=0.70), bh_prob=0.127
[INFO] Processed 1 collisions. Total stars: 834
  2072 |  2.0720 |     834 |  2 |  0 |  0 |     13 |   0 |   0.2718 |   6.8 |  4.183e-04 |   22
  2080 |  2.0800 |     834 |  2 |  0 |  0 |     13 |   0 |   0.2716 |   7.1 |  4.188e-04 |   22
  2090 |  2.0900 |     834 |  2 |  0 |  0 |     13 |   0 |   0.2549 |   7.0 |  4.216e-04 |   22
  2100 |  2.1000 |     834 |  2 |  0 |  0 |     13 |   0 |   0.2587 |   7.4 |  4.209e-04 |   22
  2110 |  2.1100 |     834 |  2 |  0 |  0 |     13 |   0 |   0.2426 |   7.2 |  4.222e-04 |   22
  2120 |  2.1200 |     834 |  2 |  0 |  0 |     13 |   0 |   0.2534 |   7.3 |  4.469e-04 |   22
  2130 |  2.1300 |     834 |  2 |  0 |  0 |     13 |   0 |   0.2512 |   7.6 |  4.268e-04 |   22
[COLLISION] Detected 1 collision pairs
[COLLISION #23] Primary: Merged(62.8M☉) + Secondary: Unclassified(30.4M☉) | q=0.484 → Merged Star(43.5M☉) | retain=0.467 (H=0.50), bh_prob=0.104
[INFO] Processed 1 collisions. Total stars: 833
  2140 |  2.1400 |     833 |  2 |  0 |  0 |     13 |   0 |   0.2567 |   7.0 |  4.303e-04 |   23
  2150 |  2.1500 |     833 |  2 |  0 |  0 |     13 |   0 |   0.2685 |   7.1 |  4.355e-04 |   23
  2160 |  2.1600 |     833 |  2 |  0 |  0 |     13 |   0 |   0.2754 |   7.8 |  4.326e-04 |   23
  2170 |  2.1700 |     833 |  2 |  0 |  0 |     13 |   0 |   0.2821 |   7.4 |  4.420e-04 |   23
  2180 |  2.1800 |     833 |  2 |  0 |  0 |     13 |   0 |   0.2770 |   6.7 |  4.330e-04 |   23
  2190 |  2.1900 |     833 |  2 |  0 |  0 |     13 |   0 |   0.2600 |   7.0 |  4.364e-04 |   23
  2200 |  2.2000 |     833 |  2 |  0 |  0 |     13 |   0 |   0.2598 |   7.4 |  4.392e-04 |   23
  2210 |  2.2100 |     833 |  2 |  0 |  0 |     13 |   0 |   0.2590 |   7.0 |  4.420e-04 |   23
  2220 |  2.2200 |     833 |  2 |  0 |  0 |     13 |   0 |   0.2590 |   7.4 |  4.445e-04 |   23
  2230 |  2.2300 |     833 |  2 |  0 |  0 |     13 |   0 |   0.2603 |   6.9 |  4.575e-04 |   23
[COLLISION] Detected 1 collision pairs
[BH COLLISION #24] BH(77.7M☉) + Unclassified(30.4M☉) → BH(108.1M☉) | retain=1.000, bh_prob=1.000
[INFO] Processed 1 collisions. Total stars: 832
  2235 |  2.2350 |     832 |  2 |  0 |  0 |     13 |   0 |   0.2594 |   7.2 |  4.493e-04 |   24
  2240 |  2.2400 |     832 |  2 |  0 |  0 |     13 |   0 |   0.2684 |   6.9 |  4.539e-04 |   24
  2250 |  2.2500 |     832 |  2 |  0 |  0 |     13 |   0 |   0.2618 |   6.8 |  4.553e-04 |   24
  2260 |  2.2600 |     832 |  2 |  0 |  0 |     13 |   0 |   0.2679 |   7.0 |  4.584e-04 |   24
  2270 |  2.2700 |     832 |  2 |  0 |  0 |     13 |   0 |   0.2577 |   6.9 |  4.580e-04 |   24
  2280 |  2.2800 |     832 |  2 |  0 |  0 |     13 |   0 |   0.2534 |   7.2 |  4.615e-04 |   24
  2290 |  2.2900 |     832 |  2 |  0 |  0 |     13 |   0 |   0.2646 |   6.7 |  4.652e-04 |   24
  2300 |  2.3000 |     832 |  2 |  0 |  0 |     13 |   0 |   0.2801 |   6.7 |  4.683e-04 |   24
  2310 |  2.3100 |     832 |  2 |  0 |  0 |     13 |   0 |   0.2817 |   6.5 |  4.707e-04 |   24
  2320 |  2.3200 |     832 |  2 |  0 |  0 |     13 |   0 |   0.2744 |   7.2 |  5.147e-04 |   24
  2330 |  2.3300 |     832 |  2 |  0 |  0 |     13 |   0 |   0.2643 |   6.8 |  4.779e-04 |   24
  2340 |  2.3400 |     832 |  2 |  0 |  0 |     13 |   0 |   0.2587 |   7.3 |  4.822e-04 |   24
  2350 |  2.3500 |     832 |  2 |  0 |  0 |     13 |   0 |   0.2577 |   7.1 |  4.840e-04 |   24
  2360 |  2.3600 |     832 |  2 |  0 |  0 |     13 |   0 |   0.2669 |   7.5 |  5.058e-04 |   24
  2370 |  2.3700 |     832 |  2 |  0 |  0 |     13 |   0 |   0.2744 |   7.8 |  4.911e-04 |   24
  2380 |  2.3800 |     832 |  2 |  0 |  0 |     13 |   0 |   0.2566 |   7.2 |  5.557e-04 |   24
