/home/glebapika/my_python_env/lib/python3.12/site-packages/amuse/support/options.py:11: UserWarning: pkg_resources is deprecated as an API. See https://setuptools.pypa.io/en/latest/pkg_resources.html. The pkg_resources package is slated for removal as early as 2025-11-30. Refrain from using this package or pin to Setuptools<81.
  import pkg_resources
======================================================================
ARCHES CLUSTER SIMULATION WITH REALISTIC COLLISION PHYSICS AND GAS FRICTION
======================================================================

======================================================================
ЗАПУСК КАСКАДА ИЗ 19 ЦИКЛОВ
======================================================================

======================================================================
ЗАПУСК МНОГОЦИКЛИЧНОЙ СИМУЛЯЦИИ (19 циклов)
======================================================================

======================================================================
ЦИКЛ СИМУЛЯЦИИ 1/19
======================================================================
Результаты будут сохранены в: simulation_results/run_20251229_225926
Запуск симуляции...

1. BUILDING STAR POPULATION...
   Initial stars: 856
   Total mass: 25983 Msun

2. INITIALIZING CLUSTER STRUCTURE...
   Cluster radius: 0.200 pc

3. SETTING ORBITAL MOTION AROUND GALACTIC CENTER...

4. INITIALIZING PH4 FOR CLUSTER GRAVITY...
   PH4 initialized with 3 workers

5. INITIALIZING STELLAR EVOLUTION...
   Stellar evolution initialized for 856 stars

6. INITIALIZING GALACTIC POTENTIAL...

6b. INITIALIZING GAS DYNAMICAL FRICTION...
   Gas friction enabled: True
   Gas density profile: central_molecular_zone
   Drag coefficient: 1
   Coulomb logarithm: 8.0

7. SETTING UP BRIDGE INTEGRATOR WITH GAS FRICTION...
   Bridge timestep: 0.001000 Myr
   Gas friction integrated: True

8. INITIALIZING REALISTIC COLLISION HANDLER...

9. SETTING UP DIAGNOSTICS SYSTEM...

======================================================================
STARTING MAIN SIMULATION LOOP
======================================================================

Initial setup:
  Number of stars: 856
  Total mass: 25982.9 Msun

Simulation Progress:
Step | Time [Myr] | N_stars | BH | NS | WD | Merged | VMS | R_cluster [pc] | σ_v [km/s] | F_fric [km/s/Myr] | Collisions
----------------------------------------------------------------------------------------------------------------------------------
    10 |  0.0100 |     856 |  0 |  0 |  0 |      0 |   0 |   0.1706 |   6.3 |  1.637e-03 |    0
    20 |  0.0200 |     856 |  0 |  0 |  0 |      0 |   0 |   0.1793 |   5.9 |  1.618e-03 |    0
    30 |  0.0300 |     856 |  0 |  0 |  0 |      0 |   0 |   0.1774 |   6.0 |  1.617e-03 |    0
    40 |  0.0400 |     856 |  0 |  0 |  0 |      0 |   0 |   0.1739 |   6.3 |  1.613e-03 |    0
[COLLISION] Detected 1 collision pairs
[COLLISION #1] Primary: Unclassified(30.4M☉) + Secondary: Unclassified(30.4M☉) | q=1.000 → Merged Star(28.1M☉) | retain=0.463 (H=0.50), bh_prob=0.100
[INFO] Processed 1 collisions. Total stars: 855
    48 |  0.0480 |     855 |  0 |  0 |  0 |      1 |   0 |   0.1686 |   6.2 |  1.605e-03 |    1
    50 |  0.0500 |     855 |  0 |  0 |  0 |      1 |   0 |   0.1699 |   6.4 |  1.610e-03 |    1
    60 |  0.0600 |     855 |  0 |  0 |  0 |      1 |   0 |   0.1665 |   6.5 |  1.621e-03 |    1
    70 |  0.0700 |     855 |  0 |  0 |  0 |      1 |   0 |   0.1705 |   6.2 |  1.619e-03 |    1
    80 |  0.0800 |     855 |  0 |  0 |  0 |      1 |   0 |   0.1692 |   6.3 |  1.601e-03 |    1
    90 |  0.0900 |     855 |  0 |  0 |  0 |      1 |   0 |   0.1733 |   6.3 |  1.614e-03 |    1
   100 |  0.1000 |     855 |  0 |  0 |  0 |      1 |   0 |   0.1728 |   6.0 |  1.583e-03 |    1
   110 |  0.1100 |     855 |  0 |  0 |  0 |      1 |   0 |   0.1741 |   6.2 |  1.584e-03 |    1
   120 |  0.1200 |     855 |  0 |  0 |  0 |      1 |   0 |   0.1727 |   6.1 |  1.588e-03 |    1
   130 |  0.1300 |     855 |  0 |  0 |  0 |      1 |   0 |   0.1692 |   6.3 |  1.575e-03 |    1
   140 |  0.1400 |     855 |  0 |  0 |  0 |      1 |   0 |   0.1616 |   6.5 |  1.549e-03 |    1
   150 |  0.1500 |     855 |  0 |  0 |  0 |      1 |   0 |   0.1688 |   6.4 |  1.566e-03 |    1
   160 |  0.1600 |     855 |  0 |  0 |  0 |      1 |   0 |   0.1708 |   6.3 |  1.545e-03 |    1
   170 |  0.1700 |     855 |  0 |  0 |  0 |      1 |   0 |   0.1684 |   6.4 |  1.531e-03 |    1
   180 |  0.1800 |     855 |  0 |  0 |  0 |      1 |   0 |   0.1714 |   6.4 |  1.542e-03 |    1
   190 |  0.1900 |     855 |  0 |  0 |  0 |      1 |   0 |   0.1781 |   6.3 |  1.537e-03 |    1
   200 |  0.2000 |     855 |  0 |  0 |  0 |      1 |   0 |   0.1819 |   6.1 |  1.513e-03 |    1
   210 |  0.2100 |     855 |  0 |  0 |  0 |      1 |   0 |   0.1682 |   6.2 |  1.496e-03 |    1
   220 |  0.2200 |     855 |  0 |  0 |  0 |      1 |   0 |   0.1646 |   6.6 |  1.501e-03 |    1
   230 |  0.2300 |     855 |  0 |  0 |  0 |      1 |   0 |   0.1717 |   6.4 |  1.483e-03 |    1
   240 |  0.2400 |     855 |  0 |  0 |  0 |      1 |   0 |   0.1791 |   6.2 |  1.472e-03 |    1
   250 |  0.2500 |     855 |  0 |  0 |  0 |      1 |   0 |   0.1731 |   6.3 |  1.457e-03 |    1
   260 |  0.2600 |     855 |  0 |  0 |  0 |      1 |   0 |   0.1734 |   6.2 |  1.456e-03 |    1
   270 |  0.2700 |     855 |  0 |  0 |  0 |      1 |   0 |   0.1689 |   6.3 |  1.446e-03 |    1
   280 |  0.2800 |     855 |  0 |  0 |  0 |      1 |   0 |   0.1688 |   6.8 |  1.438e-03 |    1
   290 |  0.2900 |     855 |  0 |  0 |  0 |      1 |   0 |   0.1724 |   6.3 |  1.423e-03 |    1
   300 |  0.3000 |     855 |  0 |  0 |  0 |      1 |   0 |   0.1766 |   6.4 |  1.411e-03 |    1
   310 |  0.3100 |     855 |  0 |  0 |  0 |      1 |   0 |   0.1721 |   6.5 |  1.406e-03 |    1
   320 |  0.3200 |     855 |  0 |  0 |  0 |      1 |   0 |   0.1699 |   6.7 |  1.390e-03 |    1
   330 |  0.3300 |     855 |  0 |  0 |  0 |      1 |   0 |   0.1720 |   6.3 |  1.375e-03 |    1
   340 |  0.3400 |     855 |  0 |  0 |  0 |      1 |   0 |   0.1799 |   6.4 |  1.379e-03 |    1
   350 |  0.3500 |     855 |  0 |  0 |  0 |      1 |   0 |   0.1823 |   6.3 |  1.343e-03 |    1
   360 |  0.3600 |     855 |  0 |  0 |  0 |      1 |   0 |   0.1676 |   6.4 |  1.351e-03 |    1
   370 |  0.3700 |     855 |  0 |  0 |  0 |      1 |   0 |   0.1629 |   6.8 |  1.329e-03 |    1
   380 |  0.3800 |     855 |  0 |  0 |  0 |      1 |   0 |   0.1754 |   6.4 |  1.314e-03 |    1
   390 |  0.3900 |     855 |  0 |  0 |  0 |      1 |   0 |   0.1793 |   6.2 |  1.320e-03 |    1
   400 |  0.4000 |     855 |  0 |  0 |  0 |      1 |   0 |   0.1819 |   6.3 |  1.297e-03 |    1
   410 |  0.4100 |     855 |  0 |  0 |  0 |      1 |   0 |   0.1743 |   6.4 |  1.273e-03 |    1
   420 |  0.4200 |     855 |  0 |  0 |  0 |      1 |   0 |   0.1740 |   6.4 |  1.275e-03 |    1
   430 |  0.4300 |     855 |  0 |  0 |  0 |      1 |   0 |   0.1717 |   6.6 |  1.265e-03 |    1
   440 |  0.4400 |     855 |  0 |  0 |  0 |      1 |   0 |   0.1730 |   6.6 |  1.260e-03 |    1
   450 |  0.4500 |     855 |  0 |  0 |  0 |      1 |   0 |   0.1708 |   6.5 |  1.239e-03 |    1
   460 |  0.4600 |     855 |  0 |  0 |  0 |      1 |   0 |   0.1760 |   6.5 |  1.225e-03 |    1
   470 |  0.4700 |     855 |  0 |  0 |  0 |      1 |   0 |   0.1763 |   6.3 |  1.213e-03 |    1
   480 |  0.4800 |     855 |  0 |  0 |  0 |      1 |   0 |   0.1656 |   6.8 |  1.196e-03 |    1
   490 |  0.4900 |     855 |  0 |  0 |  0 |      1 |   0 |   0.1718 |   6.7 |  1.184e-03 |    1
   500 |  0.5000 |     855 |  0 |  0 |  0 |      1 |   0 |   0.1766 |   6.3 |  1.175e-03 |    1
   510 |  0.5100 |     855 |  0 |  0 |  0 |      1 |   0 |   0.1766 |   6.4 |  1.164e-03 |    1
   520 |  0.5200 |     855 |  0 |  0 |  0 |      1 |   0 |   0.1685 |   6.5 |  1.142e-03 |    1
   530 |  0.5300 |     855 |  0 |  0 |  0 |      1 |   0 |   0.1683 |   6.5 |  1.144e-03 |    1
   540 |  0.5400 |     855 |  0 |  0 |  0 |      1 |   0 |   0.1684 |   6.7 |  1.125e-03 |    1
   550 |  0.5500 |     855 |  0 |  0 |  0 |      1 |   0 |   0.1712 |   6.5 |  1.105e-03 |    1
   560 |  0.5600 |     855 |  0 |  0 |  0 |      1 |   0 |   0.1728 |   6.3 |  1.096e-03 |    1
[COLLISION] Detected 1 collision pairs
[COLLISION #2] Primary: O6-8 V(48.5M☉) + Secondary: Unclassified(30.4M☉) | q=0.627 → Merged Star(51.3M☉) | retain=0.650 (H=0.70), bh_prob=0.081
[INFO] Processed 1 collisions. Total stars: 854
   569 |  0.5690 |     854 |  0 |  0 |  0 |      2 |   0 |   0.1784 |   6.5 |  1.090e-03 |    2
   570 |  0.5700 |     854 |  0 |  0 |  0 |      2 |   0 |   0.1769 |   6.4 |  1.091e-03 |    2
   580 |  0.5800 |     854 |  0 |  0 |  0 |      2 |   0 |   0.1728 |   6.5 |  1.075e-03 |    2
   590 |  0.5900 |     854 |  0 |  0 |  0 |      2 |   0 |   0.1674 |   6.6 |  1.071e-03 |    2
   600 |  0.6000 |     854 |  0 |  0 |  0 |      2 |   0 |   0.1703 |   6.7 |  1.058e-03 |    2
   610 |  0.6100 |     854 |  0 |  0 |  0 |      2 |   0 |   0.1771 |   6.7 |  1.040e-03 |    2
   620 |  0.6200 |     854 |  0 |  0 |  0 |      2 |   0 |   0.1777 |   6.4 |  1.027e-03 |    2
   630 |  0.6300 |     854 |  0 |  0 |  0 |      2 |   0 |   0.1696 |   6.8 |  1.010e-03 |    2
   640 |  0.6400 |     854 |  0 |  0 |  0 |      2 |   0 |   0.1669 |   6.6 |  1.004e-03 |    2
   650 |  0.6500 |     854 |  0 |  0 |  0 |      2 |   0 |   0.1685 |   6.8 |  9.895e-04 |    2
   660 |  0.6600 |     854 |  0 |  0 |  0 |      2 |   0 |   0.1754 |   6.4 |  9.714e-04 |    2
   670 |  0.6700 |     854 |  0 |  0 |  0 |      2 |   0 |   0.1719 |   6.7 |  9.583e-04 |    2
   680 |  0.6800 |     854 |  0 |  0 |  0 |      2 |   0 |   0.1806 |   6.3 |  9.407e-04 |    2
   690 |  0.6900 |     854 |  0 |  0 |  0 |      2 |   0 |   0.1769 |   6.7 |  9.385e-04 |    2
   700 |  0.7000 |     854 |  0 |  0 |  0 |      2 |   0 |   0.1580 |   7.1 |  9.324e-04 |    2
   710 |  0.7100 |     854 |  0 |  0 |  0 |      2 |   0 |   0.1635 |   7.0 |  9.050e-04 |    2
   720 |  0.7200 |     854 |  0 |  0 |  0 |      2 |   0 |   0.1700 |   6.7 |  8.833e-04 |    2
   730 |  0.7300 |     854 |  0 |  0 |  0 |      2 |   0 |   0.1802 |   6.6 |  8.722e-04 |    2
   740 |  0.7400 |     854 |  0 |  0 |  0 |      2 |   0 |   0.1824 |   6.8 |  8.734e-04 |    2
   750 |  0.7500 |     854 |  0 |  0 |  0 |      2 |   0 |   0.1779 |   6.5 |  8.467e-04 |    2
   760 |  0.7600 |     854 |  0 |  0 |  0 |      2 |   0 |   0.1793 |   6.4 |  8.535e-04 |    2
   770 |  0.7700 |     854 |  0 |  0 |  0 |      2 |   0 |   0.1681 |   7.0 |  8.300e-04 |    2
   780 |  0.7800 |     854 |  0 |  0 |  0 |      2 |   0 |   0.1728 |   7.0 |  8.236e-04 |    2
   790 |  0.7900 |     854 |  0 |  0 |  0 |      2 |   0 |   0.1789 |   6.5 |  8.059e-04 |    2
   800 |  0.8000 |     854 |  0 |  0 |  0 |      2 |   0 |   0.1744 |   6.6 |  8.032e-04 |    2
   810 |  0.8100 |     854 |  0 |  0 |  0 |      2 |   0 |   0.1720 |   6.8 |  7.907e-04 |    2
   820 |  0.8200 |     854 |  0 |  0 |  0 |      2 |   0 |   0.1728 |   6.9 |  7.853e-04 |    2
   830 |  0.8300 |     854 |  0 |  0 |  0 |      2 |   0 |   0.1792 |   6.7 |  7.667e-04 |    2
   840 |  0.8400 |     854 |  0 |  0 |  0 |      2 |   0 |   0.1816 |   6.6 |  7.588e-04 |    2
   850 |  0.8500 |     854 |  0 |  0 |  0 |      2 |   0 |   0.1680 |   6.9 |  7.547e-04 |    2
   860 |  0.8600 |     854 |  0 |  0 |  0 |      2 |   0 |   0.1760 |   6.8 |  7.343e-04 |    2
   870 |  0.8700 |     854 |  0 |  0 |  0 |      2 |   0 |   0.1836 |   6.7 |  7.328e-04 |    2
   880 |  0.8800 |     854 |  0 |  0 |  0 |      2 |   0 |   0.1743 |   6.7 |  7.122e-04 |    2
   890 |  0.8900 |     854 |  0 |  0 |  0 |      2 |   0 |   0.1685 |   7.2 |  7.176e-04 |    2
   900 |  0.9000 |     854 |  0 |  0 |  0 |      2 |   0 |   0.1742 |   6.6 |  7.080e-04 |    2
   910 |  0.9100 |     854 |  0 |  0 |  0 |      2 |   0 |   0.1776 |   7.0 |  7.052e-04 |    2
   920 |  0.9200 |     854 |  0 |  0 |  0 |      2 |   0 |   0.1750 |   6.8 |  6.807e-04 |    2
   930 |  0.9300 |     854 |  0 |  0 |  0 |      2 |   0 |   0.1834 |   6.9 |  6.816e-04 |    2
   940 |  0.9400 |     854 |  0 |  0 |  0 |      2 |   0 |   0.1774 |   6.6 |  6.663e-04 |    2
   950 |  0.9500 |     854 |  0 |  0 |  0 |      2 |   0 |   0.1743 |   7.2 |  6.691e-04 |    2
   960 |  0.9600 |     854 |  0 |  0 |  0 |      2 |   0 |   0.1745 |   6.7 |  6.474e-04 |    2
   970 |  0.9700 |     854 |  0 |  0 |  0 |      2 |   0 |   0.1853 |   6.7 |  6.373e-04 |    2
   980 |  0.9800 |     854 |  0 |  0 |  0 |      2 |   0 |   0.1773 |   7.0 |  6.359e-04 |    2
   990 |  0.9900 |     854 |  0 |  0 |  0 |      2 |   0 |   0.1812 |   6.8 |  6.302e-04 |    2
  1000 |  1.0000 |     854 |  0 |  0 |  0 |      2 |   0 |   0.1777 |   7.0 |  6.258e-04 |    2
  1010 |  1.0100 |     854 |  0 |  0 |  0 |      2 |   0 |   0.1812 |   6.8 |  6.138e-04 |    2
  1020 |  1.0200 |     854 |  0 |  0 |  0 |      2 |   0 |   0.1781 |   6.9 |  6.035e-04 |    2
  1030 |  1.0300 |     854 |  0 |  0 |  0 |      2 |   0 |   0.1749 |   7.0 |  6.029e-04 |    2
  1040 |  1.0400 |     854 |  0 |  0 |  0 |      2 |   0 |   0.1813 |   6.8 |  6.002e-04 |    2
  1050 |  1.0500 |     854 |  0 |  0 |  0 |      2 |   0 |   0.1833 |   6.8 |  5.934e-04 |    2
  1060 |  1.0600 |     854 |  0 |  0 |  0 |      2 |   0 |   0.1811 |   7.2 |  5.824e-04 |    2
  1070 |  1.0700 |     854 |  0 |  0 |  0 |      2 |   0 |   0.1963 |   7.0 |  5.791e-04 |    2
  1080 |  1.0800 |     854 |  0 |  0 |  0 |      2 |   0 |   0.2006 |   6.4 |  5.712e-04 |    2
  1090 |  1.0900 |     854 |  0 |  0 |  0 |      2 |   0 |   0.1807 |   7.1 |  5.690e-04 |    2
  1100 |  1.1000 |     854 |  0 |  0 |  0 |      2 |   0 |   0.1628 |   7.5 |  5.740e-04 |    2
  1110 |  1.1100 |     854 |  0 |  0 |  0 |      2 |   0 |   0.1736 |   6.9 |  5.603e-04 |    2
  1120 |  1.1200 |     854 |  0 |  0 |  0 |      2 |   0 |   0.1751 |   6.9 |  5.453e-04 |    2
  1130 |  1.1300 |     854 |  0 |  0 |  0 |      2 |   0 |   0.1882 |   6.8 |  5.488e-04 |    2
  1140 |  1.1400 |     854 |  0 |  0 |  0 |      2 |   0 |   0.1894 |   7.0 |  5.427e-04 |    2
  1150 |  1.1500 |     854 |  0 |  0 |  0 |      2 |   0 |   0.1762 |   7.1 |  5.366e-04 |    2
  1160 |  1.1600 |     854 |  0 |  0 |  0 |      2 |   0 |   0.1856 |   6.8 |  5.304e-04 |    2
  1170 |  1.1700 |     854 |  0 |  0 |  0 |      2 |   0 |   0.1821 |   6.8 |  5.207e-04 |    2
  1180 |  1.1800 |     854 |  0 |  0 |  0 |      2 |   0 |   0.1807 |   7.1 |  5.200e-04 |    2
  1190 |  1.1900 |     854 |  0 |  0 |  0 |      2 |   0 |   0.1843 |   7.3 |  5.251e-04 |    2
  1200 |  1.2000 |     854 |  0 |  0 |  0 |      2 |   0 |   0.1907 |   6.9 |  5.058e-04 |    2
  1210 |  1.2100 |     854 |  0 |  0 |  0 |      2 |   0 |   0.1878 |   6.8 |  5.079e-04 |    2
  1220 |  1.2200 |     854 |  0 |  0 |  0 |      2 |   0 |   0.1811 |   7.1 |  5.054e-04 |    2
  1230 |  1.2300 |     854 |  0 |  0 |  0 |      2 |   0 |   0.1846 |   7.1 |  5.097e-04 |    2
  1240 |  1.2400 |     854 |  0 |  0 |  0 |      2 |   0 |   0.1861 |   6.9 |  4.930e-04 |    2
  1250 |  1.2500 |     854 |  0 |  0 |  0 |      2 |   0 |   0.1831 |   7.1 |  5.029e-04 |    2
  1260 |  1.2600 |     854 |  0 |  0 |  0 |      2 |   0 |   0.1779 |   7.3 |  4.967e-04 |    2
  1270 |  1.2700 |     854 |  0 |  0 |  0 |      2 |   0 |   0.1768 |   7.2 |  4.859e-04 |    2
  1280 |  1.2800 |     854 |  0 |  0 |  0 |      2 |   0 |   0.1940 |   6.8 |  4.826e-04 |    2
  1290 |  1.2900 |     854 |  0 |  0 |  0 |      2 |   0 |   0.2039 |   6.7 |  4.796e-04 |    2
  1300 |  1.3000 |     854 |  0 |  0 |  0 |      2 |   0 |   0.1889 |   7.0 |  4.829e-04 |    2
  1310 |  1.3100 |     854 |  0 |  0 |  0 |      2 |   0 |   0.1864 |   7.0 |  4.776e-04 |    2
  1320 |  1.3200 |     854 |  0 |  0 |  0 |      2 |   0 |   0.1866 |   7.2 |  4.773e-04 |    2
  1330 |  1.3300 |     854 |  0 |  0 |  0 |      2 |   0 |   0.1858 |   7.1 |  4.690e-04 |    2
  1340 |  1.3400 |     854 |  0 |  0 |  0 |      2 |   0 |   0.1933 |   6.7 |  4.656e-04 |    2
[COLLISION] Detected 1 collision pairs
[COLLISION #3] Primary: O4-5 la+(35.5M☉) + Secondary: Unclassified(30.4M☉) | q=0.855 → Merged Star(42.7M☉) | retain=0.648 (H=0.70), bh_prob=0.093
[INFO] Processed 1 collisions. Total stars: 853
  1348 |  1.3480 |     853 |  0 |  0 |  0 |      3 |   0 |   0.1908 |   7.3 |  4.696e-04 |    3
  1350 |  1.3500 |     853 |  0 |  0 |  0 |      3 |   0 |   0.1879 |   7.0 |  4.702e-04 |    3
  1360 |  1.3600 |     853 |  0 |  0 |  0 |      3 |   0 |   0.1932 |   7.1 |  4.593e-04 |    3
  1370 |  1.3700 |     853 |  0 |  0 |  0 |      3 |   0 |   0.1981 |   7.1 |  4.609e-04 |    3
  1380 |  1.3800 |     853 |  0 |  0 |  0 |      3 |   0 |   0.1934 |   7.0 |  4.596e-04 |    3
  1390 |  1.3900 |     853 |  0 |  0 |  0 |      3 |   0 |   0.1874 |   7.1 |  4.504e-04 |    3
  1400 |  1.4000 |     853 |  0 |  0 |  0 |      3 |   0 |   0.1881 |   7.0 |  4.507e-04 |    3
  1410 |  1.4100 |     853 |  0 |  0 |  0 |      3 |   0 |   0.1894 |   7.4 |  4.530e-04 |    3
  1420 |  1.4200 |     853 |  0 |  0 |  0 |      3 |   0 |   0.1893 |   7.1 |  4.431e-04 |    3
  1430 |  1.4300 |     853 |  0 |  0 |  0 |      3 |   0 |   0.1944 |   7.1 |  4.456e-04 |    3
  1440 |  1.4400 |     853 |  0 |  0 |  0 |      3 |   0 |   0.1915 |   7.2 |  4.439e-04 |    3
  1450 |  1.4500 |     853 |  0 |  0 |  0 |      3 |   0 |   0.1963 |   6.6 |  4.368e-04 |    3
  1460 |  1.4600 |     853 |  0 |  0 |  0 |      3 |   0 |   0.2056 |   7.2 |  4.386e-04 |    3
  1470 |  1.4700 |     853 |  0 |  0 |  0 |      3 |   0 |   0.1906 |   7.5 |  4.372e-04 |    3
  1480 |  1.4800 |     853 |  0 |  0 |  0 |      3 |   0 |   0.2088 |   6.8 |  4.310e-04 |    3
  1490 |  1.4900 |     853 |  0 |  0 |  0 |      3 |   0 |   0.2070 |   7.2 |  4.346e-04 |    3
  1500 |  1.5000 |     853 |  0 |  0 |  0 |      3 |   0 |   0.1987 |   7.0 |  4.295e-04 |    3
  1510 |  1.5100 |     853 |  0 |  0 |  0 |      3 |   0 |   0.1848 |   7.2 |  4.284e-04 |    3
  1520 |  1.5200 |     853 |  0 |  0 |  0 |      3 |   0 |   0.1866 |   7.7 |  4.288e-04 |    3
  1530 |  1.5300 |     853 |  0 |  0 |  0 |      3 |   0 |   0.1896 |   7.2 |  4.252e-04 |    3
  1540 |  1.5400 |     853 |  0 |  0 |  0 |      3 |   0 |   0.1973 |   7.4 |  4.255e-04 |    3
  1550 |  1.5500 |     853 |  0 |  0 |  0 |      3 |   0 |   0.2100 |   7.2 |  4.207e-04 |    3
  1560 |  1.5600 |     853 |  0 |  0 |  0 |      3 |   0 |   0.2010 |   7.4 |  4.214e-04 |    3
  1570 |  1.5700 |     853 |  0 |  0 |  0 |      3 |   0 |   0.2017 |   7.7 |  4.200e-04 |    3
  1580 |  1.5800 |     853 |  0 |  0 |  0 |      3 |   0 |   0.2012 |   7.3 |  4.207e-04 |    3
  1590 |  1.5900 |     853 |  0 |  0 |  0 |      3 |   0 |   0.2070 |   7.8 |  4.167e-04 |    3
  1600 |  1.6000 |     853 |  0 |  0 |  0 |      3 |   0 |   0.2121 |   7.2 |  4.135e-04 |    3
  1610 |  1.6100 |     853 |  0 |  0 |  0 |      3 |   0 |   0.2146 |   7.0 |  4.115e-04 |    3
  1620 |  1.6200 |     853 |  0 |  0 |  0 |      3 |   0 |   0.2052 |   7.4 |  4.124e-04 |    3
[COLLISION] Detected 1 collision pairs
[COLLISION #4] Primary: O5.5-6 la(72.2M☉) + Secondary: Unclassified(30.4M☉) | q=0.421 → Merged Star(67.3M☉) | retain=0.656 (H=0.70), bh_prob=0.141
[INFO] Processed 1 collisions. Total stars: 852
  1630 |  1.6300 |     852 |  0 |  0 |  0 |      4 |   0 |   0.1999 |   7.4 |  4.100e-04 |    4
[COLLISION] Detected 1 collision pairs
[COLLISION #5] Primary: O6-6.5 III(65.7M☉) + Secondary: O7-8 la+(63.7M☉) | q=0.970 → Very Massive Star(83.8M☉) | retain=0.648 (H=0.70), bh_prob=0.150
[INFO] Processed 1 collisions. Total stars: 851
  1635 |  1.6350 |     851 |  0 |  0 |  0 |      4 |   1 |   0.2016 |   7.0 |  4.117e-04 |    5
  1640 |  1.6400 |     851 |  0 |  0 |  0 |      4 |   1 |   0.2027 |   7.2 |  4.146e-04 |    5
[COLLISION] Detected 1 collision pairs
[COLLISION #6] Primary: Unclassified(30.4M☉) + Secondary: Unclassified(30.4M☉) | q=1.000 → Merged Star(28.1M☉) | retain=0.463 (H=0.50), bh_prob=0.100
[INFO] Processed 1 collisions. Total stars: 850
  1650 |  1.6500 |     850 |  0 |  0 |  0 |      5 |   1 |   0.2019 |   7.4 |  4.104e-04 |    6
  1660 |  1.6600 |     850 |  0 |  0 |  0 |      5 |   1 |   0.2066 |   6.9 |  4.080e-04 |    6
  1670 |  1.6700 |     850 |  0 |  0 |  0 |      5 |   1 |   0.2085 |   7.1 |  4.085e-04 |    6
  1680 |  1.6800 |     850 |  0 |  0 |  0 |      5 |   1 |   0.2007 |   7.5 |  4.082e-04 |    6
  1690 |  1.6900 |     850 |  0 |  0 |  0 |      5 |   1 |   0.2071 |   7.2 |  4.060e-04 |    6
[COLLISION] Detected 1 collision pairs
[COLLISION #7] Primary: VMS(83.8M☉) + Secondary: Merged(67.3M☉) | q=0.803 → Black Hole(56.0M☉) | retain=0.370 (H=0.40), bh_prob=0.150
[INFO] Processed 1 collisions. Total stars: 849
  1691 |  1.6910 |     849 |  1 |  0 |  0 |      4 |   0 |   0.2128 |   7.0 |  4.055e-04 |    7
  1700 |  1.7000 |     849 |  1 |  0 |  0 |      4 |   0 |   0.2260 |   7.0 |  4.021e-04 |    7
  1710 |  1.7100 |     849 |  1 |  0 |  0 |      4 |   0 |   0.2222 |   6.9 |  4.019e-04 |    7
  1720 |  1.7200 |     849 |  1 |  0 |  0 |      4 |   0 |   0.2229 |   6.9 |  4.007e-04 |    7
  1730 |  1.7300 |     849 |  1 |  0 |  0 |      4 |   0 |   0.2240 |   6.9 |  4.004e-04 |    7
  1740 |  1.7400 |     849 |  1 |  0 |  0 |      4 |   0 |   0.2229 |   6.9 |  4.001e-04 |    7
  1750 |  1.7500 |     849 |  1 |  0 |  0 |      4 |   0 |   0.2085 |   7.4 |  4.008e-04 |    7
  1760 |  1.7600 |     849 |  1 |  0 |  0 |      4 |   0 |   0.2176 |   7.2 |  3.979e-04 |    7
  1770 |  1.7700 |     849 |  1 |  0 |  0 |      4 |   0 |   0.2301 |   6.6 |  3.989e-04 |    7
  1780 |  1.7800 |     849 |  1 |  0 |  0 |      4 |   0 |   0.2232 |   6.8 |  3.988e-04 |    7
  1790 |  1.7900 |     849 |  1 |  0 |  0 |      4 |   0 |   0.2174 |   7.6 |  3.993e-04 |    7
  1800 |  1.8000 |     849 |  1 |  0 |  0 |      4 |   0 |   0.2225 |   7.1 |  3.983e-04 |    7
[COLLISION] Detected 1 collision pairs
[COLLISION #8] Primary: O5.5-6 la(72.2M☉) + Secondary: O5.5-6 la(72.2M☉) | q=1.000 → Very Massive Star(93.5M☉) | retain=0.647 (H=0.70), bh_prob=0.150
[INFO] Processed 1 collisions. Total stars: 848
  1801 |  1.8010 |     848 |  1 |  0 |  0 |      4 |   1 |   0.2252 |   7.4 |  3.987e-04 |    8
  1810 |  1.8100 |     848 |  1 |  0 |  0 |      4 |   1 |   0.2370 |   7.1 |  3.986e-04 |    8
  1820 |  1.8200 |     848 |  1 |  0 |  0 |      4 |   1 |   0.2434 |   6.9 |  3.972e-04 |    8
  1830 |  1.8300 |     848 |  1 |  0 |  0 |      4 |   1 |   0.2372 |   6.9 |  3.990e-04 |    8
  1840 |  1.8400 |     848 |  1 |  0 |  0 |      4 |   1 |   0.2280 |   7.1 |  3.971e-04 |    8
  1850 |  1.8500 |     848 |  1 |  0 |  0 |      4 |   1 |   0.2268 |   7.0 |  3.998e-04 |    8
  1860 |  1.8600 |     848 |  1 |  0 |  0 |      4 |   1 |   0.2212 |   6.9 |  3.985e-04 |    8
  1870 |  1.8700 |     848 |  1 |  0 |  0 |      4 |   1 |   0.2354 |   7.1 |  4.003e-04 |    8
  1880 |  1.8800 |     848 |  1 |  0 |  0 |      4 |   1 |   0.2306 |   7.0 |  4.006e-04 |    8
  1890 |  1.8900 |     848 |  1 |  0 |  0 |      4 |   1 |   0.2291 |   7.0 |  3.988e-04 |    8
  1900 |  1.9000 |     848 |  1 |  0 |  0 |      4 |   1 |   0.2348 |   7.1 |  4.016e-04 |    8
  1910 |  1.9100 |     848 |  1 |  0 |  0 |      4 |   1 |   0.2259 |   7.1 |  3.998e-04 |    8
  1920 |  1.9200 |     848 |  1 |  0 |  0 |      4 |   1 |   0.2327 |   7.0 |  4.022e-04 |    8
  1930 |  1.9300 |     848 |  1 |  0 |  0 |      4 |   1 |   0.2394 |   6.8 |  4.032e-04 |    8
  1940 |  1.9400 |     848 |  1 |  0 |  0 |      4 |   1 |   0.2406 |   7.1 |  4.040e-04 |    8
[COLLISION] Detected 1 collision pairs
[COLLISION #9] Primary: Unclassified(30.4M☉) + Secondary: Unclassified(30.4M☉) | q=1.000 → Merged Star(28.1M☉) | retain=0.463 (H=0.50), bh_prob=0.100
[INFO] Processed 1 collisions. Total stars: 847
  1948 |  1.9480 |     847 |  1 |  0 |  0 |      5 |   1 |   0.2337 |   6.7 |  4.046e-04 |    9
  1950 |  1.9500 |     847 |  1 |  0 |  0 |      5 |   1 |   0.2336 |   6.6 |  4.041e-04 |    9
  1960 |  1.9600 |     847 |  1 |  0 |  0 |      5 |   1 |   0.2262 |   7.2 |  4.052e-04 |    9
  1970 |  1.9700 |     847 |  1 |  0 |  0 |      5 |   1 |   0.2180 |   7.2 |  4.061e-04 |    9
  1980 |  1.9800 |     847 |  1 |  0 |  0 |      5 |   1 |   0.2159 |   7.1 |  4.071e-04 |    9
  1990 |  1.9900 |     847 |  1 |  0 |  0 |      5 |   1 |   0.2361 |   7.0 |  4.083e-04 |    9
[COLLISION] Detected 1 collision pairs
[COLLISION #10] Primary: Unclassified(30.4M☉) + Secondary: Unclassified(30.4M☉) | q=1.000 → Merged Star(28.1M☉) | retain=0.463 (H=0.50), bh_prob=0.100
[INFO] Processed 1 collisions. Total stars: 846
  1994 |  1.9940 |     846 |  1 |  0 |  0 |      6 |   1 |   0.2327 |   7.0 |  4.104e-04 |   10
  2000 |  2.0000 |     846 |  1 |  0 |  0 |      6 |   1 |   0.2428 |   6.9 |  4.089e-04 |   10
[COLLISION] Detected 1 collision pairs
[COLLISION #11] Primary: O5.5-6 la(72.2M☉) + Secondary: Unclassified(30.4M☉) | q=0.421 → Merged Star(67.3M☉) | retain=0.656 (H=0.70), bh_prob=0.141
[INFO] Processed 1 collisions. Total stars: 845
  2002 |  2.0020 |     845 |  1 |  0 |  0 |      7 |   1 |   0.2440 |   7.0 |  4.087e-04 |   11
  2010 |  2.0100 |     845 |  1 |  0 |  0 |      7 |   1 |   0.2515 |   6.6 |  4.090e-04 |   11
[COLLISION] Detected 1 collision pairs
[COLLISION #12] Primary: VMS(93.5M☉) + Secondary: Merged(67.3M☉) | q=0.720 → Merged Star(59.7M☉) | retain=0.371 (H=0.40), bh_prob=0.150
[INFO] Processed 1 collisions. Total stars: 844
  2020 |  2.0200 |     844 |  1 |  0 |  0 |      7 |   0 |   0.2404 |   6.6 |  4.102e-04 |   12
  2030 |  2.0300 |     844 |  1 |  0 |  0 |      7 |   0 |   0.2432 |   6.7 |  4.077e-04 |   12
  2040 |  2.0400 |     844 |  1 |  0 |  0 |      7 |   0 |   0.2333 |   6.4 |  4.079e-04 |   12
  2050 |  2.0500 |     844 |  1 |  0 |  0 |      7 |   0 |   0.2385 |   6.6 |  4.112e-04 |   12
  2060 |  2.0600 |     844 |  1 |  0 |  0 |      7 |   0 |   0.2258 |   6.8 |  4.126e-04 |   12
  2070 |  2.0700 |     844 |  1 |  0 |  0 |      7 |   0 |   0.2142 |   7.1 |  4.156e-04 |   12
  2080 |  2.0800 |     844 |  1 |  0 |  0 |      7 |   0 |   0.2361 |   6.6 |  4.153e-04 |   12
  2090 |  2.0900 |     844 |  1 |  0 |  0 |      7 |   0 |   0.2357 |   6.4 |  4.157e-04 |   12
  2100 |  2.1000 |     844 |  1 |  0 |  0 |      7 |   0 |   0.2406 |   6.7 |  4.185e-04 |   12
  2110 |  2.1100 |     844 |  1 |  0 |  0 |      7 |   0 |   0.2437 |   6.7 |  4.207e-04 |   12
  2120 |  2.1200 |     844 |  1 |  0 |  0 |      7 |   0 |   0.2455 |   6.6 |  4.210e-04 |   12
  2130 |  2.1300 |     844 |  1 |  0 |  0 |      7 |   0 |   0.2420 |   6.8 |  4.217e-04 |   12
  2140 |  2.1400 |     844 |  1 |  0 |  0 |      7 |   0 |   0.2425 |   6.6 |  4.256e-04 |   12
  2150 |  2.1500 |     844 |  1 |  0 |  0 |      7 |   0 |   0.2516 |   6.6 |  4.280e-04 |   12
  2160 |  2.1600 |     844 |  1 |  0 |  0 |      7 |   0 |   0.2309 |   6.9 |  4.289e-04 |   12
  2170 |  2.1700 |     844 |  1 |  0 |  0 |      7 |   0 |   0.2347 |   7.1 |  4.317e-04 |   12
  2180 |  2.1800 |     844 |  1 |  0 |  0 |      7 |   0 |   0.2444 |   6.6 |  4.346e-04 |   12
  2190 |  2.1900 |     844 |  1 |  0 |  0 |      7 |   0 |   0.2559 |   6.6 |  4.356e-04 |   12
  2200 |  2.2000 |     844 |  1 |  0 |  0 |      7 |   0 |   0.2524 |   6.5 |  4.382e-04 |   12
  2210 |  2.2100 |     844 |  1 |  0 |  0 |      7 |   0 |   0.2497 |   6.7 |  4.399e-04 |   12
  2220 |  2.2200 |     844 |  1 |  0 |  0 |      7 |   0 |   0.2392 |   6.7 |  4.426e-04 |   12
  2230 |  2.2300 |     844 |  1 |  0 |  0 |      7 |   0 |   0.2459 |   6.8 |  4.450e-04 |   12
  2240 |  2.2400 |     844 |  1 |  0 |  0 |      7 |   0 |   0.2411 |   6.5 |  4.472e-04 |   12
  2250 |  2.2500 |     844 |  1 |  0 |  0 |      7 |   0 |   0.2331 |   6.7 |  4.509e-04 |   12
  2260 |  2.2600 |     844 |  1 |  0 |  0 |      7 |   0 |   0.2317 |   7.0 |  4.549e-04 |   12
  2270 |  2.2700 |     844 |  1 |  0 |  0 |      7 |   0 |   0.2410 |   6.9 |  4.567e-04 |   12
  2280 |  2.2800 |     844 |  1 |  0 |  0 |      7 |   0 |   0.2480 |   6.9 |  4.576e-04 |   12
[COLLISION] Detected 1 collision pairs
[COLLISION #13] Primary: O7-8 la+(63.7M☉) + Secondary: O7-8 III-V(56.7M☉) | q=0.890 → Merged Star(78.0M☉) | retain=0.648 (H=0.70), bh_prob=0.150
[INFO] Processed 1 collisions. Total stars: 843
  2284 |  2.2840 |     843 |  1 |  0 |  0 |      8 |   0 |   0.2563 |   7.0 |  4.588e-04 |   13
  2290 |  2.2900 |     843 |  1 |  0 |  0 |      8 |   0 |   0.2560 |   6.8 |  4.613e-04 |   13
  2300 |  2.3000 |     843 |  1 |  0 |  0 |      8 |   0 |   0.2689 |   6.5 |  4.650e-04 |   13
  2310 |  2.3100 |     843 |  1 |  0 |  0 |      8 |   0 |   0.2541 |   6.5 |  4.666e-04 |   13
  2320 |  2.3200 |     843 |  1 |  0 |  0 |      8 |   0 |   0.2403 |   6.8 |  4.700e-04 |   13
[COLLISION] Detected 1 collision pairs
[COLLISION #14] Primary: Unclassified(30.4M☉) + Secondary: Unclassified(30.4M☉) | q=1.000 → Merged Star(28.1M☉) | retain=0.463 (H=0.50), bh_prob=0.100
[INFO] Processed 1 collisions. Total stars: 842
  2329 |  2.3290 |     842 |  1 |  0 |  0 |      9 |   0 |   0.2397 |   7.0 |  4.719e-04 |   14
  2330 |  2.3300 |     842 |  1 |  0 |  0 |      9 |   0 |   0.2433 |   7.0 |  4.720e-04 |   14
  2340 |  2.3400 |     842 |  1 |  0 |  0 |      9 |   0 |   0.2394 |   7.0 |  4.771e-04 |   14
  2350 |  2.3500 |     842 |  1 |  0 |  0 |      9 |   0 |   0.2533 |   6.8 |  4.793e-04 |   14
  2360 |  2.3600 |     842 |  1 |  0 |  0 |      9 |   0 |   0.2561 |   6.9 |  4.819e-04 |   14
  2370 |  2.3700 |     842 |  1 |  0 |  0 |      9 |   0 |   0.2635 |   6.7 |  4.854e-04 |   14
  2380 |  2.3800 |     842 |  1 |  0 |  0 |      9 |   0 |   0.2600 |   6.8 |  4.905e-04 |   14
  2390 |  2.3900 |     842 |  1 |  0 |  0 |      9 |   0 |   0.2633 |   6.9 |  4.911e-04 |   14
  2400 |  2.4000 |     842 |  1 |  0 |  0 |      9 |   0 |   0.2658 |   6.7 |  4.947e-04 |   14
  2410 |  2.4100 |     842 |  1 |  0 |  0 |      9 |   0 |   0.2591 |   7.0 |  5.041e-04 |   14
[COLLISION] Detected 1 collision pairs
[COLLISION #15] Primary: Unclassified(30.4M☉) + Secondary: Unclassified(30.4M☉) | q=1.000 → Merged Star(28.1M☉) | retain=0.463 (H=0.50), bh_prob=0.100
[INFO] Processed 1 collisions. Total stars: 841
  2415 |  2.4150 |     841 |  1 |  0 |  0 |     10 |   0 |   0.2609 |   6.7 |  5.036e-04 |   15
  2420 |  2.4200 |     841 |  1 |  0 |  0 |     10 |   0 |   0.2641 |   6.9 |  5.007e-04 |   15
  2430 |  2.4300 |     841 |  1 |  0 |  0 |     10 |   0 |   0.2741 |   6.6 |  5.071e-04 |   15
  2440 |  2.4400 |     841 |  1 |  0 |  0 |     10 |   0 |   0.2695 |   6.7 |  5.116e-04 |   15
  2450 |  2.4500 |     841 |  1 |  0 |  0 |     10 |   0 |   0.2668 |   6.9 |  5.140e-04 |   15
[COLLISION] Detected 1 collision pairs
[COLLISION #16] Primary: Unclassified(30.4M☉) + Secondary: O4-5 la(28.1M☉) | q=0.924 → Merged Star(27.0M☉) | retain=0.463 (H=0.50), bh_prob=0.076
[INFO] Processed 1 collisions. Total stars: 840
  2459 |  2.4590 |     840 |  1 |  0 |  0 |     11 |   0 |   0.2686 |   6.9 |  5.181e-04 |   16
  2460 |  2.4600 |     840 |  1 |  0 |  0 |     11 |   0 |   0.2687 |   6.8 |  5.190e-04 |   16
  2470 |  2.4700 |     840 |  1 |  0 |  0 |     11 |   0 |   0.2768 |   6.7 |  5.220e-04 |   16
  2480 |  2.4800 |     840 |  1 |  0 |  0 |     11 |   0 |   0.2813 |   6.3 |  5.250e-04 |   16
[COLLISION] Detected 1 collision pairs
[COLLISION #17] Primary: O6-6.5 III(65.7M☉) + Secondary: Unclassified(30.4M☉) | q=0.462 → Merged Star(62.9M☉) | retain=0.655 (H=0.70), bh_prob=0.103
[INFO] Processed 1 collisions. Total stars: 839
  2481 |  2.4810 |     839 |  1 |  0 |  0 |     12 |   0 |   0.2813 |   6.4 |  5.259e-04 |   17
  2490 |  2.4900 |     839 |  1 |  0 |  0 |     12 |   0 |   0.2726 |   6.5 |  5.296e-04 |   17
  2500 |  2.5000 |     839 |  1 |  0 |  0 |     12 |   0 |   0.2618 |   6.5 |  5.351e-04 |   17

======================================================================
SIMULATION COMPLETED
======================================================================
stellar evolution code stopped
PH4 code stopped
Error stopping Bridge: 'GasFrictionForce' object has no attribute 'is_stopped'

PERFORMANCE STATISTICS:
  Total simulation time: 33088.32 seconds
  Total steps: 2501
  Steps per second: 0.1

=== GAS FRICTION STATISTICS ===
Total kick calls: 0
Total friction events: 2128643
Average acceleration: 7.387e-04 km/s/Myr
Maximum acceleration: 2.875e-02 km/s/Myr

======================================================================
REALISTIC COLLISION PHYSICS STATISTICS
======================================================================

=== STATISTICS FOR MASS RATIO q ===
Total collisions: 17
Mean q: 0.829
Median q: 0.924
Std q: 0.211
Min q: 0.421
Max q: 1.000
q in [0.0, 0.1]: 0 collisions (0.0%)
q in [0.1, 0.3]: 0 collisions (0.0%)
q in [0.3, 0.5]: 3 collisions (17.6%)
q in [0.5, 0.7]: 1 collisions (5.9%)
q in [0.7, 0.9]: 4 collisions (23.5%)
q in [0.9, 1.0]: 9 collisions (52.9%)

REMNANT DISTRIBUTION:
  Merged Star: 14 (82.4%)
  Very Massive Star: 2 (11.8%)
  Black Hole: 1 (5.9%)

=== RETAIN FRACTIONS ===
Mean retain_frac: 0.540
Min retain_frac: 0.370
Max retain_frac: 0.656

=== BH PROBABILITIES ===
Mean bh_prob: 0.117
Min bh_prob: 0.076
Max bh_prob: 0.150
Actual BH formations: 1 (5.9% of collisions)

DETAILED SIMULATION STATISTICS:
  Initial stars: 856
  Final stars: 839
  Total collisions: 17
  Average gas density: 2039.8 Msun/pc³
  Average friction acceleration: 7.375e-04 km/s/Myr

Saving results...
  Saved 17 collision events
  Saved diagnostic data (including gas friction)
  Saved q statistics
  Saved gas friction statistics
  Графики сохранены в папку: simulation_results/run_20251229_225926
  Создание 3D анимации (250 кадров)...
  3D анимация сохранена: simulation_results/run_20251229_225926/cluster_3d_animation.gif
  Финальное состояние сохранено как изображение

Все результаты цикла 1 сохранены в: simulation_results/run_20251229_225926
Общее время выполнения цикла: 33167.8 секунд

======================================================================
ЦИКЛ СИМУЛЯЦИИ 2/19
======================================================================
Результаты будут сохранены в: simulation_results/run_20251230_081217
Запуск симуляции...

1. BUILDING STAR POPULATION...
   Initial stars: 856
   Total mass: 25983 Msun

2. INITIALIZING CLUSTER STRUCTURE...
   Cluster radius: 0.200 pc

3. SETTING ORBITAL MOTION AROUND GALACTIC CENTER...

4. INITIALIZING PH4 FOR CLUSTER GRAVITY...
   PH4 initialized with 3 workers

5. INITIALIZING STELLAR EVOLUTION...
   Stellar evolution initialized for 856 stars

6. INITIALIZING GALACTIC POTENTIAL...

6b. INITIALIZING GAS DYNAMICAL FRICTION...
   Gas friction enabled: True
   Gas density profile: central_molecular_zone
   Drag coefficient: 1
   Coulomb logarithm: 8.0

7. SETTING UP BRIDGE INTEGRATOR WITH GAS FRICTION...
   Bridge timestep: 0.001000 Myr
   Gas friction integrated: True

8. INITIALIZING REALISTIC COLLISION HANDLER...

9. SETTING UP DIAGNOSTICS SYSTEM...

======================================================================
STARTING MAIN SIMULATION LOOP
======================================================================

Initial setup:
  Number of stars: 856
  Total mass: 25982.9 Msun

Simulation Progress:
Step | Time [Myr] | N_stars | BH | NS | WD | Merged | VMS | R_cluster [pc] | σ_v [km/s] | F_fric [km/s/Myr] | Collisions
----------------------------------------------------------------------------------------------------------------------------------
    10 |  0.0100 |     856 |  0 |  0 |  0 |      0 |   0 |   0.1541 |   6.6 |  1.631e-03 |    0
    20 |  0.0200 |     856 |  0 |  0 |  0 |      0 |   0 |   0.1342 |   7.2 |  1.641e-03 |    0
    30 |  0.0300 |     856 |  0 |  0 |  0 |      0 |   0 |   0.1383 |   7.1 |  1.639e-03 |    0
    40 |  0.0400 |     856 |  0 |  0 |  0 |      0 |   0 |   0.1475 |   6.5 |  1.618e-03 |    0
    50 |  0.0500 |     856 |  0 |  0 |  0 |      0 |   0 |   0.1396 |   7.1 |  1.629e-03 |    0
    60 |  0.0600 |     856 |  0 |  0 |  0 |      0 |   0 |   0.1391 |   7.0 |  1.639e-03 |    0
    70 |  0.0700 |     856 |  0 |  0 |  0 |      0 |   0 |   0.1497 |   6.5 |  1.599e-03 |    0
    80 |  0.0800 |     856 |  0 |  0 |  0 |      0 |   0 |   0.1406 |   6.8 |  1.630e-03 |    0
    90 |  0.0900 |     856 |  0 |  0 |  0 |      0 |   0 |   0.1364 |   7.2 |  1.625e-03 |    0
   100 |  0.1000 |     856 |  0 |  0 |  0 |      0 |   0 |   0.1459 |   6.8 |  1.592e-03 |    0
   110 |  0.1100 |     856 |  0 |  0 |  0 |      0 |   0 |   0.1437 |   7.0 |  1.606e-03 |    0
   120 |  0.1200 |     856 |  0 |  0 |  0 |      0 |   0 |   0.1414 |   7.1 |  1.604e-03 |    0
   130 |  0.1300 |     856 |  0 |  0 |  0 |      0 |   0 |   0.1486 |   6.6 |  1.560e-03 |    0
   140 |  0.1400 |     856 |  0 |  0 |  0 |      0 |   0 |   0.1485 |   7.0 |  1.560e-03 |    0
   150 |  0.1500 |     856 |  0 |  0 |  0 |      0 |   0 |   0.1433 |   7.0 |  1.552e-03 |    0
   160 |  0.1600 |     856 |  0 |  0 |  0 |      0 |   0 |   0.1455 |   6.8 |  1.541e-03 |    0
   170 |  0.1700 |     856 |  0 |  0 |  0 |      0 |   0 |   0.1351 |   7.3 |  1.517e-03 |    0
   180 |  0.1800 |     856 |  0 |  0 |  0 |      0 |   0 |   0.1477 |   6.9 |  1.553e-03 |    0
   190 |  0.1900 |     856 |  0 |  0 |  0 |      0 |   0 |   0.1479 |   7.0 |  1.545e-03 |    0
   200 |  0.2000 |     856 |  0 |  0 |  0 |      0 |   0 |   0.1480 |   7.0 |  1.531e-03 |    0
   210 |  0.2100 |     856 |  0 |  0 |  0 |      0 |   0 |   0.1528 |   6.8 |  1.526e-03 |    0
   220 |  0.2200 |     856 |  0 |  0 |  0 |      0 |   0 |   0.1408 |   7.3 |  1.500e-03 |    0
   230 |  0.2300 |     856 |  0 |  0 |  0 |      0 |   0 |   0.1477 |   7.3 |  1.507e-03 |    0
   240 |  0.2400 |     856 |  0 |  0 |  0 |      0 |   0 |   0.1464 |   6.9 |  1.489e-03 |    0
   250 |  0.2500 |     856 |  0 |  0 |  0 |      0 |   0 |   0.1409 |   7.4 |  1.496e-03 |    0
   260 |  0.2600 |     856 |  0 |  0 |  0 |      0 |   0 |   0.1431 |   7.2 |  1.446e-03 |    0
   270 |  0.2700 |     856 |  0 |  0 |  0 |      0 |   0 |   0.1395 |   7.2 |  1.443e-03 |    0
   280 |  0.2800 |     856 |  0 |  0 |  0 |      0 |   0 |   0.1464 |   7.2 |  1.426e-03 |    0
   290 |  0.2900 |     856 |  0 |  0 |  0 |      0 |   0 |   0.1438 |   7.1 |  1.415e-03 |    0
   300 |  0.3000 |     856 |  0 |  0 |  0 |      0 |   0 |   0.1396 |   7.4 |  1.407e-03 |    0
   310 |  0.3100 |     856 |  0 |  0 |  0 |      0 |   0 |   0.1451 |   7.0 |  1.415e-03 |    0
   320 |  0.3200 |     856 |  0 |  0 |  0 |      0 |   0 |   0.1449 |   7.2 |  1.381e-03 |    0
   330 |  0.3300 |     856 |  0 |  0 |  0 |      0 |   0 |   0.1460 |   7.3 |  1.401e-03 |    0
   340 |  0.3400 |     856 |  0 |  0 |  0 |      0 |   0 |   0.1467 |   7.1 |  1.386e-03 |    0
   350 |  0.3500 |     856 |  0 |  0 |  0 |      0 |   0 |   0.1414 |   7.3 |  1.379e-03 |    0
   360 |  0.3600 |     856 |  0 |  0 |  0 |      0 |   0 |   0.1511 |   7.3 |  1.364e-03 |    0
   370 |  0.3700 |     856 |  0 |  0 |  0 |      0 |   0 |   0.1431 |   7.1 |  1.333e-03 |    0
   380 |  0.3800 |     856 |  0 |  0 |  0 |      0 |   0 |   0.1376 |   7.4 |  1.341e-03 |    0
   390 |  0.3900 |     856 |  0 |  0 |  0 |      0 |   0 |   0.1418 |   7.5 |  1.321e-03 |    0
   400 |  0.4000 |     856 |  0 |  0 |  0 |      0 |   0 |   0.1508 |   7.1 |  1.294e-03 |    0
   410 |  0.4100 |     856 |  0 |  0 |  0 |      0 |   0 |   0.1375 |   7.4 |  1.267e-03 |    0
   420 |  0.4200 |     856 |  0 |  0 |  0 |      0 |   0 |   0.1412 |   7.4 |  1.277e-03 |    0
   430 |  0.4300 |     856 |  0 |  0 |  0 |      0 |   0 |   0.1477 |   7.4 |  1.268e-03 |    0
   440 |  0.4400 |     856 |  0 |  0 |  0 |      0 |   0 |   0.1456 |   7.5 |  1.257e-03 |    0
   450 |  0.4500 |     856 |  0 |  0 |  0 |      0 |   0 |   0.1444 |   7.2 |  1.250e-03 |    0
   460 |  0.4600 |     856 |  0 |  0 |  0 |      0 |   0 |   0.1501 |   7.1 |  1.227e-03 |    0
   470 |  0.4700 |     856 |  0 |  0 |  0 |      0 |   0 |   0.1417 |   7.3 |  1.219e-03 |    0
   480 |  0.4800 |     856 |  0 |  0 |  0 |      0 |   0 |   0.1339 |   7.9 |  1.218e-03 |    0
   490 |  0.4900 |     856 |  0 |  0 |  0 |      0 |   0 |   0.1463 |   7.5 |  1.191e-03 |    0
   500 |  0.5000 |     856 |  0 |  0 |  0 |      0 |   0 |   0.1530 |   7.0 |  1.182e-03 |    0
   510 |  0.5100 |     856 |  0 |  0 |  0 |      0 |   0 |   0.1399 |   7.8 |  1.180e-03 |    0
   520 |  0.5200 |     856 |  0 |  0 |  0 |      0 |   0 |   0.1472 |   7.5 |  1.151e-03 |    0
   530 |  0.5300 |     856 |  0 |  0 |  0 |      0 |   0 |   0.1551 |   7.6 |  1.167e-03 |    0
   540 |  0.5400 |     856 |  0 |  0 |  0 |      0 |   0 |   0.1576 |   7.2 |  1.129e-03 |    0
   550 |  0.5500 |     856 |  0 |  0 |  0 |      0 |   0 |   0.1435 |   7.9 |  1.117e-03 |    0
[COLLISION] Detected 1 collision pairs
[COLLISION #1] Primary: Unclassified(30.4M☉) + Secondary: Unclassified(30.4M☉) | q=1.000 → Merged Star(28.1M☉) | retain=0.463 (H=0.50), bh_prob=0.100
[INFO] Processed 1 collisions. Total stars: 855
   559 |  0.5590 |     855 |  0 |  0 |  0 |      1 |   0 |   0.1473 |   7.6 |  1.111e-03 |    1
   560 |  0.5600 |     855 |  0 |  0 |  0 |      1 |   0 |   0.1524 |   7.7 |  1.114e-03 |    1
   570 |  0.5700 |     855 |  0 |  0 |  0 |      1 |   0 |   0.1559 |   7.6 |  1.099e-03 |    1
   580 |  0.5800 |     855 |  0 |  0 |  0 |      1 |   0 |   0.1574 |   7.6 |  1.067e-03 |    1
   590 |  0.5900 |     855 |  0 |  0 |  0 |      1 |   0 |   0.1535 |   7.3 |  1.067e-03 |    1
   600 |  0.6000 |     855 |  0 |  0 |  0 |      1 |   0 |   0.1592 |   7.6 |  1.059e-03 |    1
   610 |  0.6100 |     855 |  0 |  0 |  0 |      1 |   0 |   0.1598 |   7.8 |  1.038e-03 |    1
   620 |  0.6200 |     855 |  0 |  0 |  0 |      1 |   0 |   0.1653 |   7.7 |  1.030e-03 |    1
   630 |  0.6300 |     855 |  0 |  0 |  0 |      1 |   0 |   0.1637 |   7.6 |  1.006e-03 |    1
   640 |  0.6400 |     855 |  0 |  0 |  0 |      1 |   0 |   0.1539 |   8.1 |  1.024e-03 |    1
   650 |  0.6500 |     855 |  0 |  0 |  0 |      1 |   0 |   0.1568 |   7.6 |  9.896e-04 |    1
   660 |  0.6600 |     855 |  0 |  0 |  0 |      1 |   0 |   0.1689 |   7.3 |  9.650e-04 |    1
   670 |  0.6700 |     855 |  0 |  0 |  0 |      1 |   0 |   0.1606 |   7.6 |  9.635e-04 |    1
   680 |  0.6800 |     855 |  0 |  0 |  0 |      1 |   0 |   0.1654 |   7.7 |  9.519e-04 |    1
[COLLISION] Detected 1 collision pairs
[COLLISION #2] Primary: O5.5-6 la(72.2M☉) + Secondary: Unclassified(30.4M☉) | q=0.421 → Merged Star(67.3M☉) | retain=0.656 (H=0.70), bh_prob=0.141
[INFO] Processed 1 collisions. Total stars: 854
   688 |  0.6880 |     854 |  0 |  0 |  0 |      2 |   0 |   0.1585 |   7.4 |  9.373e-04 |    2
   690 |  0.6900 |     854 |  0 |  0 |  0 |      2 |   0 |   0.1604 |   7.7 |  9.478e-04 |    2
   700 |  0.7000 |     854 |  0 |  0 |  0 |      2 |   0 |   0.1525 |   7.7 |  9.317e-04 |    2
   710 |  0.7100 |     854 |  0 |  0 |  0 |      2 |   0 |   0.1553 |   7.6 |  9.327e-04 |    2
   720 |  0.7200 |     854 |  0 |  0 |  0 |      2 |   0 |   0.1616 |   7.9 |  9.209e-04 |    2
   730 |  0.7300 |     854 |  0 |  0 |  0 |      2 |   0 |   0.1529 |   7.4 |  8.992e-04 |    2
   740 |  0.7400 |     854 |  0 |  0 |  0 |      2 |   0 |   0.1506 |   7.8 |  8.763e-04 |    2
   750 |  0.7500 |     854 |  0 |  0 |  0 |      2 |   0 |   0.1519 |   7.8 |  8.704e-04 |    2
   760 |  0.7600 |     854 |  0 |  0 |  0 |      2 |   0 |   0.1606 |   7.8 |  8.290e-04 |    2
   770 |  0.7700 |     854 |  0 |  0 |  0 |      2 |   0 |   0.1615 |   7.8 |  8.362e-04 |    2
[COLLISION] Detected 1 collision pairs
[COLLISION #3] Primary: O5.5-6 la(72.2M☉) + Secondary: Unclassified(30.4M☉) | q=0.421 → Merged Star(67.3M☉) | retain=0.656 (H=0.70), bh_prob=0.141
[INFO] Processed 1 collisions. Total stars: 853
   779 |  0.7790 |     853 |  0 |  0 |  0 |      3 |   0 |   0.1459 |   8.2 |  8.292e-04 |    3
   780 |  0.7800 |     853 |  0 |  0 |  0 |      3 |   0 |   0.1454 |   8.1 |  8.284e-04 |    3
   790 |  0.7900 |     853 |  0 |  0 |  0 |      3 |   0 |   0.1644 |   7.8 |  8.110e-04 |    3
   800 |  0.8000 |     853 |  0 |  0 |  0 |      3 |   0 |   0.1616 |   7.9 |  8.105e-04 |    3
   810 |  0.8100 |     853 |  0 |  0 |  0 |      3 |   0 |   0.1674 |   7.2 |  7.990e-04 |    3
   820 |  0.8200 |     853 |  0 |  0 |  0 |      3 |   0 |   0.1562 |   7.8 |  7.914e-04 |    3
   830 |  0.8300 |     853 |  0 |  0 |  0 |      3 |   0 |   0.1586 |   7.9 |  7.680e-04 |    3
   840 |  0.8400 |     853 |  0 |  0 |  0 |      3 |   0 |   0.1618 |   7.8 |  7.581e-04 |    3
   850 |  0.8500 |     853 |  0 |  0 |  0 |      3 |   0 |   0.1625 |   8.3 |  7.586e-04 |    3
   860 |  0.8600 |     853 |  0 |  0 |  0 |      3 |   0 |   0.1661 |   8.0 |  7.471e-04 |    3
   870 |  0.8700 |     853 |  0 |  0 |  0 |      3 |   0 |   0.1713 |   7.8 |  7.342e-04 |    3
[COLLISION] Detected 1 collision pairs
[COLLISION #4] Primary: WN7-8h(37.0M☉) + Secondary: Unclassified(30.4M☉) | q=0.821 → Merged Star(17.3M☉) | retain=0.256 (H=0.30), bh_prob=0.091
[INFO] Processed 1 collisions. Total stars: 852
   879 |  0.8790 |     852 |  0 |  0 |  0 |      4 |   0 |   0.1676 |   7.8 |  7.335e-04 |    4
   880 |  0.8800 |     852 |  0 |  0 |  0 |      4 |   0 |   0.1687 |   7.9 |  7.326e-04 |    4
   890 |  0.8900 |     852 |  0 |  0 |  0 |      4 |   0 |   0.1640 |   7.9 |  7.247e-04 |    4
   900 |  0.9000 |     852 |  0 |  0 |  0 |      4 |   0 |   0.1687 |   7.7 |  7.172e-04 |    4
[COLLISION] Detected 1 collision pairs
[COLLISION #5] Primary: Unclassified(30.4M☉) + Secondary: Unclassified(30.4M☉) | q=1.000 → Merged Star(28.1M☉) | retain=0.463 (H=0.50), bh_prob=0.100
[INFO] Processed 1 collisions. Total stars: 851
   907 |  0.9070 |     851 |  0 |  0 |  0 |      5 |   0 |   0.1730 |   8.1 |  7.028e-04 |    5
   910 |  0.9100 |     851 |  0 |  0 |  0 |      5 |   0 |   0.1654 |   8.0 |  6.892e-04 |    5
   920 |  0.9200 |     851 |  0 |  0 |  0 |      5 |   0 |   0.1673 |   8.0 |  6.819e-04 |    5
   930 |  0.9300 |     851 |  0 |  0 |  0 |      5 |   0 |   0.1643 |   8.3 |  6.849e-04 |    5
   940 |  0.9400 |     851 |  0 |  0 |  0 |      5 |   0 |   0.1618 |   7.7 |  6.620e-04 |    5
[COLLISION] Detected 1 collision pairs
[COLLISION #6] Primary: Merged(67.3M☉) + Secondary: Unclassified(30.4M☉) | q=0.451 → Merged Star(45.7M☉) | retain=0.468 (H=0.50), bh_prob=0.103
[INFO] Processed 1 collisions. Total stars: 850
   947 |  0.9470 |     850 |  0 |  0 |  0 |      5 |   0 |   0.1577 |   8.2 |  6.752e-04 |    6
   950 |  0.9500 |     850 |  0 |  0 |  0 |      5 |   0 |   0.1574 |   8.3 |  6.736e-04 |    6
   960 |  0.9600 |     850 |  0 |  0 |  0 |      5 |   0 |   0.1705 |   7.8 |  6.616e-04 |    6
   970 |  0.9700 |     850 |  0 |  0 |  0 |      5 |   0 |   0.1733 |   7.7 |  6.516e-04 |    6
   980 |  0.9800 |     850 |  0 |  0 |  0 |      5 |   0 |   0.1636 |   8.3 |  6.427e-04 |    6
   990 |  0.9900 |     850 |  0 |  0 |  0 |      5 |   0 |   0.1795 |   7.7 |  6.248e-04 |    6
  1000 |  1.0000 |     850 |  0 |  0 |  0 |      5 |   0 |   0.1808 |   7.7 |  6.229e-04 |    6
  1010 |  1.0100 |     850 |  0 |  0 |  0 |      5 |   0 |   0.1736 |   8.0 |  6.345e-04 |    6
  1020 |  1.0200 |     850 |  0 |  0 |  0 |      5 |   0 |   0.1611 |   7.9 |  6.143e-04 |    6
  1030 |  1.0300 |     850 |  0 |  0 |  0 |      5 |   0 |   0.1675 |   8.3 |  6.137e-04 |    6
  1040 |  1.0400 |     850 |  0 |  0 |  0 |      5 |   0 |   0.1650 |   8.0 |  6.096e-04 |    6
[COLLISION] Detected 1 collision pairs
[COLLISION #7] Primary: Merged(67.3M☉) + Secondary: O7-8 la+(63.7M☉) | q=0.946 → Black Hole(60.6M☉) | retain=0.463 (H=0.50), bh_prob=0.150
[INFO] Processed 1 collisions. Total stars: 849
  1047 |  1.0470 |     849 |  1 |  0 |  0 |      4 |   0 |   0.1723 |   7.9 |  5.940e-04 |    7
  1050 |  1.0500 |     849 |  1 |  0 |  0 |      4 |   0 |   0.1761 |   7.5 |  5.904e-04 |    7
  1060 |  1.0600 |     849 |  1 |  0 |  0 |      4 |   0 |   0.1791 |   7.4 |  5.816e-04 |    7
  1070 |  1.0700 |     849 |  1 |  0 |  0 |      4 |   0 |   0.1798 |   7.8 |  5.790e-04 |    7
  1080 |  1.0800 |     849 |  1 |  0 |  0 |      4 |   0 |   0.1835 |   7.5 |  5.648e-04 |    7
  1090 |  1.0900 |     849 |  1 |  0 |  0 |      4 |   0 |   0.1752 |   7.9 |  5.653e-04 |    7
  1100 |  1.1000 |     849 |  1 |  0 |  0 |      4 |   0 |   0.1725 |   7.6 |  5.579e-04 |    7
  1110 |  1.1100 |     849 |  1 |  0 |  0 |      4 |   0 |   0.1700 |   7.8 |  5.615e-04 |    7
  1120 |  1.1200 |     849 |  1 |  0 |  0 |      4 |   0 |   0.1715 |   7.4 |  5.456e-04 |    7
  1130 |  1.1300 |     849 |  1 |  0 |  0 |      4 |   0 |   0.1673 |   8.1 |  5.479e-04 |    7
  1140 |  1.1400 |     849 |  1 |  0 |  0 |      4 |   0 |   0.1658 |   7.7 |  5.377e-04 |    7
  1150 |  1.1500 |     849 |  1 |  0 |  0 |      4 |   0 |   0.1613 |   8.0 |  5.379e-04 |    7
[COLLISION] Detected 1 collision pairs
[COLLISION #8] Primary: O4-5 I-III(39.7M☉) + Secondary: Unclassified(30.4M☉) | q=0.765 → Merged Star(45.5M☉) | retain=0.648 (H=0.70), bh_prob=0.088
[INFO] Processed 1 collisions. Total stars: 848
  1157 |  1.1570 |     848 |  1 |  0 |  0 |      5 |   0 |   0.1652 |   8.2 |  5.384e-04 |    8
  1160 |  1.1600 |     848 |  1 |  0 |  0 |      5 |   0 |   0.1614 |   7.6 |  5.308e-04 |    8
  1170 |  1.1700 |     848 |  1 |  0 |  0 |      5 |   0 |   0.1751 |   7.5 |  5.241e-04 |    8
  1180 |  1.1800 |     848 |  1 |  0 |  0 |      5 |   0 |   0.1758 |   7.8 |  5.233e-04 |    8
  1190 |  1.1900 |     848 |  1 |  0 |  0 |      5 |   0 |   0.1848 |   7.5 |  5.094e-04 |    8
  1200 |  1.2000 |     848 |  1 |  0 |  0 |      5 |   0 |   0.1705 |   7.8 |  5.112e-04 |    8
[COLLISION] Detected 1 collision pairs
[COLLISION #9] Primary: Unclassified(30.4M☉) + Secondary: Unclassified(30.4M☉) | q=1.000 → Merged Star(28.1M☉) | retain=0.463 (H=0.50), bh_prob=0.100
[INFO] Processed 1 collisions. Total stars: 847
  1205 |  1.2050 |     847 |  1 |  0 |  0 |      6 |   0 |   0.1728 |   7.6 |  5.071e-04 |    9
  1210 |  1.2100 |     847 |  1 |  0 |  0 |      6 |   0 |   0.1774 |   7.6 |  5.028e-04 |    9
  1220 |  1.2200 |     847 |  1 |  0 |  0 |      6 |   0 |   0.1796 |   7.7 |  5.054e-04 |    9
  1230 |  1.2300 |     847 |  1 |  0 |  0 |      6 |   0 |   0.1764 |   7.7 |  4.984e-04 |    9
  1240 |  1.2400 |     847 |  1 |  0 |  0 |      6 |   0 |   0.1886 |   7.5 |  4.882e-04 |    9
  1250 |  1.2500 |     847 |  1 |  0 |  0 |      6 |   0 |   0.1941 |   7.5 |  4.865e-04 |    9
  1260 |  1.2600 |     847 |  1 |  0 |  0 |      6 |   0 |   0.1964 |   8.0 |  4.875e-04 |    9
  1270 |  1.2700 |     847 |  1 |  0 |  0 |      6 |   0 |   0.1755 |   8.2 |  4.846e-04 |    9
[COLLISION] Detected 1 collision pairs
[COLLISION #10] Primary: Unclassified(30.4M☉) + Secondary: Unclassified(30.4M☉) | q=1.000 → Merged Star(28.1M☉) | retain=0.463 (H=0.50), bh_prob=0.100
[INFO] Processed 1 collisions. Total stars: 846
  1280 |  1.2800 |     846 |  1 |  0 |  0 |      7 |   0 |   0.1843 |   8.0 |  4.894e-04 |   10
  1290 |  1.2900 |     846 |  1 |  0 |  0 |      7 |   0 |   0.2022 |   7.5 |  4.748e-04 |   10
  1300 |  1.3000 |     846 |  1 |  0 |  0 |      7 |   0 |   0.1845 |   8.4 |  4.754e-04 |   10
  1310 |  1.3100 |     846 |  1 |  0 |  0 |      7 |   0 |   0.1870 |   8.1 |  4.713e-04 |   10
  1320 |  1.3200 |     846 |  1 |  0 |  0 |      7 |   0 |   0.1931 |   8.3 |  4.679e-04 |   10
[COLLISION] Detected 1 collision pairs
[COLLISION #11] Primary: O5.5-6 la(72.2M☉) + Secondary: Unclassified(30.4M☉) | q=0.421 → Merged Star(67.3M☉) | retain=0.656 (H=0.70), bh_prob=0.141
[INFO] Processed 1 collisions. Total stars: 845
  1323 |  1.3230 |     845 |  1 |  0 |  0 |      8 |   0 |   0.1927 |   8.4 |  4.687e-04 |   11
  1330 |  1.3300 |     845 |  1 |  0 |  0 |      8 |   0 |   0.2024 |   8.0 |  4.706e-04 |   11
[COLLISION] Detected 1 collision pairs
[COLLISION #12] Primary: Merged(67.3M☉) + Secondary: Merged(45.7M☉) | q=0.679 → Merged Star(52.4M☉) | retain=0.464 (H=0.50), bh_prob=0.150
[INFO] Processed 1 collisions. Total stars: 844
  1337 |  1.3370 |     844 |  1 |  0 |  0 |      7 |   0 |   0.2031 |   7.4 |  4.667e-04 |   12
  1340 |  1.3400 |     844 |  1 |  0 |  0 |      7 |   0 |   0.2057 |   7.7 |  4.592e-04 |   12
  1350 |  1.3500 |     844 |  1 |  0 |  0 |      7 |   0 |   0.2059 |   7.7 |  4.615e-04 |   12
[COLLISION] Detected 1 collision pairs
[COLLISION #13] Primary: Unclassified(30.4M☉) + Secondary: Unclassified(30.4M☉) | q=1.000 → Merged Star(28.1M☉) | retain=0.463 (H=0.50), bh_prob=0.100
[INFO] Processed 1 collisions. Total stars: 843
  1355 |  1.3550 |     843 |  1 |  0 |  0 |      8 |   0 |   0.2028 |   7.4 |  4.590e-04 |   13
  1360 |  1.3600 |     843 |  1 |  0 |  0 |      8 |   0 |   0.2076 |   7.7 |  4.579e-04 |   13
  1370 |  1.3700 |     843 |  1 |  0 |  0 |      8 |   0 |   0.2073 |   7.8 |  4.506e-04 |   13
  1380 |  1.3800 |     843 |  1 |  0 |  0 |      8 |   0 |   0.2179 |   7.7 |  4.466e-04 |   13
[COLLISION] Detected 1 collision pairs
[COLLISION #14] Primary: Unclassified(30.4M☉) + Secondary: Merged(28.1M☉) | q=0.925 → Merged Star(27.1M☉) | retain=0.463 (H=0.50), bh_prob=0.076
[INFO] Processed 1 collisions. Total stars: 842
  1390 |  1.3900 |     842 |  1 |  0 |  0 |      8 |   0 |   0.2160 |   7.3 |  4.468e-04 |   14
  1400 |  1.4000 |     842 |  1 |  0 |  0 |      8 |   0 |   0.2139 |   7.8 |  4.458e-04 |   14
  1410 |  1.4100 |     842 |  1 |  0 |  0 |      8 |   0 |   0.2054 |   7.6 |  4.402e-04 |   14
[COLLISION] Detected 1 collision pairs
[COLLISION #15] Primary: O6-8 V(48.5M☉) + Secondary: Unclassified(30.4M☉) | q=0.627 → Merged Star(51.3M☉) | retain=0.650 (H=0.70), bh_prob=0.081
[INFO] Processed 1 collisions. Total stars: 841
  1420 |  1.4200 |     841 |  1 |  0 |  0 |      9 |   0 |   0.1988 |   7.8 |  4.383e-04 |   15
  1430 |  1.4300 |     841 |  1 |  0 |  0 |      9 |   0 |   0.2019 |   7.4 |  4.370e-04 |   15
  1440 |  1.4400 |     841 |  1 |  0 |  0 |      9 |   0 |   0.2108 |   7.6 |  4.379e-04 |   15
  1450 |  1.4500 |     841 |  1 |  0 |  0 |      9 |   0 |   0.2170 |   7.5 |  4.319e-04 |   15
[COLLISION] Detected 1 collision pairs
[COLLISION #16] Primary: Unclassified(30.4M☉) + Secondary: Unclassified(30.4M☉) | q=1.000 → Merged Star(28.1M☉) | retain=0.463 (H=0.50), bh_prob=0.100
[INFO] Processed 1 collisions. Total stars: 840
  1454 |  1.4540 |     840 |  1 |  0 |  0 |     10 |   0 |   0.2281 |   7.5 |  4.319e-04 |   16
  1460 |  1.4600 |     840 |  1 |  0 |  0 |     10 |   0 |   0.2118 |   7.5 |  4.298e-04 |   16
  1470 |  1.4700 |     840 |  1 |  0 |  0 |     10 |   0 |   0.2103 |   7.8 |  4.291e-04 |   16
  1480 |  1.4800 |     840 |  1 |  0 |  0 |     10 |   0 |   0.2208 |   7.2 |  4.227e-04 |   16
  1490 |  1.4900 |     840 |  1 |  0 |  0 |     10 |   0 |   0.2184 |   8.4 |  4.272e-04 |   16
  1500 |  1.5000 |     840 |  1 |  0 |  0 |     10 |   0 |   0.2044 |   7.4 |  4.230e-04 |   16
  1510 |  1.5100 |     840 |  1 |  0 |  0 |     10 |   0 |   0.2052 |   7.5 |  4.223e-04 |   16
[COLLISION] Detected 1 collision pairs
[BH COLLISION #17] BH(60.6M☉) + O5.5-6 la(72.2M☉) → BH(132.9M☉) | retain=1.000, bh_prob=1.000
[INFO] Processed 1 collisions. Total stars: 839
  1513 |  1.5130 |     839 |  1 |  0 |  0 |     10 |   0 |   0.2033 |   8.0 |  4.210e-04 |   17
  1520 |  1.5200 |     839 |  1 |  0 |  0 |     10 |   0 |   0.2135 |   7.3 |  4.215e-04 |   17
  1530 |  1.5300 |     839 |  1 |  0 |  0 |     10 |   0 |   0.2214 |   7.4 |  4.216e-04 |   17
  1540 |  1.5400 |     839 |  1 |  0 |  0 |     10 |   0 |   0.2157 |   7.3 |  4.185e-04 |   17
  1550 |  1.5500 |     839 |  1 |  0 |  0 |     10 |   0 |   0.2195 |   7.5 |  4.199e-04 |   17
  1560 |  1.5600 |     839 |  1 |  0 |  0 |     10 |   0 |   0.2190 |   7.5 |  4.180e-04 |   17
  1570 |  1.5700 |     839 |  1 |  0 |  0 |     10 |   0 |   0.2161 |   8.1 |  4.212e-04 |   17
  1580 |  1.5800 |     839 |  1 |  0 |  0 |     10 |   0 |   0.2227 |   7.2 |  4.118e-04 |   17
  1590 |  1.5900 |     839 |  1 |  0 |  0 |     10 |   0 |   0.2373 |   7.1 |  4.111e-04 |   17
  1600 |  1.6000 |     839 |  1 |  0 |  0 |     10 |   0 |   0.2234 |   7.2 |  4.104e-04 |   17
  1610 |  1.6100 |     839 |  1 |  0 |  0 |     10 |   0 |   0.2282 |   7.4 |  4.112e-04 |   17
  1620 |  1.6200 |     839 |  1 |  0 |  0 |     10 |   0 |   0.2211 |   7.8 |  4.112e-04 |   17
  1630 |  1.6300 |     839 |  1 |  0 |  0 |     10 |   0 |   0.2205 |   7.3 |  4.072e-04 |   17
[COLLISION] Detected 1 collision pairs
[COLLISION #18] Primary: O7-8 la+(63.7M☉) + Secondary: Unclassified(30.4M☉) | q=0.477 → Merged Star(61.6M☉) | retain=0.654 (H=0.70), bh_prob=0.104
[INFO] Processed 1 collisions. Total stars: 838
  1632 |  1.6320 |     838 |  1 |  0 |  0 |     11 |   0 |   0.2212 |   7.5 |  4.062e-04 |   18
  1640 |  1.6400 |     838 |  1 |  0 |  0 |     11 |   0 |   0.2271 |   7.2 |  4.060e-04 |   18
  1650 |  1.6500 |     838 |  1 |  0 |  0 |     11 |   0 |   0.2326 |   7.2 |  4.032e-04 |   18
  1660 |  1.6600 |     838 |  1 |  0 |  0 |     11 |   0 |   0.2343 |   7.4 |  4.041e-04 |   18
  1670 |  1.6700 |     838 |  1 |  0 |  0 |     11 |   0 |   0.2431 |   7.4 |  4.042e-04 |   18
  1680 |  1.6800 |     838 |  1 |  0 |  0 |     11 |   0 |   0.2299 |   7.5 |  4.020e-04 |   18
  1690 |  1.6900 |     838 |  1 |  0 |  0 |     11 |   0 |   0.2377 |   7.4 |  4.014e-04 |   18
  1700 |  1.7000 |     838 |  1 |  0 |  0 |     11 |   0 |   0.2479 |   6.9 |  3.997e-04 |   18
  1710 |  1.7100 |     838 |  1 |  0 |  0 |     11 |   0 |   0.2566 |   7.5 |  4.005e-04 |   18
[COLLISION] Detected 1 collision pairs
[COLLISION #19] Primary: O6-6.5 III(65.7M☉) + Secondary: Merged(61.6M☉) | q=0.937 → Black Hole(82.4M☉) | retain=0.648 (H=0.70), bh_prob=0.150
[INFO] Processed 1 collisions. Total stars: 837
  1720 |  1.7200 |     837 |  2 |  0 |  0 |     10 |   0 |   0.2395 |   7.2 |  4.069e-04 |   19
  1730 |  1.7300 |     837 |  2 |  0 |  0 |     10 |   0 |   0.2403 |   7.5 |  4.012e-04 |   19
[COLLISION] Detected 1 collision pairs
[COLLISION #20] Primary: O4-5 la+(35.5M☉) + Secondary: Unclassified(30.4M☉) | q=0.855 → Merged Star(42.7M☉) | retain=0.648 (H=0.70), bh_prob=0.093
[INFO] Processed 1 collisions. Total stars: 836
  1734 |  1.7340 |     836 |  2 |  0 |  0 |     11 |   0 |   0.2337 |   7.4 |  3.992e-04 |   20
  1740 |  1.7400 |     836 |  2 |  0 |  0 |     11 |   0 |   0.2298 |   7.1 |  4.000e-04 |   20
  1750 |  1.7500 |     836 |  2 |  0 |  0 |     11 |   0 |   0.2326 |   7.4 |  3.994e-04 |   20
  1760 |  1.7600 |     836 |  2 |  0 |  0 |     11 |   0 |   0.2403 |   7.3 |  3.999e-04 |   20
  1770 |  1.7700 |     836 |  2 |  0 |  0 |     11 |   0 |   0.2429 |   7.2 |  3.975e-04 |   20
  1780 |  1.7800 |     836 |  2 |  0 |  0 |     11 |   0 |   0.2357 |   6.7 |  3.970e-04 |   20
  1790 |  1.7900 |     836 |  2 |  0 |  0 |     11 |   0 |   0.2337 |   7.2 |  3.979e-04 |   20
  1800 |  1.8000 |     836 |  2 |  0 |  0 |     11 |   0 |   0.2352 |   7.2 |  3.961e-04 |   20
  1810 |  1.8100 |     836 |  2 |  0 |  0 |     11 |   0 |   0.2441 |   7.0 |  3.991e-04 |   20
[COLLISION] Detected 1 collision pairs
[COLLISION #21] Primary: O7-8 III-V(56.7M☉) + Secondary: Unclassified(30.4M☉) | q=0.536 → Merged Star(56.8M☉) | retain=0.652 (H=0.70), bh_prob=0.107
[INFO] Processed 1 collisions. Total stars: 835
  1817 |  1.8170 |     835 |  2 |  0 |  0 |     12 |   0 |   0.2596 |   7.2 |  3.990e-04 |   21
  1820 |  1.8200 |     835 |  2 |  0 |  0 |     12 |   0 |   0.2595 |   7.1 |  3.980e-04 |   21
  1830 |  1.8300 |     835 |  2 |  0 |  0 |     12 |   0 |   0.2523 |   6.6 |  3.997e-04 |   21
  1840 |  1.8400 |     835 |  2 |  0 |  0 |     12 |   0 |   0.2542 |   6.8 |  3.989e-04 |   21
  1850 |  1.8500 |     835 |  2 |  0 |  0 |     12 |   0 |   0.2604 |   6.7 |  3.988e-04 |   21
  1860 |  1.8600 |     835 |  2 |  0 |  0 |     12 |   0 |   0.2481 |   6.6 |  3.968e-04 |   21
  1870 |  1.8700 |     835 |  2 |  0 |  0 |     12 |   0 |   0.2377 |   7.3 |  3.985e-04 |   21
  1880 |  1.8800 |     835 |  2 |  0 |  0 |     12 |   0 |   0.2445 |   7.3 |  4.007e-04 |   21
  1890 |  1.8900 |     835 |  2 |  0 |  0 |     12 |   0 |   0.2528 |   6.8 |  4.024e-04 |   21
  1900 |  1.9000 |     835 |  2 |  0 |  0 |     12 |   0 |   0.2639 |   6.8 |  4.007e-04 |   21
  1910 |  1.9100 |     835 |  2 |  0 |  0 |     12 |   0 |   0.2567 |   7.0 |  4.032e-04 |   21
  1920 |  1.9200 |     835 |  2 |  0 |  0 |     12 |   0 |   0.2514 |   6.8 |  4.070e-04 |   21
  1930 |  1.9300 |     835 |  2 |  0 |  0 |     12 |   0 |   0.2551 |   6.6 |  4.034e-04 |   21
  1940 |  1.9400 |     835 |  2 |  0 |  0 |     12 |   0 |   0.2443 |   7.0 |  4.034e-04 |   21
  1950 |  1.9500 |     835 |  2 |  0 |  0 |     12 |   0 |   0.2410 |   7.1 |  4.015e-04 |   21
  1960 |  1.9600 |     835 |  2 |  0 |  0 |     12 |   0 |   0.2501 |   6.7 |  4.032e-04 |   21
[COLLISION] Detected 1 collision pairs
[BH COLLISION #22] BH(132.9M☉) + Unclassified(30.4M☉) → BH(163.2M☉) | retain=1.000, bh_prob=1.000
[INFO] Processed 1 collisions. Total stars: 834
  1963 |  1.9630 |     834 |  2 |  0 |  0 |     12 |   0 |   0.2499 |   6.8 |  4.032e-04 |   22
  1970 |  1.9700 |     834 |  2 |  0 |  0 |     12 |   0 |   0.2456 |   7.2 |  4.101e-04 |   22
  1980 |  1.9800 |     834 |  2 |  0 |  0 |     12 |   0 |   0.2509 |   7.6 |  4.084e-04 |   22
  1990 |  1.9900 |     834 |  2 |  0 |  0 |     12 |   0 |   0.2583 |   6.6 |  4.087e-04 |   22
  2000 |  2.0000 |     834 |  2 |  0 |  0 |     12 |   0 |   0.2592 |   6.7 |  4.115e-04 |   22
  2010 |  2.0100 |     834 |  2 |  0 |  0 |     12 |   0 |   0.2595 |   6.3 |  4.110e-04 |   22
  2020 |  2.0200 |     834 |  2 |  0 |  0 |     12 |   0 |   0.2497 |   6.6 |  4.131e-04 |   22
  2030 |  2.0300 |     834 |  2 |  0 |  0 |     12 |   0 |   0.2464 |   6.6 |  4.114e-04 |   22
  2040 |  2.0400 |     834 |  2 |  0 |  0 |     12 |   0 |   0.2478 |   6.8 |  4.129e-04 |   22
  2050 |  2.0500 |     834 |  2 |  0 |  0 |     12 |   0 |   0.2493 |   8.7 |  4.161e-04 |   22
  2060 |  2.0600 |     834 |  2 |  0 |  0 |     12 |   0 |   0.2596 |   7.2 |  4.167e-04 |   22
  2070 |  2.0700 |     834 |  2 |  0 |  0 |     12 |   0 |   0.2529 |  11.6 |  4.230e-04 |   22
  2080 |  2.0800 |     834 |  2 |  0 |  0 |     12 |   0 |   0.2671 |   7.0 |  4.177e-04 |   22
  2090 |  2.0900 |     834 |  2 |  0 |  0 |     12 |   0 |   0.2801 |   6.6 |  4.225e-04 |   22
  2100 |  2.1000 |     834 |  2 |  0 |  0 |     12 |   0 |   0.2712 |   7.3 |  4.220e-04 |   22
  2110 |  2.1100 |     834 |  2 |  0 |  0 |     12 |   0 |   0.2645 |   7.4 |  4.387e-04 |   22
  2120 |  2.1200 |     834 |  2 |  0 |  0 |     12 |   0 |   0.2608 |   7.2 |  4.330e-04 |   22
  2130 |  2.1300 |     834 |  2 |  0 |  0 |     12 |   0 |   0.2610 |   7.4 |  4.300e-04 |   22
  2140 |  2.1400 |     834 |  2 |  0 |  0 |     12 |   0 |   0.2619 |   8.7 |  4.329e-04 |   22
  2150 |  2.1500 |     834 |  2 |  0 |  0 |     12 |   0 |   0.2690 |   7.2 |  4.344e-04 |   22
  2160 |  2.1600 |     834 |  2 |  0 |  0 |     12 |   0 |   0.2649 |   7.4 |  4.360e-04 |   22
  2170 |  2.1700 |     834 |  2 |  0 |  0 |     12 |   0 |   0.2734 |   7.4 |  4.455e-04 |   22
  2180 |  2.1800 |     834 |  2 |  0 |  0 |     12 |   0 |   0.2760 |   8.0 |  4.394e-04 |   22
  2190 |  2.1900 |     834 |  2 |  0 |  0 |     12 |   0 |   0.2795 |   7.9 |  4.404e-04 |   22
  2200 |  2.2000 |     834 |  2 |  0 |  0 |     12 |   0 |   0.2834 |   7.6 |  4.588e-04 |   22
  2210 |  2.2100 |     834 |  2 |  0 |  0 |     12 |   0 |   0.2862 |   8.2 |  4.447e-04 |   22
  2220 |  2.2200 |     834 |  2 |  0 |  0 |     12 |   0 |   0.2802 |   7.9 |  4.673e-04 |   22
  2230 |  2.2300 |     834 |  2 |  0 |  0 |     12 |   0 |   0.2806 |   8.2 |  4.674e-04 |   22
  2240 |  2.2400 |     834 |  2 |  0 |  0 |     12 |   0 |   0.2817 |   8.6 |  4.515e-04 |   22
  2250 |  2.2500 |     834 |  2 |  0 |  0 |     12 |   0 |   0.2732 |   8.6 |  4.579e-04 |   22
  2260 |  2.2600 |     834 |  2 |  0 |  0 |     12 |   0 |   0.2778 |   7.6 |  4.648e-04 |   22
  2270 |  2.2700 |     834 |  2 |  0 |  0 |     12 |   0 |   0.2762 |   7.8 |  4.666e-04 |   22
  2280 |  2.2800 |     834 |  2 |  0 |  0 |     12 |   0 |   0.2762 |   7.9 |  4.737e-04 |   22
  2290 |  2.2900 |     834 |  2 |  0 |  0 |     12 |   0 |   0.2884 |   8.4 |  4.628e-04 |   22
  2300 |  2.3000 |     834 |  2 |  0 |  0 |     12 |   0 |   0.2853 |   7.6 |  4.716e-04 |   22
  2310 |  2.3100 |     834 |  2 |  0 |  0 |     12 |   0 |   0.2796 |   7.5 |  4.998e-04 |   22
  2320 |  2.3200 |     834 |  2 |  0 |  0 |     12 |   0 |   0.2746 |   7.8 |  4.948e-04 |   22
  2330 |  2.3300 |     834 |  2 |  0 |  0 |     12 |   0 |   0.2737 |   7.7 |  5.085e-04 |   22
  2340 |  2.3400 |     834 |  2 |  0 |  0 |     12 |   0 |   0.2897 |   8.2 |  5.134e-04 |   22
  2350 |  2.3500 |     834 |  2 |  0 |  0 |     12 |   0 |   0.2899 |   7.5 |  4.954e-04 |   22
  2360 |  2.3600 |     834 |  2 |  0 |  0 |     12 |   0 |   0.2884 |   8.0 |  4.864e-04 |   22
